This is pdfTeX, Version 3.14159265-2.6-1.40.21 (TeX Live 2020) (preloaded format=pdflatex 2020.8.15)  15 AUG 2020 09:36
entering extended mode
 restricted \write18 enabled.
 %&-line parsing enabled.
**2019_curse.tex
(./2019_curse.tex
LaTeX2e <2020-02-02> patch level 5
L3 programming layer <2020-08-07> (/home/danielle/.TinyTeX/texmf-dist/tex/latex
/apa6/apa6.cls
Document Class: apa6 2020/01/13 v2.34 APA formatting (6th edition)
(/home/danielle/.TinyTeX/texmf-dist/tex/latex/base/article.cls
Document Class: article 2019/12/20 v1.4l Standard LaTeX document class
(/home/danielle/.TinyTeX/texmf-dist/tex/latex/base/size11.clo
File: size11.clo 2019/12/20 v1.4l Standard LaTeX file (size option)
)
\c@part=\count168
\c@section=\count169
\c@subsection=\count170
\c@subsubsection=\count171
\c@paragraph=\count172
\c@subparagraph=\count173
\c@figure=\count174
\c@table=\count175
\abovecaptionskip=\skip47
\belowcaptionskip=\skip48
\bibindent=\dimen134
) (/home/danielle/.TinyTeX/texmf-dist/tex/latex/etoolbox/etoolbox.sty
Package: etoolbox 2020/07/15 v2.5i e-TeX tools for LaTeX (JAW)
\etb@tempcnta=\count176
)
Class apa6 Info: No bibliography package was specified; defaulting to (but not 
loading) Biblatex on input line 213.
(/home/danielle/.TinyTeX/texmf-dist/tex/latex/lm/lmodern.sty
Package: lmodern 2009/10/30 v1.6 Latin Modern Fonts
LaTeX Font Info:    Overwriting symbol font `operators' in version `normal'
(Font)                  OT1/cmr/m/n --> OT1/lmr/m/n on input line 22.
LaTeX Font Info:    Overwriting symbol font `letters' in version `normal'
(Font)                  OML/cmm/m/it --> OML/lmm/m/it on input line 23.
LaTeX Font Info:    Overwriting symbol font `symbols' in version `normal'
(Font)                  OMS/cmsy/m/n --> OMS/lmsy/m/n on input line 24.
LaTeX Font Info:    Overwriting symbol font `largesymbols' in version `normal'
(Font)                  OMX/cmex/m/n --> OMX/lmex/m/n on input line 25.
LaTeX Font Info:    Overwriting symbol font `operators' in version `bold'
(Font)                  OT1/cmr/bx/n --> OT1/lmr/bx/n on input line 26.
LaTeX Font Info:    Overwriting symbol font `letters' in version `bold'
(Font)                  OML/cmm/b/it --> OML/lmm/b/it on input line 27.
LaTeX Font Info:    Overwriting symbol font `symbols' in version `bold'
(Font)                  OMS/cmsy/b/n --> OMS/lmsy/b/n on input line 28.
LaTeX Font Info:    Overwriting symbol font `largesymbols' in version `bold'
(Font)                  OMX/cmex/m/n --> OMX/lmex/m/n on input line 29.
LaTeX Font Info:    Overwriting math alphabet `\mathbf' in version `normal'
(Font)                  OT1/cmr/bx/n --> OT1/lmr/bx/n on input line 31.
LaTeX Font Info:    Overwriting math alphabet `\mathsf' in version `normal'
(Font)                  OT1/cmss/m/n --> OT1/lmss/m/n on input line 32.
LaTeX Font Info:    Overwriting math alphabet `\mathit' in version `normal'
(Font)                  OT1/cmr/m/it --> OT1/lmr/m/it on input line 33.
LaTeX Font Info:    Overwriting math alphabet `\mathtt' in version `normal'
(Font)                  OT1/cmtt/m/n --> OT1/lmtt/m/n on input line 34.
LaTeX Font Info:    Overwriting math alphabet `\mathbf' in version `bold'
(Font)                  OT1/cmr/bx/n --> OT1/lmr/bx/n on input line 35.
LaTeX Font Info:    Overwriting math alphabet `\mathsf' in version `bold'
(Font)                  OT1/cmss/bx/n --> OT1/lmss/bx/n on input line 36.
LaTeX Font Info:    Overwriting math alphabet `\mathit' in version `bold'
(Font)                  OT1/cmr/bx/it --> OT1/lmr/bx/it on input line 37.
LaTeX Font Info:    Overwriting math alphabet `\mathtt' in version `bold'
(Font)                  OT1/cmtt/m/n --> OT1/lmtt/m/n on input line 38.
) (/home/danielle/.TinyTeX/texmf-dist/tex/latex/base/fontenc.sty
Package: fontenc 2020/02/11 v2.0o Standard LaTeX package
LaTeX Font Info:    Trying to load font information for T1+lmr on input line 11
2.
(/home/danielle/.TinyTeX/texmf-dist/tex/latex/lm/t1lmr.fd
File: t1lmr.fd 2009/10/30 v1.6 Font defs for Latin Modern
)) (/home/danielle/.TinyTeX/texmf-dist/tex/latex/geometry/geometry.sty
Package: geometry 2020/01/02 v5.9 Page Geometry
(/home/danielle/.TinyTeX/texmf-dist/tex/latex/graphics/keyval.sty
Package: keyval 2014/10/28 v1.15 key=value parser (DPC)
\KV@toks@=\toks15
) (/home/danielle/.TinyTeX/texmf-dist/tex/generic/iftex/ifvtex.sty
Package: ifvtex 2019/10/25 v1.7 ifvtex legacy package. Use iftex instead.
(/home/danielle/.TinyTeX/texmf-dist/tex/generic/iftex/iftex.sty
Package: iftex 2020/03/06 v1.0d TeX engine tests
))
\Gm@cnth=\count177
\Gm@cntv=\count178
\c@Gm@tempcnt=\count179
\Gm@bindingoffset=\dimen135
\Gm@wd@mp=\dimen136
\Gm@odd@mp=\dimen137
\Gm@even@mp=\dimen138
\Gm@layoutwidth=\dimen139
\Gm@layoutheight=\dimen140
\Gm@layouthoffset=\dimen141
\Gm@layoutvoffset=\dimen142
\Gm@dimlist=\toks16
) (/home/danielle/.TinyTeX/texmf-dist/tex/latex/graphics/graphicx.sty
Package: graphicx 2019/11/30 v1.2a Enhanced LaTeX Graphics (DPC,SPQR)
(/home/danielle/.TinyTeX/texmf-dist/tex/latex/graphics/graphics.sty
Package: graphics 2019/11/30 v1.4a Standard LaTeX Graphics (DPC,SPQR)
(/home/danielle/.TinyTeX/texmf-dist/tex/latex/graphics/trig.sty
Package: trig 2016/01/03 v1.10 sin cos tan (DPC)
) (/home/danielle/.TinyTeX/texmf-dist/tex/latex/graphics-cfg/graphics.cfg
File: graphics.cfg 2016/06/04 v1.11 sample graphics configuration
)
Package graphics Info: Driver file: pdftex.def on input line 105.
(/home/danielle/.TinyTeX/texmf-dist/tex/latex/graphics-def/pdftex.def
File: pdftex.def 2018/01/08 v1.0l Graphics/color driver for pdftex
))
\Gin@req@height=\dimen143
\Gin@req@width=\dimen144
) (/home/danielle/.TinyTeX/texmf-dist/tex/latex/booktabs/booktabs.sty
Package: booktabs 2020/01/12 v1.61803398 Publication quality tables
\heavyrulewidth=\dimen145
\lightrulewidth=\dimen146
\cmidrulewidth=\dimen147
\belowrulesep=\dimen148
\belowbottomsep=\dimen149
\aboverulesep=\dimen150
\abovetopsep=\dimen151
\cmidrulesep=\dimen152
\cmidrulekern=\dimen153
\defaultaddspace=\dimen154
\@cmidla=\count180
\@cmidlb=\count181
\@aboverulesep=\dimen155
\@belowrulesep=\dimen156
\@thisruleclass=\count182
\@lastruleclass=\count183
\@thisrulewidth=\dimen157
)
(/home/danielle/.TinyTeX/texmf-dist/tex/latex/threeparttable/threeparttable.sty
Package: threeparttable 2003/06/13  v 3.0
\@tempboxb=\box45
)
\b@level@one@skip=\skip49
\e@level@one@skip=\skip50
\b@level@two@skip=\skip51
\e@level@two@skip=\skip52
\b@level@three@skip=\skip53
\e@level@three@skip=\skip54
\b@level@four@skip=\skip55
\e@level@four@skip=\skip56
\b@level@five@skip=\skip57
\e@level@five@skip=\skip58
(/home/danielle/.TinyTeX/texmf-dist/tex/latex/caption/caption.sty
Package: caption 2020/05/30 v3.4k Customizing captions (AR)
(/home/danielle/.TinyTeX/texmf-dist/tex/latex/caption/caption3.sty
Package: caption3 2020/07/20 v1.12b caption3 kernel (AR)
Package caption3 Info: TeX engine: e-TeX on input line 61.
\captionmargin=\dimen158
\captionmargin@=\dimen159
\captionwidth=\dimen160
\caption@tempdima=\dimen161
\caption@indent=\dimen162
\caption@parindent=\dimen163
\caption@hangindent=\dimen164
Package caption Info: Standard document class detected.
)
\c@caption@flags=\count184
\c@continuedfloat=\count185
Package caption Info: threeparttable package is loaded.
)
\c@APAenum=\count186
\@text@par@indent=\skip59
\gr@box=\box46
\gr@boxwidth=\skip60
\gr@boxheight=\skip61
(/home/danielle/.TinyTeX/texmf-dist/tex/latex/tools/bm.sty
Package: bm 2019/07/24 v1.2d Bold Symbol Support (DPC/FMi)
\symboldoperators=\mathgroup4
\symboldletters=\mathgroup5
\symboldsymbols=\mathgroup6
LaTeX Font Info:    Redeclaring math alphabet \mathbf on input line 141.
LaTeX Info: Redefining \bm on input line 209.
)
\c@appendix=\count187
(/home/danielle/.TinyTeX/texmf-dist/tex/latex/fancyhdr/fancyhdr.sty
Package: fancyhdr 2019/01/31 v3.10 Extensive control of page headers and footer
s
\f@nch@headwidth=\skip62
\f@nch@O@elh=\skip63
\f@nch@O@erh=\skip64
\f@nch@O@olh=\skip65
\f@nch@O@orh=\skip66
\f@nch@O@elf=\skip67
\f@nch@O@erf=\skip68
\f@nch@O@olf=\skip69
\f@nch@O@orf=\skip70
)) (/home/danielle/.TinyTeX/texmf-dist/tex/generic/babel/babel.sty
Package: babel 2020/07/13 3.47 The Babel package
(/home/danielle/.TinyTeX/texmf-dist/tex/generic/babel/babel.def
File: babel.def 2020/07/13 3.47 Babel common definitions
\babel@savecnt=\count188
\U@D=\dimen165
\l@babelnohyphens=\language3
(/home/danielle/.TinyTeX/texmf-dist/tex/generic/babel/txtbabel.def)
\bbl@readstream=\read2
)
\bbl@dirlevel=\count189
(/home/danielle/.TinyTeX/texmf-dist/tex/generic/babel-english/english.ldf
Language: english 2017/06/06 v3.3r English support from the babel system
Package babel Info: \l@british = using hyphenrules for english
(babel)             (\language0) on input line 82.
Package babel Info: \l@UKenglish = using hyphenrules for english
(babel)             (\language0) on input line 83.
Package babel Info: \l@canadian = using hyphenrules for english
(babel)             (\language0) on input line 102.
Package babel Info: \l@australian = using hyphenrules for english
(babel)             (\language0) on input line 105.
Package babel Info: \l@newzealand = using hyphenrules for english
(babel)             (\language0) on input line 108.
)) (/home/danielle/.TinyTeX/texmf-dist/tex/latex/graphics/color.sty
Package: color 2019/11/23 v1.2a Standard LaTeX Color (DPC)
(/home/danielle/.TinyTeX/texmf-dist/tex/latex/graphics-cfg/color.cfg
File: color.cfg 2016/01/02 v1.6 sample color configuration
)
Package color Info: Driver file: pdftex.def on input line 147.
) (/home/danielle/.TinyTeX/texmf-dist/tex/latex/soul/soul.sty
Package: soul 2003/11/17 v2.4 letterspacing/underlining (mf)
\SOUL@word=\toks17
\SOUL@lasttoken=\toks18
\SOUL@cmds=\toks19
\SOUL@buffer=\toks20
\SOUL@token=\toks21
\SOUL@spaceskip=\skip71
\SOUL@ttwidth=\dimen166
\SOUL@uldp=\dimen167
\SOUL@ulht=\dimen168
) (/home/danielle/.TinyTeX/texmf-dist/tex/latex/blindtext/blindtext.sty
Package: blindtext 2012/01/06 V2.0 blindtext-Package
(/home/danielle/.TinyTeX/texmf-dist/tex/latex/tools/xspace.sty
Package: xspace 2014/10/28 v1.13 Space after command names (DPC,MH)
)
\c@blindtext=\count190
\c@Blindtext=\count191
\c@blind@countparstart=\count192
\blind@countxx=\count193
\blindtext@numBlindtext=\count194
\blind@countyy=\count195
\c@blindlist=\count196
\c@blindlistlevel=\count197
\c@blindlist@level=\count198
\blind@listitem=\count199
\c@blind@listcount=\count266
\c@blind@levelcount=\count267
\blind@mathformula=\count268
\blind@Mathformula=\count269
\c@blind@randomcount=\count270
\c@blind@randommax=\count271
\c@blind@pangramcount=\count272
\c@blind@pangrammax=\count273
) (/home/danielle/.TinyTeX/texmf-dist/tex/latex/apacite/apacite.sty
Package: apacite 2013/07/21 v6.03 APA citation
\c@BibCnt=\count274
\bibleftmargin=\skip72
\bibindent=\skip73
\bibparsep=\skip74
\bibitemsep=\skip75
\biblabelsep=\skip76
) (/home/danielle/.TinyTeX/texmf-dist/tex/latex/amsmath/amsmath.sty
Package: amsmath 2020/01/20 v2.17e AMS math features
\@mathmargin=\skip77
For additional information on amsmath, use the `?' option.
(/home/danielle/.TinyTeX/texmf-dist/tex/latex/amsmath/amstext.sty
Package: amstext 2000/06/29 v2.01 AMS text
(/home/danielle/.TinyTeX/texmf-dist/tex/latex/amsmath/amsgen.sty
File: amsgen.sty 1999/11/30 v2.0 generic functions
\@emptytoks=\toks22
\ex@=\dimen169
)
LaTeX Info: Redefining \text on input line 28.
) (/home/danielle/.TinyTeX/texmf-dist/tex/latex/amsmath/amsbsy.sty
Package: amsbsy 1999/11/29 v1.2d Bold Symbols
LaTeX Info: Redefining \boldsymbol on input line 28.
\pmbraise@=\dimen170
) (/home/danielle/.TinyTeX/texmf-dist/tex/latex/amsmath/amsopn.sty
Package: amsopn 2016/03/08 v2.02 operator names
)
\inf@bad=\count275
LaTeX Info: Redefining \frac on input line 227.
\uproot@=\count276
\leftroot@=\count277
LaTeX Info: Redefining \overline on input line 389.
\classnum@=\count278
\DOTSCASE@=\count279
LaTeX Info: Redefining \ldots on input line 486.
LaTeX Info: Redefining \dots on input line 489.
LaTeX Info: Redefining \cdots on input line 610.
\Mathstrutbox@=\box47
\strutbox@=\box48
\big@size=\dimen171
LaTeX Font Info:    Redeclaring font encoding OML on input line 733.
LaTeX Font Info:    Redeclaring font encoding OMS on input line 734.
\macc@depth=\count280
\c@MaxMatrixCols=\count281
\dotsspace@=\muskip16
\c@parentequation=\count282
\dspbrk@lvl=\count283
\tag@help=\toks23
\row@=\count284
\column@=\count285
\maxfields@=\count286
\andhelp@=\toks24
\eqnshift@=\dimen172
\alignsep@=\dimen173
\tagshift@=\dimen174
\tagwidth@=\dimen175
\totwidth@=\dimen176
\lineht@=\dimen177
\@envbody=\toks25
\multlinegap=\skip78
\multlinetaggap=\skip79
\mathdisplay@stack=\toks26
LaTeX Info: Redefining \[ on input line 2859.
LaTeX Info: Redefining \] on input line 2860.
) (/home/danielle/.TinyTeX/texmf-dist/tex/latex/multirow/multirow.sty
Package: multirow 2019/05/31 v2.5 Span multiple rows of a table
\multirow@colwidth=\skip80
\multirow@cntb=\count287
\multirow@dima=\skip81
\bigstrutjot=\dimen178
) (/home/danielle/.TinyTeX/texmf-dist/tex/latex/setspace/setspace.sty
Package: setspace 2011/12/19 v6.7a set line spacing
) (/home/danielle/.TinyTeX/texmf-dist/tex/latex/caption/subcaption.sty
Package: subcaption 2020/01/22 v1.3d Sub-captions (AR)
\c@subfigure=\count288
\c@subtable=\count289
)
(/home/danielle/.TinyTeX/texmf-dist/tex/latex/draftwatermark/draftwatermark.sty
Package: draftwatermark 2020/06/29 2.2 Put a gray textual watermark on document
 pages
(/home/danielle/.TinyTeX/texmf-dist/tex/latex/kvoptions/kvoptions.sty
Package: kvoptions 2019/11/29 v3.13 Key value format for package options (HO)
(/home/danielle/.TinyTeX/texmf-dist/tex/generic/ltxcmds/ltxcmds.sty
Package: ltxcmds 2019/12/15 v1.24 LaTeX kernel commands for general use (HO)
) (/home/danielle/.TinyTeX/texmf-dist/tex/generic/kvsetkeys/kvsetkeys.sty
Package: kvsetkeys 2019/12/15 v1.18 Key value parser (HO)
)) (/home/danielle/.TinyTeX/texmf-dist/tex/latex/everypage/everypage.sty
Package: everypage 2007/06/20 1.1 Hooks to run on every page
)) (/home/danielle/.TinyTeX/texmf-dist/tex/latex/l3backend/l3backend-pdfmode.de
f
File: l3backend-pdfmode.def 2020-08-07 L3 backend support: PDF mode
\l__kernel_color_stack_int=\count290
\l__pdf_internal_box=\box49
) (./2019_curse.aux)
\openout1 = `2019_curse.aux'.

LaTeX Font Info:    Checking defaults for OML/cmm/m/it on input line 45.
LaTeX Font Info:    ... okay on input line 45.
LaTeX Font Info:    Checking defaults for OMS/cmsy/m/n on input line 45.
LaTeX Font Info:    ... okay on input line 45.
LaTeX Font Info:    Checking defaults for OT1/cmr/m/n on input line 45.
LaTeX Font Info:    ... okay on input line 45.
LaTeX Font Info:    Checking defaults for T1/cmr/m/n on input line 45.
LaTeX Font Info:    ... okay on input line 45.
LaTeX Font Info:    Checking defaults for TS1/cmr/m/n on input line 45.
LaTeX Font Info:    ... okay on input line 45.
LaTeX Font Info:    Checking defaults for OMX/cmex/m/n on input line 45.
LaTeX Font Info:    ... okay on input line 45.
LaTeX Font Info:    Checking defaults for U/cmr/m/n on input line 45.
LaTeX Font Info:    ... okay on input line 45.
*geometry* driver: auto-detecting
*geometry* detected driver: pdftex
*geometry* verbose mode - [ preamble ] result:
* driver: pdftex
* paper: a4paper
* layout: <same size as paper>
* layoutoffset:(h,v)=(0.0pt,0.0pt)
* modes: 
* h-part:(L,W,R)=(72.26999pt, 452.9679pt, 72.26999pt)
* v-part:(T,H,B)=(72.26999pt, 700.50687pt, 72.26999pt)
* \paperwidth=597.50787pt
* \paperheight=845.04684pt
* \textwidth=433.62pt
* \textheight=614.295pt
* \oddsidemargin=18.06749pt
* \evensidemargin=18.06749pt
* \topmargin=-18.06749pt
* \headheight=15.2pt
* \headsep=25.0pt
* \topskip=11.0pt
* \footskip=30.0pt
* \marginparwidth=59.0pt
* \marginparsep=10.0pt
* \columnsep=10.0pt
* \skip\footins=10.0pt plus 4.0pt minus 2.0pt
* \hoffset=0.0pt
* \voffset=0.0pt
* \mag=1000
* \@twocolumnfalse
* \@twosidefalse
* \@mparswitchfalse
* \@reversemarginfalse
* (1in=72.27pt=25.4mm, 1cm=28.453pt)

(/home/danielle/.TinyTeX/texmf-dist/tex/latex/epstopdf-pkg/epstopdf-base.sty
Package: epstopdf-base 2020-01-24 v2.11 Base part for package epstopdf
Package epstopdf-base Info: Redefining graphics rule for `.eps' on input line 4
85.
(/home/danielle/.TinyTeX/texmf-dist/tex/latex/latexconfig/epstopdf-sys.cfg
File: epstopdf-sys.cfg 2010/07/13 v1.3 Configuration of (r)epstopdf for TeX Liv
e
)) (/home/danielle/.TinyTeX/texmf-dist/tex/latex/apa6/config/APAamerican.txt
File: APAamerican.txt 2012/02/23 v1.25 apa6 configuration for American English
)
Package caption Info: Begin \AtBeginDocument code.
Package caption Info: End \AtBeginDocument code.
\c@maskedRefs=\count291
(/home/danielle/.TinyTeX/texmf-dist/tex/latex/apacite/english.apc
File: english.apc 2013/07/21 v6.03 apacite language file
LaTeX Info: Redefining \BPBI on input line 129.
LaTeX Info: Redefining \BHBI on input line 130.
)
Class apa6 Info: Keywords not defined on input line 47.
Using title for running head
LaTeX Font Info:    Trying to load font information for OT1+lmr on input line 4
7.
(/home/danielle/.TinyTeX/texmf-dist/tex/latex/lm/ot1lmr.fd
File: ot1lmr.fd 2009/10/30 v1.6 Font defs for Latin Modern
)
LaTeX Font Info:    Trying to load font information for OML+lmm on input line 4
7.
(/home/danielle/.TinyTeX/texmf-dist/tex/latex/lm/omllmm.fd
File: omllmm.fd 2009/10/30 v1.6 Font defs for Latin Modern
)
LaTeX Font Info:    Trying to load font information for OMS+lmsy on input line 
47.
(/home/danielle/.TinyTeX/texmf-dist/tex/latex/lm/omslmsy.fd
File: omslmsy.fd 2009/10/30 v1.6 Font defs for Latin Modern
)
LaTeX Font Info:    Trying to load font information for OMX+lmex on input line 
47.
(/home/danielle/.TinyTeX/texmf-dist/tex/latex/lm/omxlmex.fd
File: omxlmex.fd 2009/10/30 v1.6 Font defs for Latin Modern
)
LaTeX Font Info:    External font `lmex10' loaded for size
(Font)              <10.95> on input line 47.
LaTeX Font Info:    External font `lmex10' loaded for size
(Font)              <8> on input line 47.
LaTeX Font Info:    External font `lmex10' loaded for size
(Font)              <6> on input line 47.
[1{/home/danielle/.TinyTeX/texmf-var/fonts/map/pdftex/updmap/pdftex.map}

] [2] [3]
<figures/stimuli.png, id=22, 1405.25pt x 1003.75pt>
File: figures/stimuli.png Graphic file (type png)
<use figures/stimuli.png>
Package pdftex.def Info: figures/stimuli.png  used on input line 84.
(pdftex.def)             Requested size: 346.89731pt x 247.7818pt.
LaTeX Font Info:    Trying to load font information for T1+lmss on input line 9
3.
(/home/danielle/.TinyTeX/texmf-dist/tex/latex/lm/t1lmss.fd
File: t1lmss.fd 2009/10/30 v1.6 Font defs for Latin Modern
) [4 <./figures/stimuli.png>]
<figures/experiment-trial.png, id=31, 1371.1225pt x 770.88pt>
File: figures/experiment-trial.png Graphic file (type png)
<use figures/experiment-trial.png>
Package pdftex.def Info: figures/experiment-trial.png  used on input line 103.
(pdftex.def)             Requested size: 390.25534pt x 219.40901pt.
LaTeX Font Info:    External font `lmex10' loaded for size
(Font)              <9> on input line 111.
LaTeX Font Info:    External font `lmex10' loaded for size
(Font)              <5> on input line 111.
[5 <./figures/experiment-trial.png>]
<figures/mean-performance-experiment-one.pdf, id=39, 505.89pt x 505.89pt>
File: figures/mean-performance-experiment-one.pdf Graphic file (type pdf)
<use figures/mean-performance-experiment-one.pdf>
Package pdftex.def Info: figures/mean-performance-experiment-one.pdf  used on i
nput line 119.
(pdftex.def)             Requested size: 325.215pt x 325.2197pt.

Underfull \vbox (badness 10000) has occurred while \output is active []

[6 <./figures/mean-performance-experiment-one.pdf>] [7]

LaTeX Font Warning: Font shape `T1/lmr/m/scit' undefined
(Font)              using `T1/lmr/m/scsl' instead on input line 146.


LaTeX Font Warning: Font shape `T1/lmr/m/scit' undefined
(Font)              using `T1/lmr/m/scsl' instead on input line 146.


LaTeX Font Warning: Font shape `T1/lmr/m/scit' undefined
(Font)              using `T1/lmr/m/scsl' instead on input line 146.

[8]
<figures/mean-performance-experiment-two.pdf, id=59, 505.89pt x 505.89pt>
File: figures/mean-performance-experiment-two.pdf Graphic file (type pdf)
<use figures/mean-performance-experiment-two.pdf>
Package pdftex.def Info: figures/mean-performance-experiment-two.pdf  used on i
nput line 180.
(pdftex.def)             Requested size: 325.215pt x 325.2197pt.
[9] [10 <./figures/mean-performance-experiment-two.pdf>] [11] [12]
LaTeX Font Info:    Trying to load font information for T1+lmtt on input line 2
48.
(/home/danielle/.TinyTeX/texmf-dist/tex/latex/lm/t1lmtt.fd
File: t1lmtt.fd 2009/10/30 v1.6 Font defs for Latin Modern
) [13]
<figures/human-model-correlation-experiment-one.pdf, id=86, 505.89pt x 505.89pt
>
File: figures/human-model-correlation-experiment-one.pdf Graphic file (type pdf
)
<use figures/human-model-correlation-experiment-one.pdf>
Package pdftex.def Info: figures/human-model-correlation-experiment-one.pdf  us
ed on input line 295.
(pdftex.def)             Requested size: 303.53267pt x 303.53633pt.
[14]
<figures/human-model-correlation-experiment-two.pdf, id=90, 505.89pt x 505.89pt
>
File: figures/human-model-correlation-experiment-two.pdf Graphic file (type pdf
)
<use figures/human-model-correlation-experiment-two.pdf>
Package pdftex.def Info: figures/human-model-correlation-experiment-two.pdf  us
ed on input line 303.
(pdftex.def)             Requested size: 303.53267pt x 303.53633pt.

LaTeX Warning: `!h' float specifier changed to `!ht'.

[15 <./figures/human-model-correlation-experiment-one.pdf>]
<figures/individual-model-prop-by-structure-and-dim-experiment-one.pdf, id=100,
 722.7pt x 722.7pt>
File: figures/individual-model-prop-by-structure-and-dim-experiment-one.pdf Gra
phic file (type pdf)
<use figures/individual-model-prop-by-structure-and-dim-experiment-one.pdf>
Package pdftex.def Info: figures/individual-model-prop-by-structure-and-dim-exp
eriment-one.pdf  used on input line 321.
(pdftex.def)             Requested size: 195.12767pt x 195.12057pt.
<figures/individual-model-prop-by-structure-and-dim-experiment-two.pdf, id=101,
 722.7pt x 722.7pt>
File: figures/individual-model-prop-by-structure-and-dim-experiment-two.pdf Gra
phic file (type pdf)
<use figures/individual-model-prop-by-structure-and-dim-experiment-two.pdf>
Package pdftex.def Info: figures/individual-model-prop-by-structure-and-dim-exp
eriment-two.pdf  used on input line 326.
(pdftex.def)             Requested size: 195.12767pt x 195.12057pt.
[16 <./figures/human-model-correlation-experiment-two.pdf>] [17 <./figures/indi
vidual-model-prop-by-structure-and-dim-experiment-one.pdf> <./figures/individua
l-model-prop-by-structure-and-dim-experiment-two.pdf>] [18] [19] (./2019_curse.
bbl [20]
Underfull \hbox (badness 1320) in paragraph at lines 812--828
[]\T1/lmr/m/n/10.95 Morey, R. D., & Rouder, J. N.  (2015).  BayesFac-tor: Com-p
u-ta-tion of Bayes
 []


Underfull \hbox (badness 1895) in paragraph at lines 812--828
\T1/lmr/m/n/10.95 Fac-tors for Com-mon De-signs [Com-puter soft-ware man-ual]. 
 Re-trieved from
 []

[21])
<figures/stim-prob-performance.pdf, id=137, 505.89pt x 505.89pt>
File: figures/stim-prob-performance.pdf Graphic file (type pdf)
<use figures/stim-prob-performance.pdf>
Package pdftex.def Info: figures/stim-prob-performance.pdf  used on input line 
397.
(pdftex.def)             Requested size: 390.25534pt x 390.2621pt.

LaTeX Warning: `!h' float specifier changed to `!ht'.

[22] [23 <./figures/stim-prob-performance.pdf>] (./2019_curse.aux) ) 
Here is how much of TeX's memory you used:
 6924 strings out of 482841
 105187 string characters out of 5957101
 381919 words of memory out of 5000000
 22114 multiletter control sequences out of 15000+600000
 641985 words of font info for 85 fonts, out of 8000000 for 9000
 14 hyphenation exceptions out of 8191
 46i,12n,51p,2048b,457s stack positions out of 5000i,500n,10000p,200000b,80000s
{/home/dani
elle/.TinyTeX/texmf-dist/fonts/enc/dvips/lm/lm-ec.enc}{/home/danielle/.TinyTeX/
texmf-dist/fonts/enc/dvips/lm/lm-mathit.enc}{/home/danielle/.TinyTeX/texmf-dist
/fonts/enc/dvips/lm/lm-mathex.enc}{/home/danielle/.TinyTeX/texmf-dist/fonts/enc
/dvips/lm/lm-rm.enc}{/home/danielle/.TinyTeX/texmf-dist/fonts/enc/dvips/lm/lm-m
athsy.enc}</home/danielle/.TinyTeX/texmf-dist/fonts/type1/public/lm/lmbx10.pfb>
</home/danielle/.TinyTeX/texmf-dist/fonts/type1/public/lm/lmbx8.pfb></home/dani
elle/.TinyTeX/texmf-dist/fonts/type1/public/lm/lmcsc10.pfb></home/danielle/.Tin
yTeX/texmf-dist/fonts/type1/public/lm/lmcsco10.pfb></home/danielle/.TinyTeX/tex
mf-dist/fonts/type1/public/lm/lmex10.pfb></home/danielle/.TinyTeX/texmf-dist/fo
nts/type1/public/lm/lmmi10.pfb></home/danielle/.TinyTeX/texmf-dist/fonts/type1/
public/lm/lmmi6.pfb></home/danielle/.TinyTeX/texmf-dist/fonts/type1/public/lm/l
mmi8.pfb></home/danielle/.TinyTeX/texmf-dist/fonts/type1/public/lm/lmmi9.pfb></
home/danielle/.TinyTeX/texmf-dist/fonts/type1/public/lm/lmmib10.pfb></home/dani
elle/.TinyTeX/texmf-dist/fonts/type1/public/lm/lmr10.pfb></home/danielle/.TinyT
eX/texmf-dist/fonts/type1/public/lm/lmr17.pfb></home/danielle/.TinyTeX/texmf-di
st/fonts/type1/public/lm/lmr6.pfb></home/danielle/.TinyTeX/texmf-dist/fonts/typ
e1/public/lm/lmr7.pfb></home/danielle/.TinyTeX/texmf-dist/fonts/type1/public/lm
/lmr8.pfb></home/danielle/.TinyTeX/texmf-dist/fonts/type1/public/lm/lmr9.pfb></
home/danielle/.TinyTeX/texmf-dist/fonts/type1/public/lm/lmri10.pfb></home/danie
lle/.TinyTeX/texmf-dist/fonts/type1/public/lm/lmss10.pfb></home/danielle/.TinyT
eX/texmf-dist/fonts/type1/public/lm/lmsy10.pfb></home/danielle/.TinyTeX/texmf-d
ist/fonts/type1/public/lm/lmtt10.pfb>
Output written on 2019_curse.pdf (23 pages, 610015 bytes).
PDF statistics:
 222 PDF objects out of 1000 (max. 8388607)
 157 compressed objects within 2 object streams
 0 named destinations out of 1000 (max. 500000)
 46 words of extra memory for PDF output out of 10000 (max. 10000000)

