This is pdfTeX, Version 3.14159265-2.6-1.40.21 (TeX Live 2020) (preloaded format=pdflatex 2020.8.15)  15 AUG 2020 09:29
entering extended mode
 restricted \write18 enabled.
 %&-line parsing enabled.
**2017_descriptivebayes.tex
(./2017_descriptivebayes.tex
LaTeX2e <2020-02-02> patch level 5
L3 programming layer <2020-08-07> (/home/danielle/.TinyTeX/texmf-dist/tex/latex
/apa6/apa6.cls
Document Class: apa6 2020/01/13 v2.34 APA formatting (6th edition)
(/home/danielle/.TinyTeX/texmf-dist/tex/latex/base/article.cls
Document Class: article 2019/12/20 v1.4l Standard LaTeX document class
(/home/danielle/.TinyTeX/texmf-dist/tex/latex/base/size11.clo
File: size11.clo 2019/12/20 v1.4l Standard LaTeX file (size option)
)
\c@part=\count168
\c@section=\count169
\c@subsection=\count170
\c@subsubsection=\count171
\c@paragraph=\count172
\c@subparagraph=\count173
\c@figure=\count174
\c@table=\count175
\abovecaptionskip=\skip47
\belowcaptionskip=\skip48
\bibindent=\dimen134
) (/home/danielle/.TinyTeX/texmf-dist/tex/latex/etoolbox/etoolbox.sty
Package: etoolbox 2020/07/15 v2.5i e-TeX tools for LaTeX (JAW)
\etb@tempcnta=\count176
)
Class apa6 Info: No bibliography package was specified; defaulting to (but not 
loading) Biblatex on input line 213.
(/home/danielle/.TinyTeX/texmf-dist/tex/latex/lm/lmodern.sty
Package: lmodern 2009/10/30 v1.6 Latin Modern Fonts
LaTeX Font Info:    Overwriting symbol font `operators' in version `normal'
(Font)                  OT1/cmr/m/n --> OT1/lmr/m/n on input line 22.
LaTeX Font Info:    Overwriting symbol font `letters' in version `normal'
(Font)                  OML/cmm/m/it --> OML/lmm/m/it on input line 23.
LaTeX Font Info:    Overwriting symbol font `symbols' in version `normal'
(Font)                  OMS/cmsy/m/n --> OMS/lmsy/m/n on input line 24.
LaTeX Font Info:    Overwriting symbol font `largesymbols' in version `normal'
(Font)                  OMX/cmex/m/n --> OMX/lmex/m/n on input line 25.
LaTeX Font Info:    Overwriting symbol font `operators' in version `bold'
(Font)                  OT1/cmr/bx/n --> OT1/lmr/bx/n on input line 26.
LaTeX Font Info:    Overwriting symbol font `letters' in version `bold'
(Font)                  OML/cmm/b/it --> OML/lmm/b/it on input line 27.
LaTeX Font Info:    Overwriting symbol font `symbols' in version `bold'
(Font)                  OMS/cmsy/b/n --> OMS/lmsy/b/n on input line 28.
LaTeX Font Info:    Overwriting symbol font `largesymbols' in version `bold'
(Font)                  OMX/cmex/m/n --> OMX/lmex/m/n on input line 29.
LaTeX Font Info:    Overwriting math alphabet `\mathbf' in version `normal'
(Font)                  OT1/cmr/bx/n --> OT1/lmr/bx/n on input line 31.
LaTeX Font Info:    Overwriting math alphabet `\mathsf' in version `normal'
(Font)                  OT1/cmss/m/n --> OT1/lmss/m/n on input line 32.
LaTeX Font Info:    Overwriting math alphabet `\mathit' in version `normal'
(Font)                  OT1/cmr/m/it --> OT1/lmr/m/it on input line 33.
LaTeX Font Info:    Overwriting math alphabet `\mathtt' in version `normal'
(Font)                  OT1/cmtt/m/n --> OT1/lmtt/m/n on input line 34.
LaTeX Font Info:    Overwriting math alphabet `\mathbf' in version `bold'
(Font)                  OT1/cmr/bx/n --> OT1/lmr/bx/n on input line 35.
LaTeX Font Info:    Overwriting math alphabet `\mathsf' in version `bold'
(Font)                  OT1/cmss/bx/n --> OT1/lmss/bx/n on input line 36.
LaTeX Font Info:    Overwriting math alphabet `\mathit' in version `bold'
(Font)                  OT1/cmr/bx/it --> OT1/lmr/bx/it on input line 37.
LaTeX Font Info:    Overwriting math alphabet `\mathtt' in version `bold'
(Font)                  OT1/cmtt/m/n --> OT1/lmtt/m/n on input line 38.
) (/home/danielle/.TinyTeX/texmf-dist/tex/latex/base/fontenc.sty
Package: fontenc 2020/02/11 v2.0o Standard LaTeX package
LaTeX Font Info:    Trying to load font information for T1+lmr on input line 11
2.
(/home/danielle/.TinyTeX/texmf-dist/tex/latex/lm/t1lmr.fd
File: t1lmr.fd 2009/10/30 v1.6 Font defs for Latin Modern
)) (/home/danielle/.TinyTeX/texmf-dist/tex/latex/geometry/geometry.sty
Package: geometry 2020/01/02 v5.9 Page Geometry
(/home/danielle/.TinyTeX/texmf-dist/tex/latex/graphics/keyval.sty
Package: keyval 2014/10/28 v1.15 key=value parser (DPC)
\KV@toks@=\toks15
) (/home/danielle/.TinyTeX/texmf-dist/tex/generic/iftex/ifvtex.sty
Package: ifvtex 2019/10/25 v1.7 ifvtex legacy package. Use iftex instead.
(/home/danielle/.TinyTeX/texmf-dist/tex/generic/iftex/iftex.sty
Package: iftex 2020/03/06 v1.0d TeX engine tests
))
\Gm@cnth=\count177
\Gm@cntv=\count178
\c@Gm@tempcnt=\count179
\Gm@bindingoffset=\dimen135
\Gm@wd@mp=\dimen136
\Gm@odd@mp=\dimen137
\Gm@even@mp=\dimen138
\Gm@layoutwidth=\dimen139
\Gm@layoutheight=\dimen140
\Gm@layouthoffset=\dimen141
\Gm@layoutvoffset=\dimen142
\Gm@dimlist=\toks16
) (/home/danielle/.TinyTeX/texmf-dist/tex/latex/graphics/graphicx.sty
Package: graphicx 2019/11/30 v1.2a Enhanced LaTeX Graphics (DPC,SPQR)
(/home/danielle/.TinyTeX/texmf-dist/tex/latex/graphics/graphics.sty
Package: graphics 2019/11/30 v1.4a Standard LaTeX Graphics (DPC,SPQR)
(/home/danielle/.TinyTeX/texmf-dist/tex/latex/graphics/trig.sty
Package: trig 2016/01/03 v1.10 sin cos tan (DPC)
) (/home/danielle/.TinyTeX/texmf-dist/tex/latex/graphics-cfg/graphics.cfg
File: graphics.cfg 2016/06/04 v1.11 sample graphics configuration
)
Package graphics Info: Driver file: pdftex.def on input line 105.
(/home/danielle/.TinyTeX/texmf-dist/tex/latex/graphics-def/pdftex.def
File: pdftex.def 2018/01/08 v1.0l Graphics/color driver for pdftex
))
\Gin@req@height=\dimen143
\Gin@req@width=\dimen144
) (/home/danielle/.TinyTeX/texmf-dist/tex/latex/booktabs/booktabs.sty
Package: booktabs 2020/01/12 v1.61803398 Publication quality tables
\heavyrulewidth=\dimen145
\lightrulewidth=\dimen146
\cmidrulewidth=\dimen147
\belowrulesep=\dimen148
\belowbottomsep=\dimen149
\aboverulesep=\dimen150
\abovetopsep=\dimen151
\cmidrulesep=\dimen152
\cmidrulekern=\dimen153
\defaultaddspace=\dimen154
\@cmidla=\count180
\@cmidlb=\count181
\@aboverulesep=\dimen155
\@belowrulesep=\dimen156
\@thisruleclass=\count182
\@lastruleclass=\count183
\@thisrulewidth=\dimen157
)
(/home/danielle/.TinyTeX/texmf-dist/tex/latex/threeparttable/threeparttable.sty
Package: threeparttable 2003/06/13  v 3.0
\@tempboxb=\box45
)
\b@level@one@skip=\skip49
\e@level@one@skip=\skip50
\b@level@two@skip=\skip51
\e@level@two@skip=\skip52
\b@level@three@skip=\skip53
\e@level@three@skip=\skip54
\b@level@four@skip=\skip55
\e@level@four@skip=\skip56
\b@level@five@skip=\skip57
\e@level@five@skip=\skip58
(/home/danielle/.TinyTeX/texmf-dist/tex/latex/caption/caption.sty
Package: caption 2020/05/30 v3.4k Customizing captions (AR)
(/home/danielle/.TinyTeX/texmf-dist/tex/latex/caption/caption3.sty
Package: caption3 2020/07/20 v1.12b caption3 kernel (AR)
Package caption3 Info: TeX engine: e-TeX on input line 61.
\captionmargin=\dimen158
\captionmargin@=\dimen159
\captionwidth=\dimen160
\caption@tempdima=\dimen161
\caption@indent=\dimen162
\caption@parindent=\dimen163
\caption@hangindent=\dimen164
Package caption Info: Standard document class detected.
)
\c@caption@flags=\count184
\c@continuedfloat=\count185
Package caption Info: threeparttable package is loaded.
)
\c@APAenum=\count186
\@text@par@indent=\skip59
\gr@box=\box46
\gr@boxwidth=\skip60
\gr@boxheight=\skip61
(/home/danielle/.TinyTeX/texmf-dist/tex/latex/tools/bm.sty
Package: bm 2019/07/24 v1.2d Bold Symbol Support (DPC/FMi)
\symboldoperators=\mathgroup4
\symboldletters=\mathgroup5
\symboldsymbols=\mathgroup6
LaTeX Font Info:    Redeclaring math alphabet \mathbf on input line 141.
LaTeX Info: Redefining \bm on input line 209.
)
\c@appendix=\count187
(/home/danielle/.TinyTeX/texmf-dist/tex/latex/fancyhdr/fancyhdr.sty
Package: fancyhdr 2019/01/31 v3.10 Extensive control of page headers and footer
s
\f@nch@headwidth=\skip62
\f@nch@O@elh=\skip63
\f@nch@O@erh=\skip64
\f@nch@O@olh=\skip65
\f@nch@O@orh=\skip66
\f@nch@O@elf=\skip67
\f@nch@O@erf=\skip68
\f@nch@O@olf=\skip69
\f@nch@O@orf=\skip70
)) (/home/danielle/.TinyTeX/texmf-dist/tex/generic/babel/babel.sty
Package: babel 2020/07/13 3.47 The Babel package
(/home/danielle/.TinyTeX/texmf-dist/tex/generic/babel/babel.def
File: babel.def 2020/07/13 3.47 Babel common definitions
\babel@savecnt=\count188
\U@D=\dimen165
\l@babelnohyphens=\language3
(/home/danielle/.TinyTeX/texmf-dist/tex/generic/babel/txtbabel.def)
\bbl@readstream=\read2
)
\bbl@dirlevel=\count189
Package babel Info: You haven't specified a language. I'll use 'nil'
(babel)             as the main language. Reported on input line 1075.
(/home/danielle/.TinyTeX/texmf-dist/tex/generic/babel/nil.ldf
Language: nil 2020/07/13 3.47 Nil language
\l@nil=\language4
)) (/home/danielle/.TinyTeX/texmf-dist/tex/latex/csquotes/csquotes.sty
Package: csquotes 2019-12-06 v5.2j context-sensitive quotations (JAW)
\csq@reset=\count190
\csq@gtype=\count191
\csq@glevel=\count192
\csq@qlevel=\count193
\csq@maxlvl=\count194
\csq@tshold=\count195
\csq@ltx@everypar=\toks17
(/home/danielle/.TinyTeX/texmf-dist/tex/latex/csquotes/csquotes.def
File: csquotes.def 2019-12-06 v5.2j csquotes generic definitions (JAW)
)
Package csquotes Info: Trying to load configuration file 'csquotes.cfg'...
Package csquotes Info: ... configuration file loaded successfully.
(/home/danielle/.TinyTeX/texmf-dist/tex/latex/csquotes/csquotes.cfg
File: csquotes.cfg 
)) (/home/danielle/.TinyTeX/texmf-dist/tex/latex/apacite/apacite.sty
Package: apacite 2013/07/21 v6.03 APA citation
\c@BibCnt=\count196
\bibleftmargin=\skip71
\bibindent=\skip72
\bibparsep=\skip73
\bibitemsep=\skip74
\biblabelsep=\skip75
) (/home/danielle/.TinyTeX/texmf-dist/tex/latex/base/fontenc.sty
Package: fontenc 2020/02/11 v2.0o Standard LaTeX package
) (/home/danielle/.TinyTeX/texmf-dist/tex/latex/base/inputenc.sty
Package: inputenc 2018/08/11 v1.3c Input encoding file
\inpenc@prehook=\toks18
\inpenc@posthook=\toks19
) (/home/danielle/.TinyTeX/texmf-dist/tex/latex/amsfonts/amssymb.sty
Package: amssymb 2013/01/14 v3.01 AMS font symbols
(/home/danielle/.TinyTeX/texmf-dist/tex/latex/amsfonts/amsfonts.sty
Package: amsfonts 2013/01/14 v3.01 Basic AMSFonts support
\@emptytoks=\toks20
\symAMSa=\mathgroup7
\symAMSb=\mathgroup8
LaTeX Font Info:    Redeclaring math symbol \hbar on input line 98.
LaTeX Font Info:    Overwriting math alphabet `\mathfrak' in version `bold'
(Font)                  U/euf/m/n --> U/euf/b/n on input line 106.
)) (/home/danielle/.TinyTeX/texmf-dist/tex/latex/amsmath/amsmath.sty
Package: amsmath 2020/01/20 v2.17e AMS math features
\@mathmargin=\skip76
For additional information on amsmath, use the `?' option.
(/home/danielle/.TinyTeX/texmf-dist/tex/latex/amsmath/amstext.sty
Package: amstext 2000/06/29 v2.01 AMS text
(/home/danielle/.TinyTeX/texmf-dist/tex/latex/amsmath/amsgen.sty
File: amsgen.sty 1999/11/30 v2.0 generic functions
\@emptytoks=\toks21
\ex@=\dimen166
)) (/home/danielle/.TinyTeX/texmf-dist/tex/latex/amsmath/amsbsy.sty
Package: amsbsy 1999/11/29 v1.2d Bold Symbols
LaTeX Info: Redefining \boldsymbol on input line 28.
\pmbraise@=\dimen167
) (/home/danielle/.TinyTeX/texmf-dist/tex/latex/amsmath/amsopn.sty
Package: amsopn 2016/03/08 v2.02 operator names
)
\inf@bad=\count197
LaTeX Info: Redefining \frac on input line 227.
\uproot@=\count198
\leftroot@=\count199
LaTeX Info: Redefining \overline on input line 389.
\classnum@=\count266
\DOTSCASE@=\count267
LaTeX Info: Redefining \ldots on input line 486.
LaTeX Info: Redefining \dots on input line 489.
LaTeX Info: Redefining \cdots on input line 610.
\Mathstrutbox@=\box47
\strutbox@=\box48
\big@size=\dimen168
LaTeX Font Info:    Redeclaring font encoding OML on input line 733.
LaTeX Font Info:    Redeclaring font encoding OMS on input line 734.
\macc@depth=\count268
\c@MaxMatrixCols=\count269
\dotsspace@=\muskip16
\c@parentequation=\count270
\dspbrk@lvl=\count271
\tag@help=\toks22
\row@=\count272
\column@=\count273
\maxfields@=\count274
\andhelp@=\toks23
\eqnshift@=\dimen169
\alignsep@=\dimen170
\tagshift@=\dimen171
\tagwidth@=\dimen172
\totwidth@=\dimen173
\lineht@=\dimen174
\@envbody=\toks24
\multlinegap=\skip77
\multlinetaggap=\skip78
\mathdisplay@stack=\toks25
LaTeX Info: Redefining \[ on input line 2859.
LaTeX Info: Redefining \] on input line 2860.
) (/home/danielle/.TinyTeX/texmf-dist/tex/latex/float/float.sty
Package: float 2001/11/08 v1.3d Float enhancements (AL)
\c@float@type=\count275
\float@exts=\toks26
\float@box=\box49
\@float@everytoks=\toks27
\@floatcapt=\box50
) (/home/danielle/.TinyTeX/texmf-dist/tex/latex/caption/subcaption.sty
Package: subcaption 2020/01/22 v1.3d Sub-captions (AR)
\c@subfigure=\count276
\c@subtable=\count277
) (/home/danielle/.TinyTeX/texmf-dist/tex/latex/enumitem/enumitem.sty
Package: enumitem 2019/06/20 v3.9 Customized lists
\labelindent=\skip79
\enit@outerparindent=\dimen175
\enit@toks=\toks28
\enit@inbox=\box51
\enit@count@id=\count278
\enitdp@description=\count279
) (/home/danielle/.TinyTeX/texmf-dist/tex/latex/placeins/placeins.sty
Package: placeins 2005/04/18  v 2.2
) (/home/danielle/.TinyTeX/texmf-dist/tex/latex/todonotes/todonotes.sty
Package: todonotes 2019/01/24 v1.1.2 Todonotes source and documentation.
Package: todonotes 2018/11/22
(/home/danielle/.TinyTeX/texmf-dist/tex/latex/base/ifthen.sty
Package: ifthen 2014/09/29 v1.1c Standard LaTeX ifthen package (DPC)
) (/home/danielle/.TinyTeX/texmf-dist/tex/latex/xkeyval/xkeyval.sty
Package: xkeyval 2014/12/03 v2.7a package option processing (HA)
(/home/danielle/.TinyTeX/texmf-dist/tex/generic/xkeyval/xkeyval.tex (/home/dani
elle/.TinyTeX/texmf-dist/tex/generic/xkeyval/xkvutils.tex
\XKV@toks=\toks29
\XKV@tempa@toks=\toks30
)
\XKV@depth=\count280
File: xkeyval.tex 2014/12/03 v2.7a key=value parser (HA)
)) (/home/danielle/.TinyTeX/texmf-dist/tex/latex/xcolor/xcolor.sty
Package: xcolor 2016/05/11 v2.12 LaTeX color extensions (UK)
(/home/danielle/.TinyTeX/texmf-dist/tex/latex/graphics-cfg/color.cfg
File: color.cfg 2016/01/02 v1.6 sample color configuration
)
Package xcolor Info: Driver file: pdftex.def on input line 225.
Package xcolor Info: Model `cmy' substituted by `cmy0' on input line 1348.
Package xcolor Info: Model `hsb' substituted by `rgb' on input line 1352.
Package xcolor Info: Model `RGB' extended on input line 1364.
Package xcolor Info: Model `HTML' substituted by `rgb' on input line 1366.
Package xcolor Info: Model `Hsb' substituted by `hsb' on input line 1367.
Package xcolor Info: Model `tHsb' substituted by `hsb' on input line 1368.
Package xcolor Info: Model `HSB' substituted by `hsb' on input line 1369.
Package xcolor Info: Model `Gray' substituted by `gray' on input line 1370.
Package xcolor Info: Model `wave' substituted by `hsb' on input line 1371.
) (/home/danielle/.TinyTeX/texmf-dist/tex/latex/pgf/frontendlayer/tikz.sty (/ho
me/danielle/.TinyTeX/texmf-dist/tex/latex/pgf/basiclayer/pgf.sty (/home/daniell
e/.TinyTeX/texmf-dist/tex/latex/pgf/utilities/pgfrcs.sty
(/home/danielle/.TinyTeX/texmf-dist/tex/generic/pgf/utilities/pgfutil-common.te
x
\pgfutil@everybye=\toks31
\pgfutil@tempdima=\dimen176
\pgfutil@tempdimb=\dimen177

(/home/danielle/.TinyTeX/texmf-dist/tex/generic/pgf/utilities/pgfutil-common-li
sts.tex))
(/home/danielle/.TinyTeX/texmf-dist/tex/generic/pgf/utilities/pgfutil-latex.def
\pgfutil@abb=\box52
(/home/danielle/.TinyTeX/texmf-dist/tex/latex/ms/everyshi.sty
Package: everyshi 2001/05/15 v3.00 EveryShipout Package (MS)
)) (/home/danielle/.TinyTeX/texmf-dist/tex/generic/pgf/utilities/pgfrcs.code.te
x (/home/danielle/.TinyTeX/texmf-dist/tex/generic/pgf/pgf.revision.tex)
Package: pgfrcs 2020/01/08 v3.1.5b (3.1.5b)
))
Package: pgf 2020/01/08 v3.1.5b (3.1.5b)
(/home/danielle/.TinyTeX/texmf-dist/tex/latex/pgf/basiclayer/pgfcore.sty (/home
/danielle/.TinyTeX/texmf-dist/tex/latex/pgf/systemlayer/pgfsys.sty
(/home/danielle/.TinyTeX/texmf-dist/tex/generic/pgf/systemlayer/pgfsys.code.tex
Package: pgfsys 2020/01/08 v3.1.5b (3.1.5b)
(/home/danielle/.TinyTeX/texmf-dist/tex/generic/pgf/utilities/pgfkeys.code.tex
\pgfkeys@pathtoks=\toks32
\pgfkeys@temptoks=\toks33

(/home/danielle/.TinyTeX/texmf-dist/tex/generic/pgf/utilities/pgfkeysfiltered.c
ode.tex
\pgfkeys@tmptoks=\toks34
))
\pgf@x=\dimen178
\pgf@y=\dimen179
\pgf@xa=\dimen180
\pgf@ya=\dimen181
\pgf@xb=\dimen182
\pgf@yb=\dimen183
\pgf@xc=\dimen184
\pgf@yc=\dimen185
\pgf@xd=\dimen186
\pgf@yd=\dimen187
\w@pgf@writea=\write3
\r@pgf@reada=\read3
\c@pgf@counta=\count281
\c@pgf@countb=\count282
\c@pgf@countc=\count283
\c@pgf@countd=\count284
\t@pgf@toka=\toks35
\t@pgf@tokb=\toks36
\t@pgf@tokc=\toks37
\pgf@sys@id@count=\count285
(/home/danielle/.TinyTeX/texmf-dist/tex/generic/pgf/systemlayer/pgf.cfg
File: pgf.cfg 2020/01/08 v3.1.5b (3.1.5b)
)
Driver file for pgf: pgfsys-pdftex.def

(/home/danielle/.TinyTeX/texmf-dist/tex/generic/pgf/systemlayer/pgfsys-pdftex.d
ef
File: pgfsys-pdftex.def 2020/01/08 v3.1.5b (3.1.5b)

(/home/danielle/.TinyTeX/texmf-dist/tex/generic/pgf/systemlayer/pgfsys-common-p
df.def
File: pgfsys-common-pdf.def 2020/01/08 v3.1.5b (3.1.5b)
)))
(/home/danielle/.TinyTeX/texmf-dist/tex/generic/pgf/systemlayer/pgfsyssoftpath.
code.tex
File: pgfsyssoftpath.code.tex 2020/01/08 v3.1.5b (3.1.5b)
\pgfsyssoftpath@smallbuffer@items=\count286
\pgfsyssoftpath@bigbuffer@items=\count287
)
(/home/danielle/.TinyTeX/texmf-dist/tex/generic/pgf/systemlayer/pgfsysprotocol.
code.tex
File: pgfsysprotocol.code.tex 2020/01/08 v3.1.5b (3.1.5b)
))
(/home/danielle/.TinyTeX/texmf-dist/tex/generic/pgf/basiclayer/pgfcore.code.tex
Package: pgfcore 2020/01/08 v3.1.5b (3.1.5b)
(/home/danielle/.TinyTeX/texmf-dist/tex/generic/pgf/math/pgfmath.code.tex (/hom
e/danielle/.TinyTeX/texmf-dist/tex/generic/pgf/math/pgfmathcalc.code.tex (/home
/danielle/.TinyTeX/texmf-dist/tex/generic/pgf/math/pgfmathutil.code.tex)
(/home/danielle/.TinyTeX/texmf-dist/tex/generic/pgf/math/pgfmathparser.code.tex
\pgfmath@dimen=\dimen188
\pgfmath@count=\count288
\pgfmath@box=\box53
\pgfmath@toks=\toks38
\pgfmath@stack@operand=\toks39
\pgfmath@stack@operation=\toks40
)
(/home/danielle/.TinyTeX/texmf-dist/tex/generic/pgf/math/pgfmathfunctions.code.
tex
(/home/danielle/.TinyTeX/texmf-dist/tex/generic/pgf/math/pgfmathfunctions.basic
.code.tex)
(/home/danielle/.TinyTeX/texmf-dist/tex/generic/pgf/math/pgfmathfunctions.trigo
nometric.code.tex)
(/home/danielle/.TinyTeX/texmf-dist/tex/generic/pgf/math/pgfmathfunctions.rando
m.code.tex)
(/home/danielle/.TinyTeX/texmf-dist/tex/generic/pgf/math/pgfmathfunctions.compa
rison.code.tex)
(/home/danielle/.TinyTeX/texmf-dist/tex/generic/pgf/math/pgfmathfunctions.base.
code.tex)
(/home/danielle/.TinyTeX/texmf-dist/tex/generic/pgf/math/pgfmathfunctions.round
.code.tex)
(/home/danielle/.TinyTeX/texmf-dist/tex/generic/pgf/math/pgfmathfunctions.misc.
code.tex)
(/home/danielle/.TinyTeX/texmf-dist/tex/generic/pgf/math/pgfmathfunctions.integ
erarithmetics.code.tex))) (/home/danielle/.TinyTeX/texmf-dist/tex/generic/pgf/m
ath/pgfmathfloat.code.tex
\c@pgfmathroundto@lastzeros=\count289
)) (/home/danielle/.TinyTeX/texmf-dist/tex/generic/pgf/math/pgfint.code.tex)
(/home/danielle/.TinyTeX/texmf-dist/tex/generic/pgf/basiclayer/pgfcorepoints.co
de.tex
File: pgfcorepoints.code.tex 2020/01/08 v3.1.5b (3.1.5b)
\pgf@picminx=\dimen189
\pgf@picmaxx=\dimen190
\pgf@picminy=\dimen191
\pgf@picmaxy=\dimen192
\pgf@pathminx=\dimen193
\pgf@pathmaxx=\dimen194
\pgf@pathminy=\dimen195
\pgf@pathmaxy=\dimen196
\pgf@xx=\dimen197
\pgf@xy=\dimen198
\pgf@yx=\dimen199
\pgf@yy=\dimen256
\pgf@zx=\dimen257
\pgf@zy=\dimen258
)
(/home/danielle/.TinyTeX/texmf-dist/tex/generic/pgf/basiclayer/pgfcorepathconst
ruct.code.tex
File: pgfcorepathconstruct.code.tex 2020/01/08 v3.1.5b (3.1.5b)
\pgf@path@lastx=\dimen259
\pgf@path@lasty=\dimen260
)
(/home/danielle/.TinyTeX/texmf-dist/tex/generic/pgf/basiclayer/pgfcorepathusage
.code.tex
File: pgfcorepathusage.code.tex 2020/01/08 v3.1.5b (3.1.5b)
\pgf@shorten@end@additional=\dimen261
\pgf@shorten@start@additional=\dimen262
)
(/home/danielle/.TinyTeX/texmf-dist/tex/generic/pgf/basiclayer/pgfcorescopes.co
de.tex
File: pgfcorescopes.code.tex 2020/01/08 v3.1.5b (3.1.5b)
\pgfpic=\box54
\pgf@hbox=\box55
\pgf@layerbox@main=\box56
\pgf@picture@serial@count=\count290
)
(/home/danielle/.TinyTeX/texmf-dist/tex/generic/pgf/basiclayer/pgfcoregraphicst
ate.code.tex
File: pgfcoregraphicstate.code.tex 2020/01/08 v3.1.5b (3.1.5b)
\pgflinewidth=\dimen263
)
(/home/danielle/.TinyTeX/texmf-dist/tex/generic/pgf/basiclayer/pgfcoretransform
ations.code.tex
File: pgfcoretransformations.code.tex 2020/01/08 v3.1.5b (3.1.5b)
\pgf@pt@x=\dimen264
\pgf@pt@y=\dimen265
\pgf@pt@temp=\dimen266
)
(/home/danielle/.TinyTeX/texmf-dist/tex/generic/pgf/basiclayer/pgfcorequick.cod
e.tex
File: pgfcorequick.code.tex 2020/01/08 v3.1.5b (3.1.5b)
)
(/home/danielle/.TinyTeX/texmf-dist/tex/generic/pgf/basiclayer/pgfcoreobjects.c
ode.tex
File: pgfcoreobjects.code.tex 2020/01/08 v3.1.5b (3.1.5b)
)
(/home/danielle/.TinyTeX/texmf-dist/tex/generic/pgf/basiclayer/pgfcorepathproce
ssing.code.tex
File: pgfcorepathprocessing.code.tex 2020/01/08 v3.1.5b (3.1.5b)
)
(/home/danielle/.TinyTeX/texmf-dist/tex/generic/pgf/basiclayer/pgfcorearrows.co
de.tex
File: pgfcorearrows.code.tex 2020/01/08 v3.1.5b (3.1.5b)
\pgfarrowsep=\dimen267
)
(/home/danielle/.TinyTeX/texmf-dist/tex/generic/pgf/basiclayer/pgfcoreshade.cod
e.tex
File: pgfcoreshade.code.tex 2020/01/08 v3.1.5b (3.1.5b)
\pgf@max=\dimen268
\pgf@sys@shading@range@num=\count291
\pgf@shadingcount=\count292
)
(/home/danielle/.TinyTeX/texmf-dist/tex/generic/pgf/basiclayer/pgfcoreimage.cod
e.tex
File: pgfcoreimage.code.tex 2020/01/08 v3.1.5b (3.1.5b)

(/home/danielle/.TinyTeX/texmf-dist/tex/generic/pgf/basiclayer/pgfcoreexternal.
code.tex
File: pgfcoreexternal.code.tex 2020/01/08 v3.1.5b (3.1.5b)
\pgfexternal@startupbox=\box57
))
(/home/danielle/.TinyTeX/texmf-dist/tex/generic/pgf/basiclayer/pgfcorelayers.co
de.tex
File: pgfcorelayers.code.tex 2020/01/08 v3.1.5b (3.1.5b)
)
(/home/danielle/.TinyTeX/texmf-dist/tex/generic/pgf/basiclayer/pgfcoretranspare
ncy.code.tex
File: pgfcoretransparency.code.tex 2020/01/08 v3.1.5b (3.1.5b)
)
(/home/danielle/.TinyTeX/texmf-dist/tex/generic/pgf/basiclayer/pgfcorepatterns.
code.tex
File: pgfcorepatterns.code.tex 2020/01/08 v3.1.5b (3.1.5b)
)
(/home/danielle/.TinyTeX/texmf-dist/tex/generic/pgf/basiclayer/pgfcorerdf.code.
tex
File: pgfcorerdf.code.tex 2020/01/08 v3.1.5b (3.1.5b)
)))
(/home/danielle/.TinyTeX/texmf-dist/tex/generic/pgf/modules/pgfmoduleshapes.cod
e.tex
File: pgfmoduleshapes.code.tex 2020/01/08 v3.1.5b (3.1.5b)
\pgfnodeparttextbox=\box58
)
(/home/danielle/.TinyTeX/texmf-dist/tex/generic/pgf/modules/pgfmoduleplot.code.
tex
File: pgfmoduleplot.code.tex 2020/01/08 v3.1.5b (3.1.5b)
)
(/home/danielle/.TinyTeX/texmf-dist/tex/latex/pgf/compatibility/pgfcomp-version
-0-65.sty
Package: pgfcomp-version-0-65 2020/01/08 v3.1.5b (3.1.5b)
\pgf@nodesepstart=\dimen269
\pgf@nodesepend=\dimen270
)
(/home/danielle/.TinyTeX/texmf-dist/tex/latex/pgf/compatibility/pgfcomp-version
-1-18.sty
Package: pgfcomp-version-1-18 2020/01/08 v3.1.5b (3.1.5b)
)) (/home/danielle/.TinyTeX/texmf-dist/tex/latex/pgf/utilities/pgffor.sty (/hom
e/danielle/.TinyTeX/texmf-dist/tex/latex/pgf/utilities/pgfkeys.sty (/home/danie
lle/.TinyTeX/texmf-dist/tex/generic/pgf/utilities/pgfkeys.code.tex)) (/home/dan
ielle/.TinyTeX/texmf-dist/tex/latex/pgf/math/pgfmath.sty (/home/danielle/.TinyT
eX/texmf-dist/tex/generic/pgf/math/pgfmath.code.tex)) (/home/danielle/.TinyTeX/
texmf-dist/tex/generic/pgf/utilities/pgffor.code.tex
Package: pgffor 2020/01/08 v3.1.5b (3.1.5b)
(/home/danielle/.TinyTeX/texmf-dist/tex/generic/pgf/math/pgfmath.code.tex)
\pgffor@iter=\dimen271
\pgffor@skip=\dimen272
\pgffor@stack=\toks41
\pgffor@toks=\toks42
))
(/home/danielle/.TinyTeX/texmf-dist/tex/generic/pgf/frontendlayer/tikz/tikz.cod
e.tex
Package: tikz 2020/01/08 v3.1.5b (3.1.5b)

(/home/danielle/.TinyTeX/texmf-dist/tex/generic/pgf/libraries/pgflibraryplothan
dlers.code.tex
File: pgflibraryplothandlers.code.tex 2020/01/08 v3.1.5b (3.1.5b)
\pgf@plot@mark@count=\count293
\pgfplotmarksize=\dimen273
)
\tikz@lastx=\dimen274
\tikz@lasty=\dimen275
\tikz@lastxsaved=\dimen276
\tikz@lastysaved=\dimen277
\tikz@lastmovetox=\dimen278
\tikz@lastmovetoy=\dimen279
\tikzleveldistance=\dimen280
\tikzsiblingdistance=\dimen281
\tikz@figbox=\box59
\tikz@figbox@bg=\box60
\tikz@tempbox=\box61
\tikz@tempbox@bg=\box62
\tikztreelevel=\count294
\tikznumberofchildren=\count295
\tikznumberofcurrentchild=\count296
\tikz@fig@count=\count297

(/home/danielle/.TinyTeX/texmf-dist/tex/generic/pgf/modules/pgfmodulematrix.cod
e.tex
File: pgfmodulematrix.code.tex 2020/01/08 v3.1.5b (3.1.5b)
\pgfmatrixcurrentrow=\count298
\pgfmatrixcurrentcolumn=\count299
\pgf@matrix@numberofcolumns=\count300
)
\tikz@expandcount=\count301

(/home/danielle/.TinyTeX/texmf-dist/tex/generic/pgf/frontendlayer/tikz/librarie
s/tikzlibrarytopaths.code.tex
File: tikzlibrarytopaths.code.tex 2020/01/08 v3.1.5b (3.1.5b)
)))
(/home/danielle/.TinyTeX/texmf-dist/tex/generic/pgf/frontendlayer/tikz/librarie
s/tikzlibrarypositioning.code.tex
File: tikzlibrarypositioning.code.tex 2020/01/08 v3.1.5b (3.1.5b)
)
(/home/danielle/.TinyTeX/texmf-dist/tex/generic/pgf/frontendlayer/tikz/librarie
s/tikzlibraryshadows.code.tex
File: tikzlibraryshadows.code.tex 2020/01/08 v3.1.5b (3.1.5b)

(/home/danielle/.TinyTeX/texmf-dist/tex/generic/pgf/frontendlayer/tikz/librarie
s/tikzlibraryfadings.code.tex
File: tikzlibraryfadings.code.tex 2020/01/08 v3.1.5b (3.1.5b)

(/home/danielle/.TinyTeX/texmf-dist/tex/generic/pgf/libraries/pgflibraryfadings
.code.tex
File: pgflibraryfadings.code.tex 2020/01/08 v3.1.5b (3.1.5b)
))) (/home/danielle/.TinyTeX/texmf-dist/tex/latex/tools/calc.sty
Package: calc 2017/05/25 v4.3 Infix arithmetic (KKT,FJ)
\calc@Acount=\count302
\calc@Bcount=\count303
\calc@Adimen=\dimen282
\calc@Bdimen=\dimen283
\calc@Askip=\skip80
\calc@Bskip=\skip81
LaTeX Info: Redefining \setlength on input line 80.
LaTeX Info: Redefining \addtolength on input line 81.
\calc@Ccount=\count304
\calc@Cskip=\skip82
)
\c@@todonotes@numberoftodonotes=\count305
)
(/home/danielle/.TinyTeX/texmf-dist/tex/latex/draftwatermark/draftwatermark.sty
Package: draftwatermark 2020/06/29 2.2 Put a gray textual watermark on document
 pages
(/home/danielle/.TinyTeX/texmf-dist/tex/latex/kvoptions/kvoptions.sty
Package: kvoptions 2019/11/29 v3.13 Key value format for package options (HO)
(/home/danielle/.TinyTeX/texmf-dist/tex/generic/ltxcmds/ltxcmds.sty
Package: ltxcmds 2019/12/15 v1.24 LaTeX kernel commands for general use (HO)
) (/home/danielle/.TinyTeX/texmf-dist/tex/generic/kvsetkeys/kvsetkeys.sty
Package: kvsetkeys 2019/12/15 v1.18 Key value parser (HO)
)) (/home/danielle/.TinyTeX/texmf-dist/tex/latex/everypage/everypage.sty
Package: everypage 2007/06/20 1.1 Hooks to run on every page
))

Package csquotes Warning: Load 'inputenc' before 'csquotes' on input line 60.

Package csquotes Info: Checking for multilingual support...
Package csquotes Info: ... found 'babel' package.
Package csquotes Info: Adjusting default style.

Package csquotes Warning: No style for language 'nil'.
(csquotes)                Using fallback style on input line 60.

Package csquotes Info: Redefining alias 'default' -> 'fallback'.
(/home/danielle/.TinyTeX/texmf-dist/tex/latex/l3backend/l3backend-pdfmode.def
File: l3backend-pdfmode.def 2020-08-07 L3 backend support: PDF mode
\l__kernel_color_stack_int=\count306
\l__pdf_internal_box=\box63
) (./2017_descriptivebayes.aux)
\openout1 = `2017_descriptivebayes.aux'.

LaTeX Font Info:    Checking defaults for OML/cmm/m/it on input line 60.
LaTeX Font Info:    ... okay on input line 60.
LaTeX Font Info:    Checking defaults for OMS/cmsy/m/n on input line 60.
LaTeX Font Info:    ... okay on input line 60.
LaTeX Font Info:    Checking defaults for OT1/cmr/m/n on input line 60.
LaTeX Font Info:    ... okay on input line 60.
LaTeX Font Info:    Checking defaults for T1/cmr/m/n on input line 60.
LaTeX Font Info:    ... okay on input line 60.
LaTeX Font Info:    Checking defaults for TS1/cmr/m/n on input line 60.
LaTeX Font Info:    ... okay on input line 60.
LaTeX Font Info:    Checking defaults for OMX/cmex/m/n on input line 60.
LaTeX Font Info:    ... okay on input line 60.
LaTeX Font Info:    Checking defaults for U/cmr/m/n on input line 60.
LaTeX Font Info:    ... okay on input line 60.
*geometry* driver: auto-detecting
*geometry* detected driver: pdftex
*geometry* verbose mode - [ preamble ] result:
* driver: pdftex
* paper: <default>
* layout: <same size as paper>
* layoutoffset:(h,v)=(0.0pt,0.0pt)
* modes: 
* h-part:(L,W,R)=(72.26999pt, 469.75502pt, 72.26999pt)
* v-part:(T,H,B)=(72.26999pt, 650.43001pt, 72.26999pt)
* \paperwidth=614.295pt
* \paperheight=794.96999pt
* \textwidth=433.62pt
* \textheight=614.295pt
* \oddsidemargin=18.06749pt
* \evensidemargin=18.06749pt
* \topmargin=-18.06749pt
* \headheight=15.2pt
* \headsep=25.0pt
* \topskip=11.0pt
* \footskip=30.0pt
* \marginparwidth=56.9055pt
* \marginparsep=10.0pt
* \columnsep=10.0pt
* \skip\footins=10.0pt plus 4.0pt minus 2.0pt
* \hoffset=0.0pt
* \voffset=0.0pt
* \mag=1000
* \@twocolumnfalse
* \@twosidefalse
* \@mparswitchfalse
* \@reversemarginfalse
* (1in=72.27pt=25.4mm, 1cm=28.453pt)

(/home/danielle/.TinyTeX/texmf-dist/tex/latex/epstopdf-pkg/epstopdf-base.sty
Package: epstopdf-base 2020-01-24 v2.11 Base part for package epstopdf
Package epstopdf-base Info: Redefining graphics rule for `.eps' on input line 4
85.
(/home/danielle/.TinyTeX/texmf-dist/tex/latex/latexconfig/epstopdf-sys.cfg
File: epstopdf-sys.cfg 2010/07/13 v1.3 Configuration of (r)epstopdf for TeX Liv
e
)) (/home/danielle/.TinyTeX/texmf-dist/tex/latex/apa6/config/APAamerican.txt
File: APAamerican.txt 2012/02/23 v1.25 apa6 configuration for American English
)
Package caption Info: Begin \AtBeginDocument code.
Package caption Info: float package is loaded.
Package caption Info: End \AtBeginDocument code.
\c@maskedRefs=\count307

Package apacite Warning: No suitable language definition file (nil.apc) found.

ABD: EveryShipout initializing macros
Using title for running head
LaTeX Font Info:    Trying to load font information for OT1+lmr on input line 6
1.
(/home/danielle/.TinyTeX/texmf-dist/tex/latex/lm/ot1lmr.fd
File: ot1lmr.fd 2009/10/30 v1.6 Font defs for Latin Modern
)
LaTeX Font Info:    Trying to load font information for OML+lmm on input line 6
1.
(/home/danielle/.TinyTeX/texmf-dist/tex/latex/lm/omllmm.fd
File: omllmm.fd 2009/10/30 v1.6 Font defs for Latin Modern
)
LaTeX Font Info:    Trying to load font information for OMS+lmsy on input line 
61.
(/home/danielle/.TinyTeX/texmf-dist/tex/latex/lm/omslmsy.fd
File: omslmsy.fd 2009/10/30 v1.6 Font defs for Latin Modern
)
LaTeX Font Info:    Trying to load font information for OMX+lmex on input line 
61.
(/home/danielle/.TinyTeX/texmf-dist/tex/latex/lm/omxlmex.fd
File: omxlmex.fd 2009/10/30 v1.6 Font defs for Latin Modern
)
LaTeX Font Info:    External font `lmex10' loaded for size
(Font)              <10.95> on input line 61.
LaTeX Font Info:    External font `lmex10' loaded for size
(Font)              <8> on input line 61.
LaTeX Font Info:    External font `lmex10' loaded for size
(Font)              <6> on input line 61.
LaTeX Font Info:    Trying to load font information for U+msa on input line 61.

(/home/danielle/.TinyTeX/texmf-dist/tex/latex/amsfonts/umsa.fd
File: umsa.fd 2013/01/14 v3.01 AMS symbols A
)
LaTeX Font Info:    Trying to load font information for U+msb on input line 61.

(/home/danielle/.TinyTeX/texmf-dist/tex/latex/amsfonts/umsb.fd
File: umsb.fd 2013/01/14 v3.01 AMS symbols B
)
Underfull \vbox (badness 10000) has occurred while \output is active []

[1{/home/danielle/.TinyTeX/texmf-var/fonts/map/pdftex/updmap/pdftex.map}

] [1] [2]
<other_figs/threeBayesPic.pdf, id=51, 880.28876pt x 416.55624pt>
File: other_figs/threeBayesPic.pdf Graphic file (type pdf)
<use other_figs/threeBayesPic.pdf>
Package pdftex.def Info: other_figs/threeBayesPic.pdf  used on input line 116.
(pdftex.def)             Requested size: 273.18271pt x 129.27094pt.
<other_figs/threeBayes.pdf, id=52, 431.6125pt x 368.37625pt>
File: other_figs/threeBayes.pdf Graphic file (type pdf)
<use other_figs/threeBayes.pdf>
Package pdftex.def Info: other_figs/threeBayes.pdf  used on input line 117.
(pdftex.def)             Requested size: 143.09538pt x 122.12662pt.
[3]
Underfull \vbox (badness 10000) has occurred while \output is active []

[4 <./other_figs/threeBayesPic.pdf> <./other_figs/threeBayes.pdf>]
LaTeX Font Info:    External font `lmex10' loaded for size
(Font)              <9> on input line 129.
LaTeX Font Info:    External font `lmex10' loaded for size
(Font)              <5> on input line 129.
[5] [6] [7] [8] [9] [10] [11] [12]
Underfull \hbox (badness 1320) in paragraph at lines 222--223
\T1/lmr/m/n/10.95 predictions about how different experimental manipulations sh
ould change people's
 []

<coincidences_figures/gt1aggregate.pdf, id=117, 843.15pt x 254.9525pt>
File: coincidences_figures/gt1aggregate.pdf Graphic file (type pdf)
<use coincidences_figures/gt1aggregate.pdf>
Package pdftex.def Info: coincidences_figures/gt1aggregate.pdf  used on input l
ine 231.
(pdftex.def)             Requested size: 303.53267pt x 91.78282pt.
<coincidences_figures/usaggregate.pdf, id=118, 867.24pt x 361.35pt>
File: coincidences_figures/usaggregate.pdf Graphic file (type pdf)
<use coincidences_figures/usaggregate.pdf>
Package pdftex.def Info: coincidences_figures/usaggregate.pdf  used on input li
ne 233.
(pdftex.def)             Requested size: 325.215pt x 135.50592pt.
[13] [14 <./coincidences_figures/gt1aggregate.pdf> <./coincidences_figures/usag
gregate.pdf>]
<coincidences_figures/nonoptimal.pdf, id=145, 867.24pt x 361.35pt>
File: coincidences_figures/nonoptimal.pdf Graphic file (type pdf)
<use coincidences_figures/nonoptimal.pdf>
Package pdftex.def Info: coincidences_figures/nonoptimal.pdf  used on input lin
e 249.
(pdftex.def)             Requested size: 433.62pt x 180.67456pt.

Underfull \vbox (badness 2495) has occurred while \output is active []

[15 <./coincidences_figures/nonoptimal.pdf>] [16]
<coincidences_figures/individuals.pdf, id=158, 650.43pt x 633.36626pt>
File: coincidences_figures/individuals.pdf Graphic file (type pdf)
<use coincidences_figures/individuals.pdf>
Package pdftex.def Info: coincidences_figures/individuals.pdf  used on input li
ne 270.
(pdftex.def)             Requested size: 433.62pt x 422.25603pt.

LaTeX Warning: No positions in optional float specifier.
               Default added (so using `tbp') on input line 285.

<coincidences_figures/priorVariation.pdf, id=159, 650.43pt x 309.155pt>
File: coincidences_figures/priorVariation.pdf Graphic file (type pdf)
<use coincidences_figures/priorVariation.pdf>
Package pdftex.def Info: coincidences_figures/priorVariation.pdf  used on input
 line 287.
(pdftex.def)             Requested size: 411.93767pt x 195.80176pt.

LaTeX Warning: No positions in optional float specifier.
               Default added (so using `tbp') on input line 292.

<coincidences_figures/likelihoodVariation.pdf, id=160, 650.43pt x 309.155pt>
File: coincidences_figures/likelihoodVariation.pdf Graphic file (type pdf)
<use coincidences_figures/likelihoodVariation.pdf>
Package pdftex.def Info: coincidences_figures/likelihoodVariation.pdf  used on 
input line 294.
(pdftex.def)             Requested size: 411.93767pt x 195.80176pt.
[17] [18 <./coincidences_figures/individuals.pdf>] [19 <./coincidences_figures/
priorVariation.pdf> <./coincidences_figures/likelihoodVariation.pdf>] [20]
Underfull \vbox (badness 4072) has occurred while \output is active []

[21] [22] [23] [24]
<predictions_figures/movie_grosses_pred.pdf, id=205, 578.16pt x 433.62pt>
File: predictions_figures/movie_grosses_pred.pdf Graphic file (type pdf)
<use predictions_figures/movie_grosses_pred.pdf>
Package pdftex.def Info: predictions_figures/movie_grosses_pred.pdf  used on in
put line 422.
(pdftex.def)             Requested size: 143.09538pt x 107.31963pt.
<predictions_figures/poem_lengths_pred.pdf, id=206, 578.16pt x 433.62pt>
File: predictions_figures/poem_lengths_pred.pdf Graphic file (type pdf)
<use predictions_figures/poem_lengths_pred.pdf>
Package pdftex.def Info: predictions_figures/poem_lengths_pred.pdf  used on inp
ut line 422.
(pdftex.def)             Requested size: 143.09538pt x 107.31963pt.
<predictions_figures/life_spans_pred.pdf, id=207, 578.16pt x 433.62pt>
File: predictions_figures/life_spans_pred.pdf Graphic file (type pdf)
<use predictions_figures/life_spans_pred.pdf>
Package pdftex.def Info: predictions_figures/life_spans_pred.pdf  used on input
 line 422.
(pdftex.def)             Requested size: 143.09538pt x 107.31963pt.
<predictions_figures/pharaohs_reigns_pred.pdf, id=208, 578.16pt x 433.62pt>
File: predictions_figures/pharaohs_reigns_pred.pdf Graphic file (type pdf)
<use predictions_figures/pharaohs_reigns_pred.pdf>
Package pdftex.def Info: predictions_figures/pharaohs_reigns_pred.pdf  used on 
input line 436.
(pdftex.def)             Requested size: 143.09538pt x 107.31963pt.
<predictions_figures/movie_runtimes_pred.pdf, id=209, 578.16pt x 433.62pt>
File: predictions_figures/movie_runtimes_pred.pdf Graphic file (type pdf)
<use predictions_figures/movie_runtimes_pred.pdf>
Package pdftex.def Info: predictions_figures/movie_runtimes_pred.pdf  used on i
nput line 436.
(pdftex.def)             Requested size: 143.09538pt x 107.31963pt.
<predictions_figures/representatives_terms_pred.pdf, id=210, 578.16pt x 433.62p
t>
File: predictions_figures/representatives_terms_pred.pdf Graphic file (type pdf
)
<use predictions_figures/representatives_terms_pred.pdf>
Package pdftex.def Info: predictions_figures/representatives_terms_pred.pdf  us
ed on input line 436.
(pdftex.def)             Requested size: 143.09538pt x 107.31963pt.

Underfull \hbox (badness 10000) in paragraph at lines 409--437

 []

LaTeX Font Info:    External font `lmex10' loaded for size
(Font)              <10> on input line 463.
LaTeX Font Info:    External font `lmex10' loaded for size
(Font)              <7> on input line 463.
[25] [26 <./predictions_figures/movie_grosses_pred.pdf> <./predictions_figures/
poem_lengths_pred.pdf

pdfTeX warning: pdflatex (file ./predictions_figures/poem_lengths_pred.pdf): PD
F inclusion: multiple pdfs with page group included in a single page
> <./predictions_figures/life_spans_pred.pdf

pdfTeX warning: pdflatex (file ./predictions_figures/life_spans_pred.pdf): PDF 
inclusion: multiple pdfs with page group included in a single page
> <./predictions_figures/pharaohs_reigns_pred.pdf

pdfTeX warning: pdflatex (file ./predictions_figures/pharaohs_reigns_pred.pdf):
 PDF inclusion: multiple pdfs with page group included in a single page
> <./predictions_figures/movie_runtimes_pred.pdf

pdfTeX warning: pdflatex (file ./predictions_figures/movie_runtimes_pred.pdf): 
PDF inclusion: multiple pdfs with page group included in a single page
> <./predictions_figures/representatives_terms_pred.pdf

pdfTeX warning: pdflatex (file ./predictions_figures/representatives_terms_pred
.pdf): PDF inclusion: multiple pdfs with page group included in a single page
>] [27]
<predictions_figures/priors-subjective-vs-empirical.pdf, id=407, 1454.43375pt x
 587.19376pt>
File: predictions_figures/priors-subjective-vs-empirical.pdf Graphic file (type
 pdf)
<use predictions_figures/priors-subjective-vs-empirical.pdf>
Package pdftex.def Info: predictions_figures/priors-subjective-vs-empirical.pdf
  used on input line 521.
(pdftex.def)             Requested size: 433.62pt x 175.06638pt.
[28] [29 <./predictions_figures/priors-subjective-vs-empirical.pdf>] [30] [31] 
[32]
<generalization_figs/cows.pdf, id=464, 433.62pt x 361.35pt>
File: generalization_figs/cows.pdf Graphic file (type pdf)
<use generalization_figs/cows.pdf>
Package pdftex.def Info: generalization_figs/cows.pdf  used on input line 605.
(pdftex.def)             Requested size: 184.9429pt x 154.12033pt.
<generalization_figs/dolphins.pdf, id=465, 433.62pt x 361.35pt>
File: generalization_figs/dolphins.pdf Graphic file (type pdf)
<use generalization_figs/dolphins.pdf>
Package pdftex.def Info: generalization_figs/dolphins.pdf  used on input line 6
06.
(pdftex.def)             Requested size: 184.9429pt x 154.12033pt.
<generalization_figs/horses.pdf, id=466, 433.62pt x 361.35pt>
File: generalization_figs/horses.pdf Graphic file (type pdf)
<use generalization_figs/horses.pdf>
Package pdftex.def Info: generalization_figs/horses.pdf  used on input line 608
.
(pdftex.def)             Requested size: 184.9429pt x 154.12033pt.
<generalization_figs/dolphinsseals.pdf, id=467, 433.62pt x 361.35pt>
File: generalization_figs/dolphinsseals.pdf Graphic file (type pdf)
<use generalization_figs/dolphinsseals.pdf>
Package pdftex.def Info: generalization_figs/dolphinsseals.pdf  used on input l
ine 609.
(pdftex.def)             Requested size: 184.9429pt x 154.12033pt.
<generalization_figs/cowshorses.pdf, id=468, 433.62pt x 361.35pt>
File: generalization_figs/cowshorses.pdf Graphic file (type pdf)
<use generalization_figs/cowshorses.pdf>
Package pdftex.def Info: generalization_figs/cowshorses.pdf  used on input line
 611.
(pdftex.def)             Requested size: 184.9429pt x 154.12033pt.
<generalization_figs/dolphinshorses.pdf, id=469, 433.62pt x 361.35pt>
File: generalization_figs/dolphinshorses.pdf Graphic file (type pdf)
<use generalization_figs/dolphinshorses.pdf>
Package pdftex.def Info: generalization_figs/dolphinshorses.pdf  used on input 
line 612.
(pdftex.def)             Requested size: 184.9429pt x 154.12033pt.
[33] [34 <./generalization_figs/cows.pdf> <./generalization_figs/dolphins.pdf> 
<./generalization_figs/horses.pdf> <./generalization_figs/dolphinsseals.pdf> <.
/generalization_figs/cowshorses.pdf> <./generalization_figs/dolphinshorses.pdf>
]
Underfull \hbox (badness 1142) in paragraph at lines 652--652
\T1/lmr/m/n/10.95 polar bears, rabbits, rhinos, squirrels,
 []


Underfull \hbox (badness 10000) in paragraph at lines 653--654
[]\T1/lmr/m/n/10.95 medium-sized
 []

[35]
<generalization_figs/hypotheses.png, id=522, 734.745pt x 450.68375pt>
File: generalization_figs/hypotheses.png Graphic file (type png)
<use generalization_figs/hypotheses.png>
Package pdftex.def Info: generalization_figs/hypotheses.png  used on input line
 668.
(pdftex.def)             Requested size: 260.17464pt x 159.59154pt.
<generalization_figs/allitems.pdf, id=524, 867.24pt x 433.62pt>
File: generalization_figs/allitems.pdf Graphic file (type pdf)
<use generalization_figs/allitems.pdf>
Package pdftex.def Info: generalization_figs/allitems.pdf  used on input line 6
77.
(pdftex.def)             Requested size: 398.33858pt x 199.16988pt.
[36] [37 <./generalization_figs/hypotheses.png> <./generalization_figs/allitems
.pdf>] [38]
LaTeX Font Info:    Trying to load font information for TS1+lmr on input line 7
06.
(/home/danielle/.TinyTeX/texmf-dist/tex/latex/lm/ts1lmr.fd
File: ts1lmr.fd 2009/10/30 v1.6 Font defs for Latin Modern
) [39] [40] [41] [42]
<other_figs/threeBayesPlusWSLS.pdf, id=557, 431.6125pt x 368.37625pt>
File: other_figs/threeBayesPlusWSLS.pdf Graphic file (type pdf)
<use other_figs/threeBayesPlusWSLS.pdf>
Package pdftex.def Info: other_figs/threeBayesPlusWSLS.pdf  used on input line 
761.
(pdftex.def)             Requested size: 260.17464pt x 222.0617pt.
[43] [44 <./other_figs/threeBayesPlusWSLS.pdf>] [45] (./2017_descriptivebayes.b
bl [46] [47]
Underfull \vbox (badness 3407) has occurred while \output is active []

[48]
Underfull \vbox (badness 2922) has occurred while \output is active []

[49] [50]) [51] [52] [53] [54] [55] (./2017_descriptivebayes.aux) ) 
Here is how much of TeX's memory you used:
 19086 strings out of 482841
 359940 string characters out of 5957101
 614336 words of memory out of 5000000
 33995 multiletter control sequences out of 15000+600000
 639053 words of font info for 103 fonts, out of 8000000 for 9000
 14 hyphenation exceptions out of 8191
 68i,12n,83p,3445b,563s stack positions out of 5000i,500n,10000p,200000b,80000s
{/home/danie
lle/.TinyTeX/texmf-dist/fonts/enc/dvips/lm/lm-mathit.enc}{/home/danielle/.TinyT
eX/texmf-dist/fonts/enc/dvips/lm/lm-ts1.enc}{/home/danielle/.TinyTeX/texmf-dist
/fonts/enc/dvips/lm/lm-rm.enc}{/home/danielle/.TinyTeX/texmf-dist/fonts/enc/dvi
ps/lm/lm-ec.enc}{/home/danielle/.TinyTeX/texmf-dist/fonts/enc/dvips/lm/lm-maths
y.enc}{/home/danielle/.TinyTeX/texmf-dist/fonts/enc/dvips/lm/lm-mathex.enc}</ho
me/danielle/.TinyTeX/texmf-dist/fonts/type1/public/lm/lmbx10.pfb></home/daniell
e/.TinyTeX/texmf-dist/fonts/type1/public/lm/lmbxi10.pfb></home/danielle/.TinyTe
X/texmf-dist/fonts/type1/public/lm/lmcsc10.pfb></home/danielle/.TinyTeX/texmf-d
ist/fonts/type1/public/lm/lmex10.pfb></home/danielle/.TinyTeX/texmf-dist/fonts/
type1/public/lm/lmmi10.pfb></home/danielle/.TinyTeX/texmf-dist/fonts/type1/publ
ic/lm/lmmi6.pfb></home/danielle/.TinyTeX/texmf-dist/fonts/type1/public/lm/lmmi8
.pfb></home/danielle/.TinyTeX/texmf-dist/fonts/type1/public/lm/lmmi9.pfb></home
/danielle/.TinyTeX/texmf-dist/fonts/type1/public/lm/lmmib10.pfb></home/danielle
/.TinyTeX/texmf-dist/fonts/type1/public/lm/lmr10.pfb></home/danielle/.TinyTeX/t
exmf-dist/fonts/type1/public/lm/lmr17.pfb></home/danielle/.TinyTeX/texmf-dist/f
onts/type1/public/lm/lmr6.pfb></home/danielle/.TinyTeX/texmf-dist/fonts/type1/p
ublic/lm/lmr7.pfb></home/danielle/.TinyTeX/texmf-dist/fonts/type1/public/lm/lmr
8.pfb></home/danielle/.TinyTeX/texmf-dist/fonts/type1/public/lm/lmr9.pfb></home
/danielle/.TinyTeX/texmf-dist/fonts/type1/public/lm/lmri10.pfb></home/danielle/
.TinyTeX/texmf-dist/fonts/type1/public/lm/lmri9.pfb></home/danielle/.TinyTeX/te
xmf-dist/fonts/type1/public/lm/lmsy10.pfb></home/danielle/.TinyTeX/texmf-dist/f
onts/type1/public/lm/lmsy6.pfb></home/danielle/.TinyTeX/texmf-dist/fonts/type1/
public/lm/lmsy8.pfb></home/danielle/.TinyTeX/texmf-dist/fonts/type1/public/lm/l
msy9.pfb>
Output written on 2017_descriptivebayes.pdf (56 pages, 753755 bytes).
PDF statistics:
 686 PDF objects out of 1000 (max. 8388607)
 351 compressed objects within 4 object streams
 0 named destinations out of 1000 (max. 500000)
 229 words of extra memory for PDF output out of 10000 (max. 10000000)

