This is pdfTeX, Version 3.14159265-2.6-1.40.20 (TeX Live 2019) (preloaded format=pdflatex 2019.8.13)  13 AUG 2019 21:57
entering extended mode
 restricted \write18 enabled.
 %&-line parsing enabled.
**2012_samplingassumptions.tex
(./2012_samplingassumptions.tex
LaTeX2e <2018-12-01>
(/home/danielle/.TinyTeX/texmf-dist/tex/latex/apa6/apa6.cls
Document Class: apa6 2018/09/01 v2.33 APA formatting (6th edition)
(/home/danielle/.TinyTeX/texmf-dist/tex/latex/base/article.cls
Document Class: article 2018/09/03 v1.4i Standard LaTeX document class
(/home/danielle/.TinyTeX/texmf-dist/tex/latex/base/size11.clo
File: size11.clo 2018/09/03 v1.4i Standard LaTeX file (size option)
)
\c@part=\count80
\c@section=\count81
\c@subsection=\count82
\c@subsubsection=\count83
\c@paragraph=\count84
\c@subparagraph=\count85
\c@figure=\count86
\c@table=\count87
\abovecaptionskip=\skip41
\belowcaptionskip=\skip42
\bibindent=\dimen102
) (/home/danielle/.TinyTeX/texmf-dist/tex/latex/etoolbox/etoolbox.sty
Package: etoolbox 2018/08/19 v2.5f e-TeX tools for LaTeX (JAW)
\etb@tempcnta=\count88
)
Class apa6 Info: No bibliography package was specified; defaulting to (but not 
loading) Biblatex on input line 213.
(/home/danielle/.TinyTeX/texmf-dist/tex/latex/lm/lmodern.sty
Package: lmodern 2009/10/30 v1.6 Latin Modern Fonts
LaTeX Font Info:    Overwriting symbol font `operators' in version `normal'
(Font)                  OT1/cmr/m/n --> OT1/lmr/m/n on input line 22.
LaTeX Font Info:    Overwriting symbol font `letters' in version `normal'
(Font)                  OML/cmm/m/it --> OML/lmm/m/it on input line 23.
LaTeX Font Info:    Overwriting symbol font `symbols' in version `normal'
(Font)                  OMS/cmsy/m/n --> OMS/lmsy/m/n on input line 24.
LaTeX Font Info:    Overwriting symbol font `largesymbols' in version `normal'
(Font)                  OMX/cmex/m/n --> OMX/lmex/m/n on input line 25.
LaTeX Font Info:    Overwriting symbol font `operators' in version `bold'
(Font)                  OT1/cmr/bx/n --> OT1/lmr/bx/n on input line 26.
LaTeX Font Info:    Overwriting symbol font `letters' in version `bold'
(Font)                  OML/cmm/b/it --> OML/lmm/b/it on input line 27.
LaTeX Font Info:    Overwriting symbol font `symbols' in version `bold'
(Font)                  OMS/cmsy/b/n --> OMS/lmsy/b/n on input line 28.
LaTeX Font Info:    Overwriting symbol font `largesymbols' in version `bold'
(Font)                  OMX/cmex/m/n --> OMX/lmex/m/n on input line 29.
LaTeX Font Info:    Overwriting math alphabet `\mathbf' in version `normal'
(Font)                  OT1/cmr/bx/n --> OT1/lmr/bx/n on input line 31.
LaTeX Font Info:    Overwriting math alphabet `\mathsf' in version `normal'
(Font)                  OT1/cmss/m/n --> OT1/lmss/m/n on input line 32.
LaTeX Font Info:    Overwriting math alphabet `\mathit' in version `normal'
(Font)                  OT1/cmr/m/it --> OT1/lmr/m/it on input line 33.
LaTeX Font Info:    Overwriting math alphabet `\mathtt' in version `normal'
(Font)                  OT1/cmtt/m/n --> OT1/lmtt/m/n on input line 34.
LaTeX Font Info:    Overwriting math alphabet `\mathbf' in version `bold'
(Font)                  OT1/cmr/bx/n --> OT1/lmr/bx/n on input line 35.
LaTeX Font Info:    Overwriting math alphabet `\mathsf' in version `bold'
(Font)                  OT1/cmss/bx/n --> OT1/lmss/bx/n on input line 36.
LaTeX Font Info:    Overwriting math alphabet `\mathit' in version `bold'
(Font)                  OT1/cmr/bx/it --> OT1/lmr/bx/it on input line 37.
LaTeX Font Info:    Overwriting math alphabet `\mathtt' in version `bold'
(Font)                  OT1/cmtt/m/n --> OT1/lmtt/m/n on input line 38.
) (/home/danielle/.TinyTeX/texmf-dist/tex/latex/base/fontenc.sty
Package: fontenc 2018/08/11 v2.0j Standard LaTeX package
(/home/danielle/.TinyTeX/texmf-dist/tex/latex/base/t1enc.def
File: t1enc.def 2018/08/11 v2.0j Standard LaTeX file
LaTeX Font Info:    Redeclaring font encoding T1 on input line 48.
)) (/home/danielle/.TinyTeX/texmf-dist/tex/latex/geometry/geometry.sty
Package: geometry 2018/04/16 v5.8 Page Geometry
(/home/danielle/.TinyTeX/texmf-dist/tex/latex/graphics/keyval.sty
Package: keyval 2014/10/28 v1.15 key=value parser (DPC)
\KV@toks@=\toks14
) (/home/danielle/.TinyTeX/texmf-dist/tex/generic/oberdiek/ifpdf.sty
Package: ifpdf 2018/09/07 v3.3 Provides the ifpdf switch
) (/home/danielle/.TinyTeX/texmf-dist/tex/generic/oberdiek/ifvtex.sty
Package: ifvtex 2016/05/16 v1.6 Detect VTeX and its facilities (HO)
Package ifvtex Info: VTeX not detected.
) (/home/danielle/.TinyTeX/texmf-dist/tex/generic/ifxetex/ifxetex.sty
Package: ifxetex 2010/09/12 v0.6 Provides ifxetex conditional
)
\Gm@cnth=\count89
\Gm@cntv=\count90
\c@Gm@tempcnt=\count91
\Gm@bindingoffset=\dimen103
\Gm@wd@mp=\dimen104
\Gm@odd@mp=\dimen105
\Gm@even@mp=\dimen106
\Gm@layoutwidth=\dimen107
\Gm@layoutheight=\dimen108
\Gm@layouthoffset=\dimen109
\Gm@layoutvoffset=\dimen110
\Gm@dimlist=\toks15
) (/home/danielle/.TinyTeX/texmf-dist/tex/latex/graphics/graphicx.sty
Package: graphicx 2017/06/01 v1.1a Enhanced LaTeX Graphics (DPC,SPQR)
(/home/danielle/.TinyTeX/texmf-dist/tex/latex/graphics/graphics.sty
Package: graphics 2017/06/25 v1.2c Standard LaTeX Graphics (DPC,SPQR)
(/home/danielle/.TinyTeX/texmf-dist/tex/latex/graphics/trig.sty
Package: trig 2016/01/03 v1.10 sin cos tan (DPC)
) (/home/danielle/.TinyTeX/texmf-dist/tex/latex/graphics-cfg/graphics.cfg
File: graphics.cfg 2016/06/04 v1.11 sample graphics configuration
)
Package graphics Info: Driver file: pdftex.def on input line 99.
(/home/danielle/.TinyTeX/texmf-dist/tex/latex/graphics-def/pdftex.def
File: pdftex.def 2018/01/08 v1.0l Graphics/color driver for pdftex
))
\Gin@req@height=\dimen111
\Gin@req@width=\dimen112
) (/home/danielle/.TinyTeX/texmf-dist/tex/latex/booktabs/booktabs.sty
Package: booktabs 2016/04/27 v1.618033 publication quality tables
\heavyrulewidth=\dimen113
\lightrulewidth=\dimen114
\cmidrulewidth=\dimen115
\belowrulesep=\dimen116
\belowbottomsep=\dimen117
\aboverulesep=\dimen118
\abovetopsep=\dimen119
\cmidrulesep=\dimen120
\cmidrulekern=\dimen121
\defaultaddspace=\dimen122
\@cmidla=\count92
\@cmidlb=\count93
\@aboverulesep=\dimen123
\@belowrulesep=\dimen124
\@thisruleclass=\count94
\@lastruleclass=\count95
\@thisrulewidth=\dimen125
)
(/home/danielle/.TinyTeX/texmf-dist/tex/latex/threeparttable/threeparttable.sty
Package: threeparttable 2003/06/13  v 3.0
\@tempboxb=\box27
)
\b@level@one@skip=\skip43
\e@level@one@skip=\skip44
\b@level@two@skip=\skip45
\e@level@two@skip=\skip46
\b@level@three@skip=\skip47
\e@level@three@skip=\skip48
\b@level@four@skip=\skip49
\e@level@four@skip=\skip50
\b@level@five@skip=\skip51
\e@level@five@skip=\skip52
(/home/danielle/.TinyTeX/texmf-dist/tex/latex/caption/caption.sty
Package: caption 2018/10/06 v3.3-154 Customizing captions (AR)
(/home/danielle/.TinyTeX/texmf-dist/tex/latex/caption/caption3.sty
Package: caption3 2018/09/12 v1.8c caption3 kernel (AR)
Package caption3 Info: TeX engine: e-TeX on input line 64.
\captionmargin=\dimen126
\captionmargin@=\dimen127
\captionwidth=\dimen128
\caption@tempdima=\dimen129
\caption@indent=\dimen130
\caption@parindent=\dimen131
\caption@hangindent=\dimen132
)
\c@caption@flags=\count96
\c@ContinuedFloat=\count97
Package caption Info: threeparttable package is loaded.
)
\c@APAenum=\count98
\@text@par@indent=\skip53
\gr@box=\box28
\gr@boxwidth=\skip54
\gr@boxheight=\skip55
(/home/danielle/.TinyTeX/texmf-dist/tex/latex/tools/bm.sty
Package: bm 2017/01/16 v1.2c Bold Symbol Support (DPC/FMi)
\symboldoperators=\mathgroup4
\symboldletters=\mathgroup5
\symboldsymbols=\mathgroup6
LaTeX Font Info:    Redeclaring math alphabet \mathbf on input line 141.
LaTeX Info: Redefining \bm on input line 207.
)
\c@appendix=\count99
(/home/danielle/.TinyTeX/texmf-dist/tex/latex/fancyhdr/fancyhdr.sty
Package: fancyhdr 2019/01/31 v3.10 Extensive control of page headers and footer
s
\f@nch@headwidth=\skip56
\f@nch@O@elh=\skip57
\f@nch@O@erh=\skip58
\f@nch@O@olh=\skip59
\f@nch@O@orh=\skip60
\f@nch@O@elf=\skip61
\f@nch@O@erf=\skip62
\f@nch@O@olf=\skip63
\f@nch@O@orf=\skip64
)) (/home/danielle/.TinyTeX/texmf-dist/tex/latex/base/inputenc.sty
Package: inputenc 2018/08/11 v1.3c Input encoding file
\inpenc@prehook=\toks16
\inpenc@posthook=\toks17
) (/home/danielle/.TinyTeX/texmf-dist/tex/generic/babel/babel.sty
Package: babel 2019/07/19 3.33 The Babel package
(/home/danielle/.TinyTeX/texmf-dist/tex/generic/babel/switch.def
File: switch.def 2019/07/19 3.33 Babel switching mechanism
) (/home/danielle/.TinyTeX/texmf-dist/tex/generic/babel-english/american.ldf
Language: american 2017/06/06 v3.3r English support from the babel system
(/home/danielle/.TinyTeX/texmf-dist/tex/generic/babel-english/english.ldf
Language: english 2017/06/06 v3.3r English support from the babel system
(/home/danielle/.TinyTeX/texmf-dist/tex/generic/babel/babel.def
File: babel.def 2019/07/19 3.33 Babel common definitions
\babel@savecnt=\count100
\U@D=\dimen133
(/home/danielle/.TinyTeX/texmf-dist/tex/generic/babel/txtbabel.def)
\bbl@dirlevel=\count101
)
\l@british = a dialect from \language\l@english 
\l@UKenglish = a dialect from \language\l@english 
\l@canadian = a dialect from \language\l@american 
\l@australian = a dialect from \language\l@british 
\l@newzealand = a dialect from \language\l@british 
))) (/home/danielle/.TinyTeX/texmf-dist/tex/latex/oberdiek/epstopdf.sty
Package: epstopdf 2016/05/15 v2.6 Conversion with epstopdf on the fly (HO)
(/home/danielle/.TinyTeX/texmf-dist/tex/latex/oberdiek/epstopdf-base.sty
Package: epstopdf-base 2016/05/15 v2.6 Base part for package epstopdf
(/home/danielle/.TinyTeX/texmf-dist/tex/generic/oberdiek/infwarerr.sty
Package: infwarerr 2016/05/16 v1.4 Providing info/warning/error messages (HO)
) (/home/danielle/.TinyTeX/texmf-dist/tex/latex/oberdiek/grfext.sty
Package: grfext 2016/05/16 v1.2 Manage graphics extensions (HO)
(/home/danielle/.TinyTeX/texmf-dist/tex/generic/oberdiek/kvdefinekeys.sty
Package: kvdefinekeys 2016/05/16 v1.4 Define keys (HO)
(/home/danielle/.TinyTeX/texmf-dist/tex/generic/oberdiek/ltxcmds.sty
Package: ltxcmds 2016/05/16 v1.23 LaTeX kernel commands for general use (HO)
))) (/home/danielle/.TinyTeX/texmf-dist/tex/latex/oberdiek/kvoptions.sty
Package: kvoptions 2016/05/16 v3.12 Key value format for package options (HO)
(/home/danielle/.TinyTeX/texmf-dist/tex/generic/oberdiek/kvsetkeys.sty
Package: kvsetkeys 2016/05/16 v1.17 Key value parser (HO)
(/home/danielle/.TinyTeX/texmf-dist/tex/generic/oberdiek/etexcmds.sty
Package: etexcmds 2016/05/16 v1.6 Avoid name clashes with e-TeX commands (HO)
(/home/danielle/.TinyTeX/texmf-dist/tex/generic/oberdiek/ifluatex.sty
Package: ifluatex 2016/05/16 v1.4 Provides the ifluatex switch (HO)
Package ifluatex Info: LuaTeX not detected.
)))) (/home/danielle/.TinyTeX/texmf-dist/tex/generic/oberdiek/pdftexcmds.sty
Package: pdftexcmds 2019/07/25 v0.30 Utility functions of pdfTeX for LuaTeX (HO
)
Package pdftexcmds Info: LuaTeX not detected.
Package pdftexcmds Info: \pdf@primitive is available.
Package pdftexcmds Info: \pdf@ifprimitive is available.
Package pdftexcmds Info: \pdfdraftmode found.
)
Package epstopdf-base Info: Redefining graphics rule for `.eps' on input line 4
38.
Package grfext Info: Graphics extension search list:
(grfext)             [.pdf,.png,.jpg,.mps,.jpeg,.jbig2,.jb2,.PDF,.PNG,.JPG,.JPE
G,.JBIG2,.JB2,.eps]
(grfext)             \AppendGraphicsExtensions on input line 456.
(/home/danielle/.TinyTeX/texmf-dist/tex/latex/latexconfig/epstopdf-sys.cfg
File: epstopdf-sys.cfg 2010/07/13 v1.3 Configuration of (r)epstopdf for TeX Liv
e
))) (/home/danielle/.TinyTeX/texmf-dist/tex/latex/graphics/epsfig.sty
Package: epsfig 2017/06/25 v1.7b (e)psfig emulation (SPQR)
\epsfxsize=\dimen134
\epsfysize=\dimen135
) (/home/danielle/.TinyTeX/texmf-dist/tex/latex/apacite/apacite.sty
Package: apacite 2013/07/21 v6.03 APA citation
\c@BibCnt=\count102
\bibleftmargin=\skip65
\bibindent=\skip66
\bibparsep=\skip67
\bibitemsep=\skip68
\biblabelsep=\skip69
) (/home/danielle/.TinyTeX/texmf-dist/tex/latex/amsfonts/amssymb.sty
Package: amssymb 2013/01/14 v3.01 AMS font symbols
(/home/danielle/.TinyTeX/texmf-dist/tex/latex/amsfonts/amsfonts.sty
Package: amsfonts 2013/01/14 v3.01 Basic AMSFonts support
\@emptytoks=\toks18
\symAMSa=\mathgroup7
\symAMSb=\mathgroup8
LaTeX Font Info:    Overwriting math alphabet `\mathfrak' in version `bold'
(Font)                  U/euf/m/n --> U/euf/b/n on input line 106.
)) (/home/danielle/.TinyTeX/texmf-dist/tex/latex/amsmath/amsmath.sty
Package: amsmath 2018/12/01 v2.17b AMS math features
\@mathmargin=\skip70
For additional information on amsmath, use the `?' option.
(/home/danielle/.TinyTeX/texmf-dist/tex/latex/amsmath/amstext.sty
Package: amstext 2000/06/29 v2.01 AMS text
(/home/danielle/.TinyTeX/texmf-dist/tex/latex/amsmath/amsgen.sty
File: amsgen.sty 1999/11/30 v2.0 generic functions
\@emptytoks=\toks19
\ex@=\dimen136
)) (/home/danielle/.TinyTeX/texmf-dist/tex/latex/amsmath/amsbsy.sty
Package: amsbsy 1999/11/29 v1.2d Bold Symbols
LaTeX Info: Redefining \boldsymbol on input line 28.
\pmbraise@=\dimen137
) (/home/danielle/.TinyTeX/texmf-dist/tex/latex/amsmath/amsopn.sty
Package: amsopn 2016/03/08 v2.02 operator names
)
\inf@bad=\count103
LaTeX Info: Redefining \frac on input line 223.
\uproot@=\count104
\leftroot@=\count105
LaTeX Info: Redefining \overline on input line 385.
\classnum@=\count106
\DOTSCASE@=\count107
LaTeX Info: Redefining \ldots on input line 482.
LaTeX Info: Redefining \dots on input line 485.
LaTeX Info: Redefining \cdots on input line 606.
\Mathstrutbox@=\box29
\strutbox@=\box30
\big@size=\dimen138
LaTeX Font Info:    Redeclaring font encoding OML on input line 729.
LaTeX Font Info:    Redeclaring font encoding OMS on input line 730.
\macc@depth=\count108
\c@MaxMatrixCols=\count109
\dotsspace@=\muskip10
\c@parentequation=\count110
\dspbrk@lvl=\count111
\tag@help=\toks20
\row@=\count112
\column@=\count113
\maxfields@=\count114
\andhelp@=\toks21
\eqnshift@=\dimen139
\alignsep@=\dimen140
\tagshift@=\dimen141
\tagwidth@=\dimen142
\totwidth@=\dimen143
\lineht@=\dimen144
\@envbody=\toks22
\multlinegap=\skip71
\multlinetaggap=\skip72
\mathdisplay@stack=\toks23
LaTeX Info: Redefining \[ on input line 2844.
LaTeX Info: Redefining \] on input line 2845.
) (/home/danielle/.TinyTeX/texmf-dist/tex/latex/enumitem/enumitem.sty
Package: enumitem 2019/06/20 v3.9 Customized lists
\labelindent=\skip73
\enit@outerparindent=\dimen145
\enit@toks=\toks24
\enit@inbox=\box31
\enit@count@id=\count115
\enitdp@description=\count116
)
(/home/danielle/.TinyTeX/texmf-dist/tex/latex/draftwatermark/draftwatermark.sty
Package: draftwatermark 2015/02/19 1.2 Put a gray textual watermark on document
 pages
(/home/danielle/.TinyTeX/texmf-dist/tex/latex/everypage/everypage.sty
Package: everypage 2007/06/20 1.1 Hooks to run on every page
) (/home/danielle/.TinyTeX/texmf-dist/tex/latex/graphics/color.sty
Package: color 2016/07/10 v1.1e Standard LaTeX Color (DPC)
(/home/danielle/.TinyTeX/texmf-dist/tex/latex/graphics-cfg/color.cfg
File: color.cfg 2016/01/02 v1.6 sample color configuration
)
Package color Info: Driver file: pdftex.def on input line 147.
)
\sc@wm@hcenter=\skip74
\sc@wm@vcenter=\skip75
\sc@wm@fontsize=\skip76
) (./2012_samplingassumptions.aux)
\openout1 = `2012_samplingassumptions.aux'.

LaTeX Font Info:    Checking defaults for OML/cmm/m/it on input line 51.
LaTeX Font Info:    ... okay on input line 51.
LaTeX Font Info:    Checking defaults for T1/cmr/m/n on input line 51.
LaTeX Font Info:    ... okay on input line 51.
LaTeX Font Info:    Checking defaults for OT1/cmr/m/n on input line 51.
LaTeX Font Info:    ... okay on input line 51.
LaTeX Font Info:    Checking defaults for OMS/cmsy/m/n on input line 51.
LaTeX Font Info:    ... okay on input line 51.
LaTeX Font Info:    Checking defaults for OMX/cmex/m/n on input line 51.
LaTeX Font Info:    ... okay on input line 51.
LaTeX Font Info:    Checking defaults for U/cmr/m/n on input line 51.
LaTeX Font Info:    ... okay on input line 51.
LaTeX Font Info:    Try loading font information for T1+lmr on input line 51.
(/home/danielle/.TinyTeX/texmf-dist/tex/latex/lm/t1lmr.fd
File: t1lmr.fd 2009/10/30 v1.6 Font defs for Latin Modern
)
*geometry* driver: auto-detecting
*geometry* detected driver: pdftex
*geometry* verbose mode - [ preamble ] result:
* driver: pdftex
* paper: <default>
* layout: <same size as paper>
* layoutoffset:(h,v)=(0.0pt,0.0pt)
* modes: 
* h-part:(L,W,R)=(72.26999pt, 469.75502pt, 72.26999pt)
* v-part:(T,H,B)=(72.26999pt, 650.43001pt, 72.26999pt)
* \paperwidth=614.295pt
* \paperheight=794.96999pt
* \textwidth=433.62pt
* \textheight=614.295pt
* \oddsidemargin=18.06749pt
* \evensidemargin=18.06749pt
* \topmargin=-18.06749pt
* \headheight=15.2pt
* \headsep=25.0pt
* \topskip=11.0pt
* \footskip=30.0pt
* \marginparwidth=59.0pt
* \marginparsep=10.0pt
* \columnsep=10.0pt
* \skip\footins=10.0pt plus 4.0pt minus 2.0pt
* \hoffset=0.0pt
* \voffset=0.0pt
* \mag=1000
* \@twocolumnfalse
* \@twosidefalse
* \@mparswitchfalse
* \@reversemarginfalse
* (1in=72.27pt=25.4mm, 1cm=28.453pt)

(/home/danielle/.TinyTeX/texmf-dist/tex/latex/apa6/config/APAamerican.txt
File: APAamerican.txt 2012/02/23 v1.25 apa6 configuration for American English
)
Package caption Info: Begin \AtBeginDocument code.
Package caption Info: End \AtBeginDocument code.
\c@maskedRefs=\count117
(/home/danielle/.TinyTeX/texmf-dist/tex/latex/apacite/english.apc
File: english.apc 2013/07/21 v6.03 apacite language file
LaTeX Info: Redefining \BPBI on input line 129.
LaTeX Info: Redefining \BHBI on input line 130.
)
Class apa6 Info: Keywords not defined on input line 52.
Using title for running head
LaTeX Font Info:    Try loading font information for OT1+lmr on input line 52.
(/home/danielle/.TinyTeX/texmf-dist/tex/latex/lm/ot1lmr.fd
File: ot1lmr.fd 2009/10/30 v1.6 Font defs for Latin Modern
)
LaTeX Font Info:    Try loading font information for OML+lmm on input line 52.
(/home/danielle/.TinyTeX/texmf-dist/tex/latex/lm/omllmm.fd
File: omllmm.fd 2009/10/30 v1.6 Font defs for Latin Modern
)
LaTeX Font Info:    Try loading font information for OMS+lmsy on input line 52.

(/home/danielle/.TinyTeX/texmf-dist/tex/latex/lm/omslmsy.fd
File: omslmsy.fd 2009/10/30 v1.6 Font defs for Latin Modern
)
LaTeX Font Info:    Try loading font information for OMX+lmex on input line 52.

(/home/danielle/.TinyTeX/texmf-dist/tex/latex/lm/omxlmex.fd
File: omxlmex.fd 2009/10/30 v1.6 Font defs for Latin Modern
)
LaTeX Font Info:    External font `lmex10' loaded for size
(Font)              <10.95> on input line 52.
LaTeX Font Info:    External font `lmex10' loaded for size
(Font)              <8> on input line 52.
LaTeX Font Info:    External font `lmex10' loaded for size
(Font)              <6> on input line 52.
LaTeX Font Info:    Try loading font information for U+msa on input line 52.
(/home/danielle/.TinyTeX/texmf-dist/tex/latex/amsfonts/umsa.fd
File: umsa.fd 2013/01/14 v3.01 AMS symbols A
)
LaTeX Font Info:    Try loading font information for U+msb on input line 52.
(/home/danielle/.TinyTeX/texmf-dist/tex/latex/amsfonts/umsb.fd
File: umsb.fd 2013/01/14 v3.01 AMS symbols B
) [1{/home/danielle/.TinyTeX/texmf-var/fonts/map/pdftex/updmap/pdftex.map}

] [2]
LaTeX Font Info:    External font `lmex10' loaded for size
(Font)              <9> on input line 79.
LaTeX Font Info:    External font `lmex10' loaded for size
(Font)              <5> on input line 79.
[3] [4] [5] [6] [7] [8] [9]
Package epstopdf Info: Source file: <./figs/tropics.eps>
(epstopdf)                    date: 2010-06-13 10:42:06
(epstopdf)                    size: 643378 bytes
(epstopdf)             Output file: <./figs/tropics-eps-converted-to.pdf>
(epstopdf)                    date: 2019-08-13 21:29:44
(epstopdf)                    size: 162893 bytes
(epstopdf)             Command: <repstopdf --outfile=./figs/tropics-eps-convert
ed-to.pdf ./figs/tropics.eps>
(epstopdf)             \includegraphics on input line 156.
Package epstopdf Info: Output file is already uptodate.
<./figs/tropics-eps-converted-to.pdf, id=48, 724.7075pt x 368.37625pt>
File: ./figs/tropics-eps-converted-to.pdf Graphic file (type pdf)
<use ./figs/tropics-eps-converted-to.pdf>
Package pdftex.def Info: ./figs/tropics-eps-converted-to.pdf  used on input lin
e 156.
(pdftex.def)             Requested size: 312.9803pt x 159.09007pt.
[10 <./figs/tropics-eps-converted-to.pdf>] [11]
Package epstopdf Info: Source file: <./figs/tropicsprior1.eps>
(epstopdf)                    date: 2010-06-13 14:16:50
(epstopdf)                    size: 2552100 bytes
(epstopdf)             Output file: <./figs/tropicsprior1-eps-converted-to.pdf>

(epstopdf)                    date: 2019-08-13 21:29:46
(epstopdf)                    size: 72680 bytes
(epstopdf)             Command: <repstopdf --outfile=./figs/tropicsprior1-eps-c
onverted-to.pdf ./figs/tropicsprior1.eps>
(epstopdf)             \includegraphics on input line 200.
Package epstopdf Info: Output file is already uptodate.
<./figs/tropicsprior1-eps-converted-to.pdf, id=61, 342.27875pt x 379.4175pt>
File: ./figs/tropicsprior1-eps-converted-to.pdf Graphic file (type pdf)
<use ./figs/tropicsprior1-eps-converted-to.pdf>
Package pdftex.def Info: ./figs/tropicsprior1-eps-converted-to.pdf  used on inp
ut line 200.
(pdftex.def)             Requested size: 156.49014pt x 173.47469pt.
Package epstopdf Info: Source file: <./figs/tropicsprior2.eps>
(epstopdf)                    date: 2010-06-13 14:16:40
(epstopdf)                    size: 2552098 bytes
(epstopdf)             Output file: <./figs/tropicsprior2-eps-converted-to.pdf>

(epstopdf)                    date: 2019-08-13 21:29:48
(epstopdf)                    size: 72642 bytes
(epstopdf)             Command: <repstopdf --outfile=./figs/tropicsprior2-eps-c
onverted-to.pdf ./figs/tropicsprior2.eps>
(epstopdf)             \includegraphics on input line 201.
Package epstopdf Info: Output file is already uptodate.
<./figs/tropicsprior2-eps-converted-to.pdf, id=62, 342.27875pt x 379.4175pt>
File: ./figs/tropicsprior2-eps-converted-to.pdf Graphic file (type pdf)
<use ./figs/tropicsprior2-eps-converted-to.pdf>
Package pdftex.def Info: ./figs/tropicsprior2-eps-converted-to.pdf  used on inp
ut line 201.
(pdftex.def)             Requested size: 156.49014pt x 173.47469pt.
Package epstopdf Info: Source file: <./figs/tropicsprior3.eps>
(epstopdf)                    date: 2010-06-13 14:16:16
(epstopdf)                    size: 2552098 bytes
(epstopdf)             Output file: <./figs/tropicsprior3-eps-converted-to.pdf>

(epstopdf)                    date: 2019-08-13 21:29:50
(epstopdf)                    size: 72683 bytes
(epstopdf)             Command: <repstopdf --outfile=./figs/tropicsprior3-eps-c
onverted-to.pdf ./figs/tropicsprior3.eps>
(epstopdf)             \includegraphics on input line 202.
Package epstopdf Info: Output file is already uptodate.
<./figs/tropicsprior3-eps-converted-to.pdf, id=63, 342.27875pt x 379.4175pt>
File: ./figs/tropicsprior3-eps-converted-to.pdf Graphic file (type pdf)
<use ./figs/tropicsprior3-eps-converted-to.pdf>
Package pdftex.def Info: ./figs/tropicsprior3-eps-converted-to.pdf  used on inp
ut line 202.
(pdftex.def)             Requested size: 156.49014pt x 173.47469pt.

Overfull \hbox (16.3681pt too wide) in paragraph at lines 199--204
 [] 
 []

Package epstopdf Info: Source file: <./figs/tropicsposterior1.eps>
(epstopdf)                    date: 2010-06-13 14:14:54
(epstopdf)                    size: 2552172 bytes
(epstopdf)             Output file: <./figs/tropicsposterior1-eps-converted-to.
pdf>
(epstopdf)                    date: 2019-08-13 21:29:51
(epstopdf)                    size: 73729 bytes
(epstopdf)             Command: <repstopdf --outfile=./figs/tropicsposterior1-e
ps-converted-to.pdf ./figs/tropicsposterior1.eps>
(epstopdf)             \includegraphics on input line 213.
Package epstopdf Info: Output file is already uptodate.
<./figs/tropicsposterior1-eps-converted-to.pdf, id=64, 342.27875pt x 379.4175pt
>
File: ./figs/tropicsposterior1-eps-converted-to.pdf Graphic file (type pdf)
<use ./figs/tropicsposterior1-eps-converted-to.pdf>
Package pdftex.def Info: ./figs/tropicsposterior1-eps-converted-to.pdf  used on
 input line 213.
(pdftex.def)             Requested size: 156.49014pt x 173.47469pt.
Package epstopdf Info: Source file: <./figs/tropicsposterior2.eps>
(epstopdf)                    date: 2010-06-13 14:14:32
(epstopdf)                    size: 2552175 bytes
(epstopdf)             Output file: <./figs/tropicsposterior2-eps-converted-to.
pdf>
(epstopdf)                    date: 2019-08-13 21:29:53
(epstopdf)                    size: 73752 bytes
(epstopdf)             Command: <repstopdf --outfile=./figs/tropicsposterior2-e
ps-converted-to.pdf ./figs/tropicsposterior2.eps>
(epstopdf)             \includegraphics on input line 214.
Package epstopdf Info: Output file is already uptodate.
<./figs/tropicsposterior2-eps-converted-to.pdf, id=65, 342.27875pt x 379.4175pt
>
File: ./figs/tropicsposterior2-eps-converted-to.pdf Graphic file (type pdf)
<use ./figs/tropicsposterior2-eps-converted-to.pdf>
Package pdftex.def Info: ./figs/tropicsposterior2-eps-converted-to.pdf  used on
 input line 214.
(pdftex.def)             Requested size: 156.49014pt x 173.47469pt.
Package epstopdf Info: Source file: <./figs/tropicsposterior3.eps>
(epstopdf)                    date: 2010-06-13 14:15:08
(epstopdf)                    size: 2552172 bytes
(epstopdf)             Output file: <./figs/tropicsposterior3-eps-converted-to.
pdf>
(epstopdf)                    date: 2019-08-13 21:29:55
(epstopdf)                    size: 73749 bytes
(epstopdf)             Command: <repstopdf --outfile=./figs/tropicsposterior3-e
ps-converted-to.pdf ./figs/tropicsposterior3.eps>
(epstopdf)             \includegraphics on input line 215.
Package epstopdf Info: Output file is already uptodate.
<./figs/tropicsposterior3-eps-converted-to.pdf, id=66, 342.27875pt x 379.4175pt
>
File: ./figs/tropicsposterior3-eps-converted-to.pdf Graphic file (type pdf)
<use ./figs/tropicsposterior3-eps-converted-to.pdf>
Package pdftex.def Info: ./figs/tropicsposterior3-eps-converted-to.pdf  used on
 input line 215.
(pdftex.def)             Requested size: 156.49014pt x 173.47469pt.

Overfull \hbox (16.3681pt too wide) in paragraph at lines 212--217
 [] 
 []

[12] [13 <./figs/tropicsprior1-eps-converted-to.pdf> <./figs/tropicsprior2-eps-
converted-to.pdf> <./figs/tropicsprior3-eps-converted-to.pdf> <./figs/tropicspo
sterior1-eps-converted-to.pdf> <./figs/tropicsposterior2-eps-converted-to.pdf> 
<./figs/tropicsposterior3-eps-converted-to.pdf>] [14]
Package epstopdf Info: Source file: <./figs/discreteexample1.eps>
(epstopdf)                    date: 2010-06-13 18:09:08
(epstopdf)                    size: 18008 bytes
(epstopdf)             Output file: <./figs/discreteexample1-eps-converted-to.p
df>
(epstopdf)                    date: 2019-08-13 21:29:55
(epstopdf)                    size: 8601 bytes
(epstopdf)             Command: <repstopdf --outfile=./figs/discreteexample1-ep
s-converted-to.pdf ./figs/discreteexample1.eps>
(epstopdf)             \includegraphics on input line 240.
Package epstopdf Info: Output file is already uptodate.
<./figs/discreteexample1-eps-converted-to.pdf, id=137, 346.29375pt x 533.995pt>

File: ./figs/discreteexample1-eps-converted-to.pdf Graphic file (type pdf)
<use ./figs/discreteexample1-eps-converted-to.pdf>
Package pdftex.def Info: ./figs/discreteexample1-eps-converted-to.pdf  used on 
input line 240.
(pdftex.def)             Requested size: 156.49014pt x 241.31404pt.
Package epstopdf Info: Source file: <./figs/discreteexample2.eps>
(epstopdf)                    date: 2010-06-13 18:09:26
(epstopdf)                    size: 18011 bytes
(epstopdf)             Output file: <./figs/discreteexample2-eps-converted-to.p
df>
(epstopdf)                    date: 2019-08-13 21:29:55
(epstopdf)                    size: 8634 bytes
(epstopdf)             Command: <repstopdf --outfile=./figs/discreteexample2-ep
s-converted-to.pdf ./figs/discreteexample2.eps>
(epstopdf)             \includegraphics on input line 241.
Package epstopdf Info: Output file is already uptodate.
<./figs/discreteexample2-eps-converted-to.pdf, id=138, 346.29375pt x 533.995pt>

File: ./figs/discreteexample2-eps-converted-to.pdf Graphic file (type pdf)
<use ./figs/discreteexample2-eps-converted-to.pdf>
Package pdftex.def Info: ./figs/discreteexample2-eps-converted-to.pdf  used on 
input line 241.
(pdftex.def)             Requested size: 156.49014pt x 241.31404pt.
Package epstopdf Info: Source file: <./figs/discreteexample3.eps>
(epstopdf)                    date: 2010-06-13 18:08:52
(epstopdf)                    size: 18007 bytes
(epstopdf)             Output file: <./figs/discreteexample3-eps-converted-to.p
df>
(epstopdf)                    date: 2019-08-13 21:29:55
(epstopdf)                    size: 8757 bytes
(epstopdf)             Command: <repstopdf --outfile=./figs/discreteexample3-ep
s-converted-to.pdf ./figs/discreteexample3.eps>
(epstopdf)             \includegraphics on input line 242.
Package epstopdf Info: Output file is already uptodate.
<./figs/discreteexample3-eps-converted-to.pdf, id=139, 346.29375pt x 533.995pt>

File: ./figs/discreteexample3-eps-converted-to.pdf Graphic file (type pdf)
<use ./figs/discreteexample3-eps-converted-to.pdf>
Package pdftex.def Info: ./figs/discreteexample3-eps-converted-to.pdf  used on 
input line 242.
(pdftex.def)             Requested size: 156.49014pt x 241.31404pt.

Overfull \hbox (16.3681pt too wide) in paragraph at lines 239--244
 [] 
 []

[15]
Package epstopdf Info: Source file: <./figs/samplingmodelvariation.eps>
(epstopdf)                    date: 2009-09-27 12:01:56
(epstopdf)                    size: 133822 bytes
(epstopdf)             Output file: <./figs/samplingmodelvariation-eps-converte
d-to.pdf>
(epstopdf)                    date: 2019-08-13 21:29:55
(epstopdf)                    size: 132414 bytes
(epstopdf)             Command: <repstopdf --outfile=./figs/samplingmodelvariat
ion-eps-converted-to.pdf ./figs/samplingmodelvariation.eps>
(epstopdf)             \includegraphics on input line 257.
Package epstopdf Info: Output file is already uptodate.
<./figs/samplingmodelvariation-eps-converted-to.pdf, id=143, 568.1225pt x 491.8
375pt>
File: ./figs/samplingmodelvariation-eps-converted-to.pdf Graphic file (type pdf
)
<use ./figs/samplingmodelvariation-eps-converted-to.pdf>
Package pdftex.def Info: ./figs/samplingmodelvariation-eps-converted-to.pdf  us
ed on input line 257.
(pdftex.def)             Requested size: 369.88582pt x 320.23093pt.
Package epstopdf Info: Source file: <./figs/priorvariation.eps>
(epstopdf)                    date: 2009-09-27 12:02:10
(epstopdf)                    size: 133373 bytes
(epstopdf)             Output file: <./figs/priorvariation-eps-converted-to.pdf
>
(epstopdf)                    date: 2019-08-13 21:29:56
(epstopdf)                    size: 133334 bytes
(epstopdf)             Command: <repstopdf --outfile=./figs/priorvariation-eps-
converted-to.pdf ./figs/priorvariation.eps>
(epstopdf)             \includegraphics on input line 265.
Package epstopdf Info: Output file is already uptodate.
<./figs/priorvariation-eps-converted-to.pdf, id=144, 568.1225pt x 491.8375pt>
File: ./figs/priorvariation-eps-converted-to.pdf Graphic file (type pdf)
<use ./figs/priorvariation-eps-converted-to.pdf>
Package pdftex.def Info: ./figs/priorvariation-eps-converted-to.pdf  used on in
put line 265.
(pdftex.def)             Requested size: 369.88582pt x 320.23093pt.
Package epstopdf Info: Source file: <./figs/design2.eps>
(epstopdf)                    date: 2008-01-20 12:42:48
(epstopdf)                    size: 23653 bytes
(epstopdf)             Output file: <./figs/design2-eps-converted-to.pdf>
(epstopdf)                    date: 2019-08-13 21:29:56
(epstopdf)                    size: 14537 bytes
(epstopdf)             Command: <repstopdf --outfile=./figs/design2-eps-convert
ed-to.pdf ./figs/design2.eps>
(epstopdf)             \includegraphics on input line 277.
Package epstopdf Info: Output file is already uptodate.
<./figs/design2-eps-converted-to.pdf, id=145, 757.83125pt x 313.17pt>
File: ./figs/design2-eps-converted-to.pdf Graphic file (type pdf)
<use ./figs/design2-eps-converted-to.pdf>
Package pdftex.def Info: ./figs/design2-eps-converted-to.pdf  used on input lin
e 277.
(pdftex.def)             Requested size: 512.1496pt x 211.64343pt.

Overfull \hbox (44.38638pt too wide) in paragraph at lines 277--278
 | [] 
 []

[16 <./figs/discreteexample1-eps-converted-to.pdf> <./figs/discreteexample2-eps
-converted-to.pdf> <./figs/discreteexample3-eps-converted-to.pdf>] [17 <./figs/
samplingmodelvariation-eps-converted-to.pdf>] [18 <./figs/priorvariation-eps-co
nverted-to.pdf>] [19 <./figs/design2-eps-converted-to.pdf>]
Package epstopdf Info: Source file: <./figs/rawdata_participant14and2expt1.eps>

(epstopdf)                    date: 2009-09-24 13:49:28
(epstopdf)                    size: 19300 bytes
(epstopdf)             Output file: <./figs/rawdata_participant14and2expt1-eps-
converted-to.pdf>
(epstopdf)                    date: 2019-08-13 21:29:56
(epstopdf)                    size: 11251 bytes
(epstopdf)             Command: <repstopdf --outfile=./figs/rawdata_participant
14and2expt1-eps-converted-to.pdf ./figs/rawdata_participant14and2expt1.eps>
(epstopdf)             \includegraphics on input line 298.
Package epstopdf Info: Output file is already uptodate.
<./figs/rawdata_participant14and2expt1-eps-converted-to.pdf, id=210, 560.0925pt
 x 436.63126pt>
File: ./figs/rawdata_participant14and2expt1-eps-converted-to.pdf Graphic file (
type pdf)
<use ./figs/rawdata_participant14and2expt1-eps-converted-to.pdf>
Package pdftex.def Info: ./figs/rawdata_participant14and2expt1-eps-converted-to
.pdf  used on input line 298.
(pdftex.def)             Requested size: 369.88582pt x 288.36406pt.
[20 <./figs/rawdata_participant14and2expt1-eps-converted-to.pdf>]
Package epstopdf Info: Source file: <./figs/correlations1.eps>
(epstopdf)                    date: 2010-06-21 16:08:12
(epstopdf)                    size: 16375 bytes
(epstopdf)             Output file: <./figs/correlations1-eps-converted-to.pdf>

(epstopdf)                    date: 2019-08-13 21:29:56
(epstopdf)                    size: 8692 bytes
(epstopdf)             Command: <repstopdf --outfile=./figs/correlations1-eps-c
onverted-to.pdf ./figs/correlations1.eps>
(epstopdf)             \includegraphics on input line 317.
Package epstopdf Info: Output file is already uptodate.
<./figs/correlations1-eps-converted-to.pdf, id=219, 882.29625pt x 317.185pt>
File: ./figs/correlations1-eps-converted-to.pdf Graphic file (type pdf)
<use ./figs/correlations1-eps-converted-to.pdf>
Package pdftex.def Info: ./figs/correlations1-eps-converted-to.pdf  used on inp
ut line 317.
(pdftex.def)             Requested size: 455.24408pt x 163.65941pt.

Overfull \hbox (21.62408pt too wide) in paragraph at lines 317--318
 [] 
 []

[21]
Package epstopdf Info: Source file: <./figs/marginalposteriors_expt1.eps>
(epstopdf)                    date: 2010-06-22 16:16:32
(epstopdf)                    size: 11935 bytes
(epstopdf)             Output file: <./figs/marginalposteriors_expt1-eps-conver
ted-to.pdf>
(epstopdf)                    date: 2019-08-13 21:29:56
(epstopdf)                    size: 8357 bytes
(epstopdf)             Command: <repstopdf --outfile=./figs/marginalposteriors_
expt1-eps-converted-to.pdf ./figs/marginalposteriors_expt1.eps>
(epstopdf)             \includegraphics on input line 332.
Package epstopdf Info: Output file is already uptodate.
<./figs/marginalposteriors_expt1-eps-converted-to.pdf, id=223, 725.71124pt x 27
6.03125pt>
File: ./figs/marginalposteriors_expt1-eps-converted-to.pdf Graphic file (type p
df)
<use ./figs/marginalposteriors_expt1-eps-converted-to.pdf>
Package pdftex.def Info: ./figs/marginalposteriors_expt1-eps-converted-to.pdf  
used on input line 332.
(pdftex.def)             Requested size: 426.79134pt x 162.33896pt.
[22 <./figs/correlations1-eps-converted-to.pdf>] [23 <./figs/marginalposteriors
_expt1-eps-converted-to.pdf>] [24]
Package epstopdf Info: Source file: <./figs/correlations2.eps>
(epstopdf)                    date: 2010-06-21 16:32:12
(epstopdf)                    size: 16237 bytes
(epstopdf)             Output file: <./figs/correlations2-eps-converted-to.pdf>

(epstopdf)                    date: 2019-08-13 21:29:56
(epstopdf)                    size: 8271 bytes
(epstopdf)             Command: <repstopdf --outfile=./figs/correlations2-eps-c
onverted-to.pdf ./figs/correlations2.eps>
(epstopdf)             \includegraphics on input line 374.
Package epstopdf Info: Output file is already uptodate.
<./figs/correlations2-eps-converted-to.pdf, id=247, 882.29625pt x 317.185pt>
File: ./figs/correlations2-eps-converted-to.pdf Graphic file (type pdf)
<use ./figs/correlations2-eps-converted-to.pdf>
Package pdftex.def Info: ./figs/correlations2-eps-converted-to.pdf  used on inp
ut line 374.
(pdftex.def)             Requested size: 455.24408pt x 163.65941pt.

Overfull \hbox (21.62408pt too wide) in paragraph at lines 374--375
 [] 
 []

[25 <./figs/correlations2-eps-converted-to.pdf>]
Package epstopdf Info: Source file: <./figs/marginalposteriors_expt2.eps>
(epstopdf)                    date: 2010-06-22 16:15:32
(epstopdf)                    size: 11570 bytes
(epstopdf)             Output file: <./figs/marginalposteriors_expt2-eps-conver
ted-to.pdf>
(epstopdf)                    date: 2019-08-13 21:29:56
(epstopdf)                    size: 8124 bytes
(epstopdf)             Command: <repstopdf --outfile=./figs/marginalposteriors_
expt2-eps-converted-to.pdf ./figs/marginalposteriors_expt2.eps>
(epstopdf)             \includegraphics on input line 394.
Package epstopdf Info: Output file is already uptodate.
<./figs/marginalposteriors_expt2-eps-converted-to.pdf, id=257, 725.71124pt x 27
7.035pt>
File: ./figs/marginalposteriors_expt2-eps-converted-to.pdf Graphic file (type p
df)
<use ./figs/marginalposteriors_expt2-eps-converted-to.pdf>
Package pdftex.def Info: ./figs/marginalposteriors_expt2-eps-converted-to.pdf  
used on input line 394.
(pdftex.def)             Requested size: 426.79134pt x 162.92928pt.
[26 <./figs/marginalposteriors_expt2-eps-converted-to.pdf>]
Package epstopdf Info: Source file: <./figs/p2s1e1.eps>
(epstopdf)                    date: 2010-06-22 18:50:20
(epstopdf)                    size: 26438 bytes
(epstopdf)             Output file: <./figs/p2s1e1-eps-converted-to.pdf>
(epstopdf)                    date: 2019-08-13 21:29:57
(epstopdf)                    size: 25793 bytes
(epstopdf)             Command: <repstopdf --outfile=./figs/p2s1e1-eps-converte
d-to.pdf ./figs/p2s1e1.eps>
(epstopdf)             \includegraphics on input line 421.
Package epstopdf Info: Output file is already uptodate.
<./figs/p2s1e1-eps-converted-to.pdf, id=270, 648.4225pt x 213.79875pt>
File: ./figs/p2s1e1-eps-converted-to.pdf Graphic file (type pdf)
<use ./figs/p2s1e1-eps-converted-to.pdf>
Package pdftex.def Info: ./figs/p2s1e1-eps-converted-to.pdf  used on input line
 421.
(pdftex.def)             Requested size: 398.33858pt x 131.34354pt.
Package epstopdf Info: Source file: <./figs/p15s1e1.eps>
(epstopdf)                    date: 2010-06-22 18:51:02
(epstopdf)                    size: 26464 bytes
(epstopdf)             Output file: <./figs/p15s1e1-eps-converted-to.pdf>
(epstopdf)                    date: 2019-08-13 21:29:57
(epstopdf)                    size: 25375 bytes
(epstopdf)             Command: <repstopdf --outfile=./figs/p15s1e1-eps-convert
ed-to.pdf ./figs/p15s1e1.eps>
(epstopdf)             \includegraphics on input line 422.
Package epstopdf Info: Output file is already uptodate.
<./figs/p15s1e1-eps-converted-to.pdf, id=271, 648.4225pt x 213.79875pt>
File: ./figs/p15s1e1-eps-converted-to.pdf Graphic file (type pdf)
<use ./figs/p15s1e1-eps-converted-to.pdf>
Package pdftex.def Info: ./figs/p15s1e1-eps-converted-to.pdf  used on input lin
e 422.
(pdftex.def)             Requested size: 398.33858pt x 131.34354pt.
Package epstopdf Info: Source file: <./figs/p10s3e1.eps>
(epstopdf)                    date: 2010-06-22 19:54:02
(epstopdf)                    size: 26257 bytes
(epstopdf)             Output file: <./figs/p10s3e1-eps-converted-to.pdf>
(epstopdf)                    date: 2019-08-13 21:29:57
(epstopdf)                    size: 24080 bytes
(epstopdf)             Command: <repstopdf --outfile=./figs/p10s3e1-eps-convert
ed-to.pdf ./figs/p10s3e1.eps>
(epstopdf)             \includegraphics on input line 430.
Package epstopdf Info: Output file is already uptodate.
<./figs/p10s3e1-eps-converted-to.pdf, id=272, 646.415pt x 216.81pt>
File: ./figs/p10s3e1-eps-converted-to.pdf Graphic file (type pdf)
<use ./figs/p10s3e1-eps-converted-to.pdf>
Package pdftex.def Info: ./figs/p10s3e1-eps-converted-to.pdf  used on input lin
e 430.
(pdftex.def)             Requested size: 398.33858pt x 133.60367pt.
Package epstopdf Info: Source file: <./figs/p19s3e1.eps>
(epstopdf)                    date: 2010-06-22 19:52:40
(epstopdf)                    size: 26086 bytes
(epstopdf)             Output file: <./figs/p19s3e1-eps-converted-to.pdf>
(epstopdf)                    date: 2019-08-13 21:29:57
(epstopdf)                    size: 23759 bytes
(epstopdf)             Command: <repstopdf --outfile=./figs/p19s3e1-eps-convert
ed-to.pdf ./figs/p19s3e1.eps>
(epstopdf)             \includegraphics on input line 431.
Package epstopdf Info: Output file is already uptodate.
<./figs/p19s3e1-eps-converted-to.pdf, id=273, 646.415pt x 216.81pt>
File: ./figs/p19s3e1-eps-converted-to.pdf Graphic file (type pdf)
<use ./figs/p19s3e1-eps-converted-to.pdf>
Package pdftex.def Info: ./figs/p19s3e1-eps-converted-to.pdf  used on input lin
e 431.
(pdftex.def)             Requested size: 398.33858pt x 133.60367pt.
[27]
Package epstopdf Info: Source file: <./figs/indivsubjexpt1cond1.eps>
(epstopdf)                    date: 2010-06-22 10:10:00
(epstopdf)                    size: 19329 bytes
(epstopdf)             Output file: <./figs/indivsubjexpt1cond1-eps-converted-t
o.pdf>
(epstopdf)                    date: 2019-08-13 21:29:57
(epstopdf)                    size: 9057 bytes
(epstopdf)             Command: <repstopdf --outfile=./figs/indivsubjexpt1cond1
-eps-converted-to.pdf ./figs/indivsubjexpt1cond1.eps>
(epstopdf)             \includegraphics on input line 455.
Package epstopdf Info: Output file is already uptodate.
<./figs/indivsubjexpt1cond1-eps-converted-to.pdf, id=277, 457.71pt x 209.78375p
t>
File: ./figs/indivsubjexpt1cond1-eps-converted-to.pdf Graphic file (type pdf)
<use ./figs/indivsubjexpt1cond1-eps-converted-to.pdf>
Package pdftex.def Info: ./figs/indivsubjexpt1cond1-eps-converted-to.pdf  used 
on input line 455.
(pdftex.def)             Requested size: 341.43306pt x 156.49553pt.
Package epstopdf Info: Source file: <./figs/indivsubjexpt1cond2.eps>
(epstopdf)                    date: 2010-06-22 10:10:04
(epstopdf)                    size: 19513 bytes
(epstopdf)             Output file: <./figs/indivsubjexpt1cond2-eps-converted-t
o.pdf>
(epstopdf)                    date: 2019-08-13 21:29:57
(epstopdf)                    size: 9334 bytes
(epstopdf)             Command: <repstopdf --outfile=./figs/indivsubjexpt1cond2
-eps-converted-to.pdf ./figs/indivsubjexpt1cond2.eps>
(epstopdf)             \includegraphics on input line 457.
Package epstopdf Info: Output file is already uptodate.
<./figs/indivsubjexpt1cond2-eps-converted-to.pdf, id=278, 457.71pt x 209.78375p
t>
File: ./figs/indivsubjexpt1cond2-eps-converted-to.pdf Graphic file (type pdf)
<use ./figs/indivsubjexpt1cond2-eps-converted-to.pdf>
Package pdftex.def Info: ./figs/indivsubjexpt1cond2-eps-converted-to.pdf  used 
on input line 457.
(pdftex.def)             Requested size: 341.43306pt x 156.49553pt.
Package epstopdf Info: Source file: <./figs/indivsubjexpt1cond3.eps>
(epstopdf)                    date: 2010-06-22 10:10:06
(epstopdf)                    size: 19583 bytes
(epstopdf)             Output file: <./figs/indivsubjexpt1cond3-eps-converted-t
o.pdf>
(epstopdf)                    date: 2019-08-13 21:29:57
(epstopdf)                    size: 9345 bytes
(epstopdf)             Command: <repstopdf --outfile=./figs/indivsubjexpt1cond3
-eps-converted-to.pdf ./figs/indivsubjexpt1cond3.eps>
(epstopdf)             \includegraphics on input line 459.
Package epstopdf Info: Output file is already uptodate.
<./figs/indivsubjexpt1cond3-eps-converted-to.pdf, id=279, 457.71pt x 209.78375p
t>
File: ./figs/indivsubjexpt1cond3-eps-converted-to.pdf Graphic file (type pdf)
<use ./figs/indivsubjexpt1cond3-eps-converted-to.pdf>
Package pdftex.def Info: ./figs/indivsubjexpt1cond3-eps-converted-to.pdf  used 
on input line 459.
(pdftex.def)             Requested size: 341.43306pt x 156.49553pt.

LaTeX Warning: Float too large for page by 1.83168pt on input line 464.

Package epstopdf Info: Source file: <./figs/indivsubjexpt2cond1.eps>
(epstopdf)                    date: 2010-06-22 10:10:08
(epstopdf)                    size: 18189 bytes
(epstopdf)             Output file: <./figs/indivsubjexpt2cond1-eps-converted-t
o.pdf>
(epstopdf)                    date: 2019-08-13 21:29:57
(epstopdf)                    size: 8746 bytes
(epstopdf)             Command: <repstopdf --outfile=./figs/indivsubjexpt2cond1
-eps-converted-to.pdf ./figs/indivsubjexpt2cond1.eps>
(epstopdf)             \includegraphics on input line 470.
Package epstopdf Info: Output file is already uptodate.
<./figs/indivsubjexpt2cond1-eps-converted-to.pdf, id=280, 457.71pt x 209.78375p
t>
File: ./figs/indivsubjexpt2cond1-eps-converted-to.pdf Graphic file (type pdf)
<use ./figs/indivsubjexpt2cond1-eps-converted-to.pdf>
Package pdftex.def Info: ./figs/indivsubjexpt2cond1-eps-converted-to.pdf  used 
on input line 470.
(pdftex.def)             Requested size: 341.43306pt x 156.49553pt.
Package epstopdf Info: Source file: <./figs/indivsubjexpt2cond2.eps>
(epstopdf)                    date: 2010-06-22 10:10:10
(epstopdf)                    size: 18211 bytes
(epstopdf)             Output file: <./figs/indivsubjexpt2cond2-eps-converted-t
o.pdf>
(epstopdf)                    date: 2019-08-13 21:29:58
(epstopdf)                    size: 9012 bytes
(epstopdf)             Command: <repstopdf --outfile=./figs/indivsubjexpt2cond2
-eps-converted-to.pdf ./figs/indivsubjexpt2cond2.eps>
(epstopdf)             \includegraphics on input line 472.
Package epstopdf Info: Output file is already uptodate.
<./figs/indivsubjexpt2cond2-eps-converted-to.pdf, id=281, 457.71pt x 209.78375p
t>
File: ./figs/indivsubjexpt2cond2-eps-converted-to.pdf Graphic file (type pdf)
<use ./figs/indivsubjexpt2cond2-eps-converted-to.pdf>
Package pdftex.def Info: ./figs/indivsubjexpt2cond2-eps-converted-to.pdf  used 
on input line 472.
(pdftex.def)             Requested size: 341.43306pt x 156.49553pt.
Package epstopdf Info: Source file: <./figs/indivsubjexpt2cond3.eps>
(epstopdf)                    date: 2010-06-22 10:10:12
(epstopdf)                    size: 18232 bytes
(epstopdf)             Output file: <./figs/indivsubjexpt2cond3-eps-converted-t
o.pdf>
(epstopdf)                    date: 2019-08-13 21:29:58
(epstopdf)                    size: 9047 bytes
(epstopdf)             Command: <repstopdf --outfile=./figs/indivsubjexpt2cond3
-eps-converted-to.pdf ./figs/indivsubjexpt2cond3.eps>
(epstopdf)             \includegraphics on input line 474.
Package epstopdf Info: Output file is already uptodate.
<./figs/indivsubjexpt2cond3-eps-converted-to.pdf, id=282, 457.71pt x 209.78375p
t>
File: ./figs/indivsubjexpt2cond3-eps-converted-to.pdf Graphic file (type pdf)
<use ./figs/indivsubjexpt2cond3-eps-converted-to.pdf>
Package pdftex.def Info: ./figs/indivsubjexpt2cond3-eps-converted-to.pdf  used 
on input line 474.
(pdftex.def)             Requested size: 341.43306pt x 156.49553pt.

LaTeX Warning: Float too large for page by 15.43169pt on input line 479.

[28 <./figs/p2s1e1-eps-converted-to.pdf> <./figs/p15s1e1-eps-converted-to.pdf>]
[29 <./figs/p10s3e1-eps-converted-to.pdf> <./figs/p19s3e1-eps-converted-to.pdf>
] [30 <./figs/indivsubjexpt1cond1-eps-converted-to.pdf> <./figs/indivsubjexpt1c
ond2-eps-converted-to.pdf> <./figs/indivsubjexpt1cond3-eps-converted-to.pdf>] [
31 <./figs/indivsubjexpt2cond1-eps-converted-to.pdf> <./figs/indivsubjexpt2cond
2-eps-converted-to.pdf> <./figs/indivsubjexpt2cond3-eps-converted-to.pdf>]
Package epstopdf Info: Source file: <./figs/curvediscriminability.eps>
(epstopdf)                    date: 2009-10-01 15:12:28
(epstopdf)                    size: 13480 bytes
(epstopdf)             Output file: <./figs/curvediscriminability-eps-converted
-to.pdf>
(epstopdf)                    date: 2019-08-13 21:29:58
(epstopdf)                    size: 11438 bytes
(epstopdf)             Command: <repstopdf --outfile=./figs/curvediscriminabili
ty-eps-converted-to.pdf ./figs/curvediscriminability.eps>
(epstopdf)             \includegraphics on input line 492.
Package epstopdf Info: Output file is already uptodate.
<./figs/curvediscriminability-eps-converted-to.pdf, id=347, 372.39125pt x 363.3
575pt>
File: ./figs/curvediscriminability-eps-converted-to.pdf Graphic file (type pdf)

<use ./figs/curvediscriminability-eps-converted-to.pdf>
Package pdftex.def Info: ./figs/curvediscriminability-eps-converted-to.pdf  use
d on input line 492.
(pdftex.def)             Requested size: 256.0748pt x 249.86864pt.

Underfull \vbox (badness 2368) has occurred while \output is active []

[32 <./figs/curvediscriminability-eps-converted-to.pdf>]
Underfull \vbox (badness 1460) has occurred while \output is active []

[33] [34]
Underfull \vbox (badness 3407) has occurred while \output is active []

[35] [36] [37

] [38]
Overfull \hbox (22.7703pt too wide) in alignment at lines 1985--1993
 [][][] []
 []


Overfull \hbox (26.22585pt too wide) detected at line 1997
\OML/lmm/m/it/10.95 P\OT1/lmr/m/n/10.95 (\OML/lmm/m/it/10.95 y \OMS/lmsy/m/n/10
.95 2 [] j \OML/lmm/m/it/10.95 x[]; x[] \OMS/lmsy/m/n/10.95 2 []\OT1/lmr/m/n/10
.95 ) = []
 []


Underfull \vbox (badness 7379) has occurred while \output is active []

[39] [40] [41] [42]
LaTeX Font Info:    Try loading font information for T1+lmss on input line 2086
.
(/home/danielle/.TinyTeX/texmf-dist/tex/latex/lm/t1lmss.fd
File: t1lmss.fd 2009/10/30 v1.6 Font defs for Latin Modern
) [43] [44] (./2012_samplingassumptions.aux) ) 
Here is how much of TeX's memory you used:
 6788 strings out of 494553
 102524 string characters out of 6176983
 193234 words of memory out of 5000000
 10253 multiletter control sequences out of 15000+600000
 78240 words of font info for 68 fonts, out of 8000000 for 9000
 14 hyphenation exceptions out of 8191
 43i,13n,47p,2774b,399s stack positions out of 5000i,500n,10000p,200000b,80000s
{/home/danielle/.TinyTeX/texmf-di
st/fonts/enc/dvips/lm/lm-ec.enc}{/home/danielle/.TinyTeX/texmf-dist/fonts/enc/d
vips/lm/lm-mathit.enc}{/home/danielle/.TinyTeX/texmf-dist/fonts/enc/dvips/lm/lm
-rm.enc}{/home/danielle/.TinyTeX/texmf-dist/fonts/enc/dvips/lm/lm-mathsy.enc}{/
home/danielle/.TinyTeX/texmf-dist/fonts/enc/dvips/lm/lm-mathex.enc}</home/danie
lle/.TinyTeX/texmf-dist/fonts/type1/public/lm/lmbx10.pfb></home/danielle/.TinyT
eX/texmf-dist/fonts/type1/public/lm/lmex10.pfb></home/danielle/.TinyTeX/texmf-d
ist/fonts/type1/public/lm/lmmi10.pfb></home/danielle/.TinyTeX/texmf-dist/fonts/
type1/public/lm/lmmi6.pfb></home/danielle/.TinyTeX/texmf-dist/fonts/type1/publi
c/lm/lmmi8.pfb></home/danielle/.TinyTeX/texmf-dist/fonts/type1/public/lm/lmmi9.
pfb></home/danielle/.TinyTeX/texmf-dist/fonts/type1/public/lm/lmmib10.pfb></hom
e/danielle/.TinyTeX/texmf-dist/fonts/type1/public/lm/lmr10.pfb></home/danielle/
.TinyTeX/texmf-dist/fonts/type1/public/lm/lmr17.pfb></home/danielle/.TinyTeX/te
xmf-dist/fonts/type1/public/lm/lmr6.pfb></home/danielle/.TinyTeX/texmf-dist/fon
ts/type1/public/lm/lmr7.pfb></home/danielle/.TinyTeX/texmf-dist/fonts/type1/pub
lic/lm/lmr8.pfb></home/danielle/.TinyTeX/texmf-dist/fonts/type1/public/lm/lmr9.
pfb></home/danielle/.TinyTeX/texmf-dist/fonts/type1/public/lm/lmri10.pfb></home
/danielle/.TinyTeX/texmf-dist/fonts/type1/public/lm/lmri9.pfb></home/danielle/.
TinyTeX/texmf-dist/fonts/type1/public/lm/lmss9.pfb></home/danielle/.TinyTeX/tex
mf-dist/fonts/type1/public/lm/lmsy10.pfb></home/danielle/.TinyTeX/texmf-dist/fo
nts/type1/public/lm/lmsy6.pfb></home/danielle/.TinyTeX/texmf-dist/fonts/type1/p
ublic/lm/lmsy8.pfb>
Output written on 2012_samplingassumptions.pdf (44 pages, 1453437 bytes).
PDF statistics:
 469 PDF objects out of 1000 (max. 8388607)
 322 compressed objects within 4 object streams
 0 named destinations out of 1000 (max. 500000)
 146 words of extra memory for PDF output out of 10000 (max. 10000000)

