This is pdfTeX, Version 3.14159265-2.6-1.40.20 (TeX Live 2019) (preloaded format=pdflatex 2019.8.5)  12 AUG 2019 13:46
entering extended mode
 restricted \write18 enabled.
 %&-line parsing enabled.
**2017_noneoftheabove.tex
(./2017_noneoftheabove.tex
LaTeX2e <2018-12-01>
(/home/danielle/.TinyTeX/texmf-dist/tex/latex/apa6/apa6.cls
Document Class: apa6 2018/09/01 v2.33 APA formatting (6th edition)
(/home/danielle/.TinyTeX/texmf-dist/tex/latex/base/article.cls
Document Class: article 2018/09/03 v1.4i Standard LaTeX document class
(/home/danielle/.TinyTeX/texmf-dist/tex/latex/base/size11.clo
File: size11.clo 2018/09/03 v1.4i Standard LaTeX file (size option)
)
\c@part=\count80
\c@section=\count81
\c@subsection=\count82
\c@subsubsection=\count83
\c@paragraph=\count84
\c@subparagraph=\count85
\c@figure=\count86
\c@table=\count87
\abovecaptionskip=\skip41
\belowcaptionskip=\skip42
\bibindent=\dimen102
)
(/home/danielle/.TinyTeX/texmf-dist/tex/latex/etoolbox/etoolbox.sty
Package: etoolbox 2018/08/19 v2.5f e-TeX tools for LaTeX (JAW)
\etb@tempcnta=\count88
)
Class apa6 Info: No bibliography package was specified; defaulting to (but not 
loading) Biblatex on input line 213.

(/home/danielle/.TinyTeX/texmf-dist/tex/latex/lm/lmodern.sty
Package: lmodern 2009/10/30 v1.6 Latin Modern Fonts
LaTeX Font Info:    Overwriting symbol font `operators' in version `normal'
(Font)                  OT1/cmr/m/n --> OT1/lmr/m/n on input line 22.
LaTeX Font Info:    Overwriting symbol font `letters' in version `normal'
(Font)                  OML/cmm/m/it --> OML/lmm/m/it on input line 23.
LaTeX Font Info:    Overwriting symbol font `symbols' in version `normal'
(Font)                  OMS/cmsy/m/n --> OMS/lmsy/m/n on input line 24.
LaTeX Font Info:    Overwriting symbol font `largesymbols' in version `normal'
(Font)                  OMX/cmex/m/n --> OMX/lmex/m/n on input line 25.
LaTeX Font Info:    Overwriting symbol font `operators' in version `bold'
(Font)                  OT1/cmr/bx/n --> OT1/lmr/bx/n on input line 26.
LaTeX Font Info:    Overwriting symbol font `letters' in version `bold'
(Font)                  OML/cmm/b/it --> OML/lmm/b/it on input line 27.
LaTeX Font Info:    Overwriting symbol font `symbols' in version `bold'
(Font)                  OMS/cmsy/b/n --> OMS/lmsy/b/n on input line 28.
LaTeX Font Info:    Overwriting symbol font `largesymbols' in version `bold'
(Font)                  OMX/cmex/m/n --> OMX/lmex/m/n on input line 29.
LaTeX Font Info:    Overwriting math alphabet `\mathbf' in version `normal'
(Font)                  OT1/cmr/bx/n --> OT1/lmr/bx/n on input line 31.
LaTeX Font Info:    Overwriting math alphabet `\mathsf' in version `normal'
(Font)                  OT1/cmss/m/n --> OT1/lmss/m/n on input line 32.
LaTeX Font Info:    Overwriting math alphabet `\mathit' in version `normal'
(Font)                  OT1/cmr/m/it --> OT1/lmr/m/it on input line 33.
LaTeX Font Info:    Overwriting math alphabet `\mathtt' in version `normal'
(Font)                  OT1/cmtt/m/n --> OT1/lmtt/m/n on input line 34.
LaTeX Font Info:    Overwriting math alphabet `\mathbf' in version `bold'
(Font)                  OT1/cmr/bx/n --> OT1/lmr/bx/n on input line 35.
LaTeX Font Info:    Overwriting math alphabet `\mathsf' in version `bold'
(Font)                  OT1/cmss/bx/n --> OT1/lmss/bx/n on input line 36.
LaTeX Font Info:    Overwriting math alphabet `\mathit' in version `bold'
(Font)                  OT1/cmr/bx/it --> OT1/lmr/bx/it on input line 37.
LaTeX Font Info:    Overwriting math alphabet `\mathtt' in version `bold'
(Font)                  OT1/cmtt/m/n --> OT1/lmtt/m/n on input line 38.
)
(/home/danielle/.TinyTeX/texmf-dist/tex/latex/base/fontenc.sty
Package: fontenc 2018/08/11 v2.0j Standard LaTeX package

(/home/danielle/.TinyTeX/texmf-dist/tex/latex/base/t1enc.def
File: t1enc.def 2018/08/11 v2.0j Standard LaTeX file
LaTeX Font Info:    Redeclaring font encoding T1 on input line 48.
))
(/home/danielle/.TinyTeX/texmf-dist/tex/latex/geometry/geometry.sty
Package: geometry 2018/04/16 v5.8 Page Geometry

(/home/danielle/.TinyTeX/texmf-dist/tex/latex/graphics/keyval.sty
Package: keyval 2014/10/28 v1.15 key=value parser (DPC)
\KV@toks@=\toks14
)
(/home/danielle/.TinyTeX/texmf-dist/tex/generic/oberdiek/ifpdf.sty
Package: ifpdf 2018/09/07 v3.3 Provides the ifpdf switch
)
(/home/danielle/.TinyTeX/texmf-dist/tex/generic/oberdiek/ifvtex.sty
Package: ifvtex 2016/05/16 v1.6 Detect VTeX and its facilities (HO)
Package ifvtex Info: VTeX not detected.
)
(/home/danielle/.TinyTeX/texmf-dist/tex/generic/ifxetex/ifxetex.sty
Package: ifxetex 2010/09/12 v0.6 Provides ifxetex conditional
)
\Gm@cnth=\count89
\Gm@cntv=\count90
\c@Gm@tempcnt=\count91
\Gm@bindingoffset=\dimen103
\Gm@wd@mp=\dimen104
\Gm@odd@mp=\dimen105
\Gm@even@mp=\dimen106
\Gm@layoutwidth=\dimen107
\Gm@layoutheight=\dimen108
\Gm@layouthoffset=\dimen109
\Gm@layoutvoffset=\dimen110
\Gm@dimlist=\toks15
)
(/home/danielle/.TinyTeX/texmf-dist/tex/latex/graphics/graphicx.sty
Package: graphicx 2017/06/01 v1.1a Enhanced LaTeX Graphics (DPC,SPQR)

(/home/danielle/.TinyTeX/texmf-dist/tex/latex/graphics/graphics.sty
Package: graphics 2017/06/25 v1.2c Standard LaTeX Graphics (DPC,SPQR)

(/home/danielle/.TinyTeX/texmf-dist/tex/latex/graphics/trig.sty
Package: trig 2016/01/03 v1.10 sin cos tan (DPC)
)
(/home/danielle/.TinyTeX/texmf-dist/tex/latex/graphics-cfg/graphics.cfg
File: graphics.cfg 2016/06/04 v1.11 sample graphics configuration
)
Package graphics Info: Driver file: pdftex.def on input line 99.

(/home/danielle/.TinyTeX/texmf-dist/tex/latex/graphics-def/pdftex.def
File: pdftex.def 2018/01/08 v1.0l Graphics/color driver for pdftex
))
\Gin@req@height=\dimen111
\Gin@req@width=\dimen112
)
(/home/danielle/.TinyTeX/texmf-dist/tex/latex/booktabs/booktabs.sty
Package: booktabs 2016/04/27 v1.618033 publication quality tables
\heavyrulewidth=\dimen113
\lightrulewidth=\dimen114
\cmidrulewidth=\dimen115
\belowrulesep=\dimen116
\belowbottomsep=\dimen117
\aboverulesep=\dimen118
\abovetopsep=\dimen119
\cmidrulesep=\dimen120
\cmidrulekern=\dimen121
\defaultaddspace=\dimen122
\@cmidla=\count92
\@cmidlb=\count93
\@aboverulesep=\dimen123
\@belowrulesep=\dimen124
\@thisruleclass=\count94
\@lastruleclass=\count95
\@thisrulewidth=\dimen125
)
(/home/danielle/.TinyTeX/texmf-dist/tex/latex/threeparttable/threeparttable.sty
Package: threeparttable 2003/06/13  v 3.0
\@tempboxb=\box27
)
\b@level@one@skip=\skip43
\e@level@one@skip=\skip44
\b@level@two@skip=\skip45
\e@level@two@skip=\skip46
\b@level@three@skip=\skip47
\e@level@three@skip=\skip48
\b@level@four@skip=\skip49
\e@level@four@skip=\skip50
\b@level@five@skip=\skip51
\e@level@five@skip=\skip52
 (/home/danielle/.TinyTeX/texmf-dist/tex/latex/caption/caption.sty
Package: caption 2018/10/06 v3.3-154 Customizing captions (AR)

(/home/danielle/.TinyTeX/texmf-dist/tex/latex/caption/caption3.sty
Package: caption3 2018/09/12 v1.8c caption3 kernel (AR)
Package caption3 Info: TeX engine: e-TeX on input line 64.
\captionmargin=\dimen126
\captionmargin@=\dimen127
\captionwidth=\dimen128
\caption@tempdima=\dimen129
\caption@indent=\dimen130
\caption@parindent=\dimen131
\caption@hangindent=\dimen132
)
\c@caption@flags=\count96
\c@ContinuedFloat=\count97
Package caption Info: threeparttable package is loaded.
)
\c@APAenum=\count98
\@text@par@indent=\skip53
\gr@box=\box28
\gr@boxwidth=\skip54
\gr@boxheight=\skip55

(/home/danielle/.TinyTeX/texmf-dist/tex/latex/tools/bm.sty
Package: bm 2017/01/16 v1.2c Bold Symbol Support (DPC/FMi)
\symboldoperators=\mathgroup4
\symboldletters=\mathgroup5
\symboldsymbols=\mathgroup6
LaTeX Font Info:    Redeclaring math alphabet \mathbf on input line 141.
LaTeX Info: Redefining \bm on input line 207.
)
\c@appendix=\count99

(/home/danielle/.TinyTeX/texmf-dist/tex/latex/fancyhdr/fancyhdr.sty
Package: fancyhdr 2019/01/31 v3.10 Extensive control of page headers and footer
s
\f@nch@headwidth=\skip56
\f@nch@O@elh=\skip57
\f@nch@O@erh=\skip58
\f@nch@O@olh=\skip59
\f@nch@O@orh=\skip60
\f@nch@O@elf=\skip61
\f@nch@O@erf=\skip62
\f@nch@O@olf=\skip63
\f@nch@O@orf=\skip64
))
(/home/danielle/.TinyTeX/texmf-dist/tex/latex/graphics/epsfig.sty
Package: epsfig 2017/06/25 v1.7b (e)psfig emulation (SPQR)
\epsfxsize=\dimen133
\epsfysize=\dimen134
)
(/home/danielle/.TinyTeX/texmf-dist/tex/latex/apacite/apacite.sty
Package: apacite 2013/07/21 v6.03 APA citation
\c@BibCnt=\count100
\bibleftmargin=\skip65
\bibindent=\skip66
\bibparsep=\skip67
\bibitemsep=\skip68
\biblabelsep=\skip69
)
(/home/danielle/.TinyTeX/texmf-dist/tex/latex/oberdiek/epstopdf.sty
Package: epstopdf 2016/05/15 v2.6 Conversion with epstopdf on the fly (HO)

(/home/danielle/.TinyTeX/texmf-dist/tex/latex/oberdiek/epstopdf-base.sty
Package: epstopdf-base 2016/05/15 v2.6 Base part for package epstopdf

(/home/danielle/.TinyTeX/texmf-dist/tex/generic/oberdiek/infwarerr.sty
Package: infwarerr 2016/05/16 v1.4 Providing info/warning/error messages (HO)
)
(/home/danielle/.TinyTeX/texmf-dist/tex/latex/oberdiek/grfext.sty
Package: grfext 2016/05/16 v1.2 Manage graphics extensions (HO)

(/home/danielle/.TinyTeX/texmf-dist/tex/generic/oberdiek/kvdefinekeys.sty
Package: kvdefinekeys 2016/05/16 v1.4 Define keys (HO)

(/home/danielle/.TinyTeX/texmf-dist/tex/generic/oberdiek/ltxcmds.sty
Package: ltxcmds 2016/05/16 v1.23 LaTeX kernel commands for general use (HO)
)))
(/home/danielle/.TinyTeX/texmf-dist/tex/latex/oberdiek/kvoptions.sty
Package: kvoptions 2016/05/16 v3.12 Key value format for package options (HO)

(/home/danielle/.TinyTeX/texmf-dist/tex/generic/oberdiek/kvsetkeys.sty
Package: kvsetkeys 2016/05/16 v1.17 Key value parser (HO)

(/home/danielle/.TinyTeX/texmf-dist/tex/generic/oberdiek/etexcmds.sty
Package: etexcmds 2016/05/16 v1.6 Avoid name clashes with e-TeX commands (HO)

(/home/danielle/.TinyTeX/texmf-dist/tex/generic/oberdiek/ifluatex.sty
Package: ifluatex 2016/05/16 v1.4 Provides the ifluatex switch (HO)
Package ifluatex Info: LuaTeX not detected.
))))
(/home/danielle/.TinyTeX/texmf-dist/tex/generic/oberdiek/pdftexcmds.sty
Package: pdftexcmds 2019/07/25 v0.30 Utility functions of pdfTeX for LuaTeX (HO
)
Package pdftexcmds Info: LuaTeX not detected.
Package pdftexcmds Info: \pdf@primitive is available.
Package pdftexcmds Info: \pdf@ifprimitive is available.
Package pdftexcmds Info: \pdfdraftmode found.
)
Package epstopdf-base Info: Redefining graphics rule for `.eps' on input line 4
38.
Package grfext Info: Graphics extension search list:
(grfext)             [.pdf,.png,.jpg,.mps,.jpeg,.jbig2,.jb2,.PDF,.PNG,.JPG,.JPE
G,.JBIG2,.JB2,.eps]
(grfext)             \AppendGraphicsExtensions on input line 456.

(/home/danielle/.TinyTeX/texmf-dist/tex/latex/latexconfig/epstopdf-sys.cfg
File: epstopdf-sys.cfg 2010/07/13 v1.3 Configuration of (r)epstopdf for TeX Liv
e
)))
(/home/danielle/.TinyTeX/texmf-dist/tex/latex/amsfonts/amssymb.sty
Package: amssymb 2013/01/14 v3.01 AMS font symbols

(/home/danielle/.TinyTeX/texmf-dist/tex/latex/amsfonts/amsfonts.sty
Package: amsfonts 2013/01/14 v3.01 Basic AMSFonts support
\@emptytoks=\toks16
\symAMSa=\mathgroup7
\symAMSb=\mathgroup8
LaTeX Font Info:    Overwriting math alphabet `\mathfrak' in version `bold'
(Font)                  U/euf/m/n --> U/euf/b/n on input line 106.
))
(/home/danielle/.TinyTeX/texmf-dist/tex/latex/amsmath/amsmath.sty
Package: amsmath 2018/12/01 v2.17b AMS math features
\@mathmargin=\skip70

For additional information on amsmath, use the `?' option.
(/home/danielle/.TinyTeX/texmf-dist/tex/latex/amsmath/amstext.sty
Package: amstext 2000/06/29 v2.01 AMS text

(/home/danielle/.TinyTeX/texmf-dist/tex/latex/amsmath/amsgen.sty
File: amsgen.sty 1999/11/30 v2.0 generic functions
\@emptytoks=\toks17
\ex@=\dimen135
))
(/home/danielle/.TinyTeX/texmf-dist/tex/latex/amsmath/amsbsy.sty
Package: amsbsy 1999/11/29 v1.2d Bold Symbols
LaTeX Info: Redefining \boldsymbol on input line 28.
\pmbraise@=\dimen136
)
(/home/danielle/.TinyTeX/texmf-dist/tex/latex/amsmath/amsopn.sty
Package: amsopn 2016/03/08 v2.02 operator names
)
\inf@bad=\count101
LaTeX Info: Redefining \frac on input line 223.
\uproot@=\count102
\leftroot@=\count103
LaTeX Info: Redefining \overline on input line 385.
\classnum@=\count104
\DOTSCASE@=\count105
LaTeX Info: Redefining \ldots on input line 482.
LaTeX Info: Redefining \dots on input line 485.
LaTeX Info: Redefining \cdots on input line 606.
\Mathstrutbox@=\box29
\strutbox@=\box30
\big@size=\dimen137
LaTeX Font Info:    Redeclaring font encoding OML on input line 729.
LaTeX Font Info:    Redeclaring font encoding OMS on input line 730.
\macc@depth=\count106
\c@MaxMatrixCols=\count107
\dotsspace@=\muskip10
\c@parentequation=\count108
\dspbrk@lvl=\count109
\tag@help=\toks18
\row@=\count110
\column@=\count111
\maxfields@=\count112
\andhelp@=\toks19
\eqnshift@=\dimen138
\alignsep@=\dimen139
\tagshift@=\dimen140
\tagwidth@=\dimen141
\totwidth@=\dimen142
\lineht@=\dimen143
\@envbody=\toks20
\multlinegap=\skip71
\multlinetaggap=\skip72
\mathdisplay@stack=\toks21
LaTeX Info: Redefining \[ on input line 2844.
LaTeX Info: Redefining \] on input line 2845.
)
(/home/danielle/.TinyTeX/texmf-dist/tex/latex/enumitem/enumitem.sty
Package: enumitem 2019/06/20 v3.9 Customized lists
\labelindent=\skip73
\enit@outerparindent=\dimen144
\enit@toks=\toks22
\enit@inbox=\box31
\enit@count@id=\count113
\enitdp@description=\count114
)
(/home/danielle/.TinyTeX/texmf-dist/tex/latex/base/inputenc.sty
Package: inputenc 2018/08/11 v1.3c Input encoding file
\inpenc@prehook=\toks23
\inpenc@posthook=\toks24
)
(/home/danielle/.TinyTeX/texmf-dist/tex/latex/setspace/setspace.sty
Package: setspace 2011/12/19 v6.7a set line spacing
)
(/home/danielle/.TinyTeX/texmf-dist/tex/latex/draftwatermark/draftwatermark.sty
Package: draftwatermark 2015/02/19 1.2 Put a gray textual watermark on document
 pages
(/home/danielle/.TinyTeX/texmf-dist/tex/latex/everypage/everypage.sty
Package: everypage 2007/06/20 1.1 Hooks to run on every page
)
(/home/danielle/.TinyTeX/texmf-dist/tex/latex/graphics/color.sty
Package: color 2016/07/10 v1.1e Standard LaTeX Color (DPC)

(/home/danielle/.TinyTeX/texmf-dist/tex/latex/graphics-cfg/color.cfg
File: color.cfg 2016/01/02 v1.6 sample color configuration
)
Package color Info: Driver file: pdftex.def on input line 147.
)
\sc@wm@hcenter=\skip74
\sc@wm@vcenter=\skip75
\sc@wm@fontsize=\skip76
)
(./2017_noneoftheabove.aux)
\openout1 = `2017_noneoftheabove.aux'.

LaTeX Font Info:    Checking defaults for OML/cmm/m/it on input line 60.
LaTeX Font Info:    ... okay on input line 60.
LaTeX Font Info:    Checking defaults for T1/cmr/m/n on input line 60.
LaTeX Font Info:    ... okay on input line 60.
LaTeX Font Info:    Checking defaults for OT1/cmr/m/n on input line 60.
LaTeX Font Info:    ... okay on input line 60.
LaTeX Font Info:    Checking defaults for OMS/cmsy/m/n on input line 60.
LaTeX Font Info:    ... okay on input line 60.
LaTeX Font Info:    Checking defaults for OMX/cmex/m/n on input line 60.
LaTeX Font Info:    ... okay on input line 60.
LaTeX Font Info:    Checking defaults for U/cmr/m/n on input line 60.
LaTeX Font Info:    ... okay on input line 60.
LaTeX Font Info:    Try loading font information for T1+lmr on input line 60.

(/home/danielle/.TinyTeX/texmf-dist/tex/latex/lm/t1lmr.fd
File: t1lmr.fd 2009/10/30 v1.6 Font defs for Latin Modern
)
*geometry* driver: auto-detecting
*geometry* detected driver: pdftex
*geometry* verbose mode - [ preamble ] result:
* driver: pdftex
* paper: <default>
* layout: <same size as paper>
* layoutoffset:(h,v)=(0.0pt,0.0pt)
* modes: 
* h-part:(L,W,R)=(72.26999pt, 469.75502pt, 72.26999pt)
* v-part:(T,H,B)=(72.26999pt, 650.43001pt, 72.26999pt)
* \paperwidth=614.295pt
* \paperheight=794.96999pt
* \textwidth=433.62pt
* \textheight=614.295pt
* \oddsidemargin=18.06749pt
* \evensidemargin=18.06749pt
* \topmargin=-18.06749pt
* \headheight=15.2pt
* \headsep=25.0pt
* \topskip=11.0pt
* \footskip=30.0pt
* \marginparwidth=59.0pt
* \marginparsep=10.0pt
* \columnsep=10.0pt
* \skip\footins=10.0pt plus 4.0pt minus 2.0pt
* \hoffset=0.0pt
* \voffset=0.0pt
* \mag=1000
* \@twocolumnfalse
* \@twosidefalse
* \@mparswitchfalse
* \@reversemarginfalse
* (1in=72.27pt=25.4mm, 1cm=28.453pt)

(/home/danielle/.TinyTeX/texmf-dist/tex/latex/apa6/config/APAamerican.txt
File: APAamerican.txt 2012/02/23 v1.25 apa6 configuration for American English
)
Package caption Info: Begin \AtBeginDocument code.
Package caption Info: End \AtBeginDocument code.
\c@maskedRefs=\count115

(/home/danielle/.TinyTeX/texmf-dist/tex/latex/apacite/english.apc
File: english.apc 2013/07/21 v6.03 apacite language file
LaTeX Info: Redefining \BPBI on input line 129.
LaTeX Info: Redefining \BHBI on input line 130.
)
Class apa6 Info: Keywords not defined on input line 61.

Using title for running head
LaTeX Font Info:    Try loading font information for OT1+lmr on input line 61.
(/home/danielle/.TinyTeX/texmf-dist/tex/latex/lm/ot1lmr.fd
File: ot1lmr.fd 2009/10/30 v1.6 Font defs for Latin Modern
)
LaTeX Font Info:    Try loading font information for OML+lmm on input line 61.

(/home/danielle/.TinyTeX/texmf-dist/tex/latex/lm/omllmm.fd
File: omllmm.fd 2009/10/30 v1.6 Font defs for Latin Modern
)
LaTeX Font Info:    Try loading font information for OMS+lmsy on input line 61.


(/home/danielle/.TinyTeX/texmf-dist/tex/latex/lm/omslmsy.fd
File: omslmsy.fd 2009/10/30 v1.6 Font defs for Latin Modern
)
LaTeX Font Info:    Try loading font information for OMX+lmex on input line 61.


(/home/danielle/.TinyTeX/texmf-dist/tex/latex/lm/omxlmex.fd
File: omxlmex.fd 2009/10/30 v1.6 Font defs for Latin Modern
)
LaTeX Font Info:    External font `lmex10' loaded for size
(Font)              <10.95> on input line 61.
LaTeX Font Info:    External font `lmex10' loaded for size
(Font)              <8> on input line 61.
LaTeX Font Info:    External font `lmex10' loaded for size
(Font)              <6> on input line 61.
LaTeX Font Info:    Try loading font information for U+msa on input line 61.

(/home/danielle/.TinyTeX/texmf-dist/tex/latex/amsfonts/umsa.fd
File: umsa.fd 2013/01/14 v3.01 AMS symbols A
)
LaTeX Font Info:    Try loading font information for U+msb on input line 61.

(/home/danielle/.TinyTeX/texmf-dist/tex/latex/amsfonts/umsb.fd
File: umsb.fd 2013/01/14 v3.01 AMS symbols B
) [1{/home/danielle/.TinyTeX/texmf-var/fonts/map/pdftex/updmap/pdftex.map}

]
Underfull \hbox (badness 2617) in paragraph at lines 71--72
[]\T1/lmr/m/n/10.95 Categorization has been ex-ten-sively stud-ied within the p
sy-cho-log-i-cal lit-er-a-
 []


LaTeX Warning: File `introfig2.eps' not found on input line 77.

Package epstopdf Info: Source file: <introfig2.eps>
(epstopdf)             Output file: <introfig2-eps-converted-to.pdf>
(epstopdf)                    date: 2016-02-03 15:09:14
(epstopdf)                    size: 6346 bytes
(epstopdf)             Command: <repstopdf --outfile=introfig2-eps-converted-to
.pdf introfig2.eps>
(epstopdf)             \includegraphics on input line 77.
Package epstopdf Info: Output file is already uptodate.
<introfig2-eps-converted-to.pdf, id=11, 298.11375pt x 393.47pt>
File: introfig2-eps-converted-to.pdf Graphic file (type pdf)
<use introfig2-eps-converted-to.pdf>
Package pdftex.def Info: introfig2-eps-converted-to.pdf  used on input line 77.

(pdftex.def)             Requested size: 208.67819pt x 275.42711pt.
LaTeX Font Info:    Try loading font information for T1+lmtt on input line 84.
(/home/danielle/.TinyTeX/texmf-dist/tex/latex/lm/t1lmtt.fd
File: t1lmtt.fd 2009/10/30 v1.6 Font defs for Latin Modern
) [2] [3 <./introfig2-eps-converted-to.pdf>] [4] [5] [6] [7]
LaTeX Font Info:    External font `lmex10' loaded for size
(Font)              <9> on input line 167.
LaTeX Font Info:    External font `lmex10' loaded for size
(Font)              <5> on input line 167.

Overfull \hbox (13.46466pt too wide) in paragraph at lines 187--197
[][] 
 []

[8] [9]
<hcrp_schematic.pdf, id=52, 1027.84pt x 770.88pt>
File: hcrp_schematic.pdf Graphic file (type pdf)
<use hcrp_schematic.pdf>
Package pdftex.def Info: hcrp_schematic.pdf  used on input line 218.
(pdftex.def)             Requested size: 411.12872pt x 308.34654pt.
 [10] [11 <./hcrp_schematic.pdf>] [12] [13]
<fit1.pdf, id=106, 845.1575pt x 1032.85875pt>
File: fit1.pdf Graphic file (type pdf)
<use fit1.pdf>
Package pdftex.def Info: fit1.pdf  used on input line 308.
(pdftex.def)             Requested size: 464.83806pt x 568.07407pt.

Overfull \hbox (31.21806pt too wide) in paragraph at lines 308--309
 [] 
 []


LaTeX Warning: Float too large for page by 7.57907pt on input line 312.


Overfull \hbox (5.7438pt too wide) in paragraph at lines 320--337
[][] 
 []


Underfull \vbox (badness 10000) has occurred while \output is active []

 [14]
[15 <./fit1.pdf>] [16]
<httr_inference.pdf, id=123, 1027.84pt x 770.88pt>
File: httr_inference.pdf Graphic file (type pdf)
<use httr_inference.pdf>
Package pdftex.def Info: httr_inference.pdf  used on input line 359.
(pdftex.def)             Requested size: 411.12872pt x 308.34654pt.
<posteriorFig3a.pdf, id=124, 543.48468pt x 447.68806pt>
File: posteriorFig3a.pdf Graphic file (type pdf)
<use posteriorFig3a.pdf>
Package pdftex.def Info: posteriorFig3a.pdf  used on input line 368.
(pdftex.def)             Requested size: 190.22249pt x 156.69316pt.
<posteriorFig3b.pdf, id=125, 559.33455pt x 452.81804pt>
File: posteriorFig3b.pdf Graphic file (type pdf)
<use posteriorFig3b.pdf>
Package pdftex.def Info: posteriorFig3b.pdf  used on input line 369.
(pdftex.def)             Requested size: 195.77002pt x 158.48868pt.
 [17] [18 <./httr_inference.pdf> <./posteriorFig3a.pdf> <./posteriorFig3b.pdf>]
 [19] [20]
Overfull \hbox (1.47937pt too wide) in paragraph at lines 407--418
[][] 
 []

[21]
<fit2.pdf, id=217, 845.1575pt x 1032.85875pt>
File: fit2.pdf Graphic file (type pdf)
<use fit2.pdf>
Package pdftex.def Info: fit2.pdf  used on input line 434.
(pdftex.def)             Requested size: 464.83806pt x 568.07407pt.

Overfull \hbox (31.21806pt too wide) in paragraph at lines 434--435
 [] 
 []


LaTeX Warning: Float too large for page by 7.57907pt on input line 438.


Overfull \hbox (5.7438pt too wide) in paragraph at lines 446--463
[][] 
 []

[22] [23 <./fit2.pdf>]
LaTeX Font Info:    Try loading font information for OMS+lmr on input line 482.


(/home/danielle/.TinyTeX/texmf-dist/tex/latex/lm/omslmr.fd
File: omslmr.fd 2009/10/30 v1.6 Font defs for Latin Modern
)
LaTeX Font Info:    Font shape `OMS/lmr/m/n' in size <10> not available
(Font)              Font shape `OMS/lmsy/m/n' tried instead on input line 482.
LaTeX Font Info:    External font `lmex10' loaded for size
(Font)              <10> on input line 482.
LaTeX Font Info:    External font `lmex10' loaded for size
(Font)              <7> on input line 482.
<./mod1exp1.pdf, id=230, 216.81pt x 180.675pt>
File: ./mod1exp1.pdf Graphic file (type pdf)
<use ./mod1exp1.pdf>
Package pdftex.def Info: ./mod1exp1.pdf  used on input line 499.
(pdftex.def)             Requested size: 71.13188pt x 59.27556pt.
<./mod1exp2.pdf, id=231, 216.81pt x 180.675pt>
File: ./mod1exp2.pdf Graphic file (type pdf)
<use ./mod1exp2.pdf>
Package pdftex.def Info: ./mod1exp2.pdf  used on input line 500.
(pdftex.def)             Requested size: 71.13188pt x 59.27556pt.
<./mod2exp1.pdf, id=232, 216.81pt x 180.675pt>
File: ./mod2exp1.pdf Graphic file (type pdf)
<use ./mod2exp1.pdf>
Package pdftex.def Info: ./mod2exp1.pdf  used on input line 501.
(pdftex.def)             Requested size: 71.13188pt x 59.27556pt.
<./mod2exp2.pdf, id=233, 216.81pt x 180.675pt>
File: ./mod2exp2.pdf Graphic file (type pdf)
<use ./mod2exp2.pdf>
Package pdftex.def Info: ./mod2exp2.pdf  used on input line 502.
(pdftex.def)             Requested size: 71.13188pt x 59.27556pt.
<./mod3exp1.pdf, id=234, 216.81pt x 180.675pt>
File: ./mod3exp1.pdf Graphic file (type pdf)
<use ./mod3exp1.pdf>
Package pdftex.def Info: ./mod3exp1.pdf  used on input line 504.
(pdftex.def)             Requested size: 71.13188pt x 59.27556pt.
<./mod3exp2.pdf, id=235, 216.81pt x 180.675pt>
File: ./mod3exp2.pdf Graphic file (type pdf)
<use ./mod3exp2.pdf>
Package pdftex.def Info: ./mod3exp2.pdf  used on input line 505.
(pdftex.def)             Requested size: 71.13188pt x 59.27556pt.
<./mod4exp1.pdf, id=236, 216.81pt x 180.675pt>
File: ./mod4exp1.pdf Graphic file (type pdf)
<use ./mod4exp1.pdf>
Package pdftex.def Info: ./mod4exp1.pdf  used on input line 506.
(pdftex.def)             Requested size: 71.13188pt x 59.27556pt.
<./mod4exp2.pdf, id=237, 216.81pt x 180.675pt>
File: ./mod4exp2.pdf Graphic file (type pdf)
<use ./mod4exp2.pdf>
Package pdftex.def Info: ./mod4exp2.pdf  used on input line 507.
(pdftex.def)             Requested size: 71.13188pt x 59.27556pt.
<./mod5exp1.pdf, id=238, 216.81pt x 180.675pt>
File: ./mod5exp1.pdf Graphic file (type pdf)
<use ./mod5exp1.pdf>
Package pdftex.def Info: ./mod5exp1.pdf  used on input line 509.
(pdftex.def)             Requested size: 71.13188pt x 59.27556pt.
<./mod5exp2.pdf, id=239, 216.81pt x 180.675pt>
File: ./mod5exp2.pdf Graphic file (type pdf)
<use ./mod5exp2.pdf>
Package pdftex.def Info: ./mod5exp2.pdf  used on input line 510.
(pdftex.def)             Requested size: 71.13188pt x 59.27556pt.
<./mod7exp1.pdf, id=240, 216.81pt x 180.675pt>
File: ./mod7exp1.pdf Graphic file (type pdf)
<use ./mod7exp1.pdf>
Package pdftex.def Info: ./mod7exp1.pdf  used on input line 511.
(pdftex.def)             Requested size: 71.13188pt x 59.27556pt.
<./mod7exp2.pdf, id=241, 216.81pt x 180.675pt>
File: ./mod7exp2.pdf Graphic file (type pdf)
<use ./mod7exp2.pdf>
Package pdftex.def Info: ./mod7exp2.pdf  used on input line 512.
(pdftex.def)             Requested size: 71.13188pt x 59.27556pt.
<./mod8exp1.pdf, id=242, 216.81pt x 180.675pt>
File: ./mod8exp1.pdf Graphic file (type pdf)
<use ./mod8exp1.pdf>
Package pdftex.def Info: ./mod8exp1.pdf  used on input line 514.
(pdftex.def)             Requested size: 71.13188pt x 59.27556pt.
<./mod8exp2.pdf, id=243, 216.81pt x 180.675pt>
File: ./mod8exp2.pdf Graphic file (type pdf)
<use ./mod8exp2.pdf>
Package pdftex.def Info: ./mod8exp2.pdf  used on input line 515.
(pdftex.def)             Requested size: 71.13188pt x 59.27556pt.
<./mod9exp1.pdf, id=244, 216.81pt x 180.675pt>
File: ./mod9exp1.pdf Graphic file (type pdf)
<use ./mod9exp1.pdf>
Package pdftex.def Info: ./mod9exp1.pdf  used on input line 516.
(pdftex.def)             Requested size: 71.13188pt x 59.27556pt.
<./mod9exp2.pdf, id=245, 216.81pt x 180.675pt>
File: ./mod9exp2.pdf Graphic file (type pdf)
<use ./mod9exp2.pdf>
Package pdftex.def Info: ./mod9exp2.pdf  used on input line 517.
(pdftex.def)             Requested size: 71.13188pt x 59.27556pt.
<./mod10exp1.pdf, id=246, 216.81pt x 180.675pt>
File: ./mod10exp1.pdf Graphic file (type pdf)
<use ./mod10exp1.pdf>
Package pdftex.def Info: ./mod10exp1.pdf  used on input line 519.
(pdftex.def)             Requested size: 71.13188pt x 59.27556pt.
<./mod10exp2.pdf, id=247, 216.81pt x 180.675pt>
File: ./mod10exp2.pdf Graphic file (type pdf)
<use ./mod10exp2.pdf>
Package pdftex.def Info: ./mod10exp2.pdf  used on input line 520.
(pdftex.def)             Requested size: 71.13188pt x 59.27556pt.
<./mod11exp1.pdf, id=248, 216.81pt x 180.675pt>
File: ./mod11exp1.pdf Graphic file (type pdf)
<use ./mod11exp1.pdf>
Package pdftex.def Info: ./mod11exp1.pdf  used on input line 521.
(pdftex.def)             Requested size: 71.13188pt x 59.27556pt.
<./mod11exp2.pdf, id=249, 216.81pt x 180.675pt>
File: ./mod11exp2.pdf Graphic file (type pdf)
<use ./mod11exp2.pdf>
Package pdftex.def Info: ./mod11exp2.pdf  used on input line 522.
(pdftex.def)             Requested size: 71.13188pt x 59.27556pt.
<./mod12exp1.pdf, id=250, 216.81pt x 180.675pt>
File: ./mod12exp1.pdf Graphic file (type pdf)
<use ./mod12exp1.pdf>
Package pdftex.def Info: ./mod12exp1.pdf  used on input line 524.
(pdftex.def)             Requested size: 71.13188pt x 59.27556pt.
<./mod12exp2.pdf, id=251, 216.81pt x 180.675pt>
File: ./mod12exp2.pdf Graphic file (type pdf)
<use ./mod12exp2.pdf>
Package pdftex.def Info: ./mod12exp2.pdf  used on input line 525.
(pdftex.def)             Requested size: 71.13188pt x 59.27556pt.
<./mod15exp1.pdf, id=252, 216.81pt x 180.675pt>
File: ./mod15exp1.pdf Graphic file (type pdf)
<use ./mod15exp1.pdf>
Package pdftex.def Info: ./mod15exp1.pdf  used on input line 526.
(pdftex.def)             Requested size: 71.13188pt x 59.27556pt.
<./mod15exp2.pdf, id=253, 216.81pt x 180.675pt>
File: ./mod15exp2.pdf Graphic file (type pdf)
<use ./mod15exp2.pdf>
Package pdftex.def Info: ./mod15exp2.pdf  used on input line 527.
(pdftex.def)             Requested size: 71.13188pt x 59.27556pt.
 [24] [25] [26 <./mod1exp1.pdf> <./mod1exp2.pdf> <./mod2exp1.pdf> <./mod2exp2.p
df> <./mod3exp1.pdf> <./mod3exp2.pdf> <./mod4exp1.pdf> <./mod4exp2.pdf> <./mod5
exp1.pdf> <./mod5exp2.pdf> <./mod7exp1.pdf> <./mod7exp2.pdf> <./mod8exp1.pdf> <
./mod8exp2.pdf> <./mod9exp1.pdf> <./mod9exp2.pdf> <./mod10exp1.pdf> <./mod10exp
2.pdf> <./mod11exp1.pdf> <./mod11exp2.pdf> <./mod12exp1.pdf> <./mod12exp2.pdf> 
<./mod15exp1.pdf> <./mod15exp2.pdf>] [27]
Underfull \vbox (badness 1253) has occurred while \output is active []

 [28]
[29]
<./set1stim55.png, id=371, 301.125pt x 301.125pt>
File: ./set1stim55.png Graphic file (type png)
<use ./set1stim55.png>
Package pdftex.def Info: ./set1stim55.png  used on input line 630.
(pdftex.def)             Requested size: 30.11426pt x 30.11426pt.
<./set2stim55.png, id=373, 301.125pt x 301.125pt>
File: ./set2stim55.png Graphic file (type png)
<use ./set2stim55.png>
Package pdftex.def Info: ./set2stim55.png  used on input line 631.
(pdftex.def)             Requested size: 30.11426pt x 30.11426pt.
<./set3stim55.png, id=374, 301.125pt x 301.125pt>
File: ./set3stim55.png Graphic file (type png)
<use ./set3stim55.png>
Package pdftex.def Info: ./set3stim55.png  used on input line 632.
(pdftex.def)             Requested size: 30.11426pt x 30.11426pt.
<./set4stim55.png, id=375, 301.125pt x 301.125pt>
File: ./set4stim55.png Graphic file (type png)
<use ./set4stim55.png>
Package pdftex.def Info: ./set4stim55.png  used on input line 633.
(pdftex.def)             Requested size: 30.11426pt x 30.11426pt.
<./set5stim55.png, id=376, 301.125pt x 301.125pt>
File: ./set5stim55.png Graphic file (type png)
<use ./set5stim55.png>
Package pdftex.def Info: ./set5stim55.png  used on input line 634.
(pdftex.def)             Requested size: 30.11426pt x 30.11426pt.
<./set6stim55.png, id=377, 301.125pt x 301.125pt>
File: ./set6stim55.png Graphic file (type png)
<use ./set6stim55.png>
Package pdftex.def Info: ./set6stim55.png  used on input line 635.
(pdftex.def)             Requested size: 30.11426pt x 30.11426pt.
<./set1stim75.png, id=378, 301.125pt x 301.125pt>
File: ./set1stim75.png Graphic file (type png)
<use ./set1stim75.png>
Package pdftex.def Info: ./set1stim75.png  used on input line 637.
(pdftex.def)             Requested size: 30.11426pt x 30.11426pt.
<./set2stim75.png, id=379, 301.125pt x 301.125pt>
File: ./set2stim75.png Graphic file (type png)
<use ./set2stim75.png>
Package pdftex.def Info: ./set2stim75.png  used on input line 638.
(pdftex.def)             Requested size: 30.11426pt x 30.11426pt.
<./set3stim75.png, id=380, 301.125pt x 301.125pt>
File: ./set3stim75.png Graphic file (type png)
<use ./set3stim75.png>
Package pdftex.def Info: ./set3stim75.png  used on input line 639.
(pdftex.def)             Requested size: 30.11426pt x 30.11426pt.
<./set4stim75.png, id=381, 301.125pt x 301.125pt>
File: ./set4stim75.png Graphic file (type png)
<use ./set4stim75.png>
Package pdftex.def Info: ./set4stim75.png  used on input line 640.
(pdftex.def)             Requested size: 30.11426pt x 30.11426pt.
<./set5stim75.png, id=382, 301.125pt x 301.125pt>
File: ./set5stim75.png Graphic file (type png)
<use ./set5stim75.png>
Package pdftex.def Info: ./set5stim75.png  used on input line 641.
(pdftex.def)             Requested size: 30.11426pt x 30.11426pt.
<./set6stim75.png, id=383, 301.125pt x 301.125pt>
File: ./set6stim75.png Graphic file (type png)
<use ./set6stim75.png>
Package pdftex.def Info: ./set6stim75.png  used on input line 642.
(pdftex.def)             Requested size: 30.11426pt x 30.11426pt.
<./set7stim55.png, id=384, 301.125pt x 301.125pt>
File: ./set7stim55.png Graphic file (type png)
<use ./set7stim55.png>
Package pdftex.def Info: ./set7stim55.png  used on input line 648.
(pdftex.def)             Requested size: 30.11426pt x 30.11426pt.
<./set8stim55.png, id=385, 301.125pt x 301.125pt>
File: ./set8stim55.png Graphic file (type png)
<use ./set8stim55.png>
Package pdftex.def Info: ./set8stim55.png  used on input line 649.
(pdftex.def)             Requested size: 30.11426pt x 30.11426pt.
<./set9stim55.png, id=386, 301.125pt x 301.125pt>
File: ./set9stim55.png Graphic file (type png)
<use ./set9stim55.png>
Package pdftex.def Info: ./set9stim55.png  used on input line 650.
(pdftex.def)             Requested size: 30.11426pt x 30.11426pt.
<./set10stim55.png, id=387, 301.125pt x 301.125pt>
File: ./set10stim55.png Graphic file (type png)
<use ./set10stim55.png>
Package pdftex.def Info: ./set10stim55.png  used on input line 651.
(pdftex.def)             Requested size: 30.11426pt x 30.11426pt.
<./set11stim55.png, id=388, 301.125pt x 301.125pt>
File: ./set11stim55.png Graphic file (type png)
<use ./set11stim55.png>
Package pdftex.def Info: ./set11stim55.png  used on input line 652.
(pdftex.def)             Requested size: 30.11426pt x 30.11426pt.
<./set12stim55.png, id=389, 301.125pt x 301.125pt>
File: ./set12stim55.png Graphic file (type png)
<use ./set12stim55.png>
Package pdftex.def Info: ./set12stim55.png  used on input line 653.
(pdftex.def)             Requested size: 30.11426pt x 30.11426pt.
<./set7stim75.png, id=390, 301.125pt x 301.125pt>
File: ./set7stim75.png Graphic file (type png)
<use ./set7stim75.png>
Package pdftex.def Info: ./set7stim75.png  used on input line 655.
(pdftex.def)             Requested size: 30.11426pt x 30.11426pt.
<./set8stim75.png, id=391, 301.125pt x 301.125pt>
File: ./set8stim75.png Graphic file (type png)
<use ./set8stim75.png>
Package pdftex.def Info: ./set8stim75.png  used on input line 656.
(pdftex.def)             Requested size: 30.11426pt x 30.11426pt.
<./set9stim75.png, id=392, 301.125pt x 301.125pt>
File: ./set9stim75.png Graphic file (type png)
<use ./set9stim75.png>
Package pdftex.def Info: ./set9stim75.png  used on input line 657.
(pdftex.def)             Requested size: 30.11426pt x 30.11426pt.
<./set10stim75.png, id=393, 301.125pt x 301.125pt>
File: ./set10stim75.png Graphic file (type png)
<use ./set10stim75.png>
Package pdftex.def Info: ./set10stim75.png  used on input line 658.
(pdftex.def)             Requested size: 30.11426pt x 30.11426pt.
<./set11stim75.png, id=394, 301.125pt x 301.125pt>
File: ./set11stim75.png Graphic file (type png)
<use ./set11stim75.png>
Package pdftex.def Info: ./set11stim75.png  used on input line 659.
(pdftex.def)             Requested size: 30.11426pt x 30.11426pt.
<./set12stim75.png, id=395, 301.125pt x 301.125pt>
File: ./set12stim75.png Graphic file (type png)
<use ./set12stim75.png>
Package pdftex.def Info: ./set12stim75.png  used on input line 660.
(pdftex.def)             Requested size: 30.11426pt x 30.11426pt.
<design3.pdf, id=396, 560.0925pt x 403.5075pt>
File: design3.pdf Graphic file (type pdf)
<use design3.pdf>
Package pdftex.def Info: design3.pdf  used on input line 669.
(pdftex.def)             Requested size: 308.05182pt x 221.92981pt.
 [30] [31 <./set1stim55.png> <./set2stim55.png> <./set3stim55.png> <./set4stim5
5.png> <./set5stim55.png> <./set6stim55.png> <./set1stim75.png> <./set2stim75.p
ng> <./set3stim75.png> <./set4stim75.png> <./set5stim75.png> <./set6stim75.png>
 <./set7stim55.png> <./set8stim55.png> <./set9stim55.png> <./set10stim55.png> <
./set11stim55.png> <./set12stim55.png> <./set7stim75.png> <./set8stim75.png> <.
/set9stim75.png> <./set10stim75.png> <./set11stim75.png> <./set12stim75.png> <.
/design3.pdf>]
<display3.png, id=433, 732.7375pt x 359.3425pt>
File: display3.png Graphic file (type png)
<use display3.png>
Package pdftex.def Info: display3.png  used on input line 689.
(pdftex.def)             Requested size: 183.18393pt x 89.8354pt.
<data3.pdf, id=434, 722.7pt x 433.62pt>
File: data3.pdf Graphic file (type pdf)
<use data3.pdf>
Package pdftex.def Info: data3.pdf  used on input line 697.
(pdftex.def)             Requested size: 361.3491pt x 216.80946pt.
 [32] [33 <./display3.png> <./data3.pdf>] [34]
<similarities.pdf, id=450, 722.7pt x 433.62pt>
File: similarities.pdf Graphic file (type pdf)
<use similarities.pdf>
Package pdftex.def Info: similarities.pdf  used on input line 722.
(pdftex.def)             Requested size: 361.3491pt x 216.80946pt.
 [35 <./similarities.pdf>]
LaTeX Font Info:    Font shape `OMS/lmr/m/n' in size <10.95> not available
(Font)              Font shape `OMS/lmsy/m/n' tried instead on input line 737.
 [36]
<fit3_flat.pdf, id=464, 433.62pt x 650.43pt>
File: fit3_flat.pdf Graphic file (type pdf)
<use fit3_flat.pdf>
Package pdftex.def Info: fit3_flat.pdf  used on input line 781.
(pdftex.def)             Requested size: 216.80946pt x 325.2142pt.
<fit3_hierarchical.pdf, id=465, 433.62pt x 650.43pt>
File: fit3_hierarchical.pdf Graphic file (type pdf)
<use fit3_hierarchical.pdf>
Package pdftex.def Info: fit3_hierarchical.pdf  used on input line 782.
(pdftex.def)             Requested size: 216.80946pt x 325.2142pt.

Overfull \hbox (23.99893pt too wide) in paragraph at lines 780--784
 [] 
 []

[37]
Underfull \vbox (badness 10000) has occurred while \output is active []

 [38 <./fit3_flat.pdf> <./fit3_hierarchical.pdf>]
<fit3_other.pdf, id=485, 433.62pt x 289.08pt>
File: fit3_other.pdf Graphic file (type pdf)
<use fit3_other.pdf>
Package pdftex.def Info: fit3_other.pdf  used on input line 808.
(pdftex.def)             Requested size: 260.17401pt x 173.44933pt.
 [39] [40 <./fit3_other.pdf>]
<./set13stim55.png, id=498, 301.125pt x 301.125pt>
File: ./set13stim55.png Graphic file (type png)
<use ./set13stim55.png>
Package pdftex.def Info: ./set13stim55.png  used on input line 837.
(pdftex.def)             Requested size: 30.11426pt x 30.11426pt.
<./set14stim55.png, id=499, 301.125pt x 301.125pt>
File: ./set14stim55.png Graphic file (type png)
<use ./set14stim55.png>
Package pdftex.def Info: ./set14stim55.png  used on input line 838.
(pdftex.def)             Requested size: 30.11426pt x 30.11426pt.
<./set15stim55.png, id=500, 301.125pt x 301.125pt>
File: ./set15stim55.png Graphic file (type png)
<use ./set15stim55.png>
Package pdftex.def Info: ./set15stim55.png  used on input line 839.
(pdftex.def)             Requested size: 30.11426pt x 30.11426pt.
<./set16stim55.png, id=501, 301.125pt x 301.125pt>
File: ./set16stim55.png Graphic file (type png)
<use ./set16stim55.png>
Package pdftex.def Info: ./set16stim55.png  used on input line 840.
(pdftex.def)             Requested size: 30.11426pt x 30.11426pt.
<./set17stim55.png, id=502, 301.125pt x 301.125pt>
File: ./set17stim55.png Graphic file (type png)
<use ./set17stim55.png>
Package pdftex.def Info: ./set17stim55.png  used on input line 841.
(pdftex.def)             Requested size: 30.11426pt x 30.11426pt.
<./set18stim55.png, id=503, 301.125pt x 301.125pt>
File: ./set18stim55.png Graphic file (type png)
<use ./set18stim55.png>
Package pdftex.def Info: ./set18stim55.png  used on input line 842.
(pdftex.def)             Requested size: 30.11426pt x 30.11426pt.
<./set19stim55.png, id=504, 301.125pt x 301.125pt>
File: ./set19stim55.png Graphic file (type png)
<use ./set19stim55.png>
Package pdftex.def Info: ./set19stim55.png  used on input line 843.
(pdftex.def)             Requested size: 30.11426pt x 30.11426pt.
<./set20stim55.png, id=505, 301.125pt x 301.125pt>
File: ./set20stim55.png Graphic file (type png)
<use ./set20stim55.png>
Package pdftex.def Info: ./set20stim55.png  used on input line 844.
(pdftex.def)             Requested size: 30.11426pt x 30.11426pt.
<./set13stim75.png, id=506, 301.125pt x 301.125pt>
File: ./set13stim75.png Graphic file (type png)
<use ./set13stim75.png>
Package pdftex.def Info: ./set13stim75.png  used on input line 846.
(pdftex.def)             Requested size: 30.11426pt x 30.11426pt.
<./set14stim75.png, id=507, 301.125pt x 301.125pt>
File: ./set14stim75.png Graphic file (type png)
<use ./set14stim75.png>
Package pdftex.def Info: ./set14stim75.png  used on input line 847.
(pdftex.def)             Requested size: 30.11426pt x 30.11426pt.
<./set15stim75.png, id=508, 301.125pt x 301.125pt>
File: ./set15stim75.png Graphic file (type png)
<use ./set15stim75.png>
Package pdftex.def Info: ./set15stim75.png  used on input line 848.
(pdftex.def)             Requested size: 30.11426pt x 30.11426pt.
<./set16stim75.png, id=509, 301.125pt x 301.125pt>
File: ./set16stim75.png Graphic file (type png)
<use ./set16stim75.png>
Package pdftex.def Info: ./set16stim75.png  used on input line 849.
(pdftex.def)             Requested size: 30.11426pt x 30.11426pt.
<./set17stim75.png, id=510, 301.125pt x 301.125pt>
File: ./set17stim75.png Graphic file (type png)
<use ./set17stim75.png>
Package pdftex.def Info: ./set17stim75.png  used on input line 850.
(pdftex.def)             Requested size: 30.11426pt x 30.11426pt.
<./set18stim75.png, id=511, 301.125pt x 301.125pt>
File: ./set18stim75.png Graphic file (type png)
<use ./set18stim75.png>
Package pdftex.def Info: ./set18stim75.png  used on input line 851.
(pdftex.def)             Requested size: 30.11426pt x 30.11426pt.
<./set19stim75.png, id=512, 301.125pt x 301.125pt>
File: ./set19stim75.png Graphic file (type png)
<use ./set19stim75.png>
Package pdftex.def Info: ./set19stim75.png  used on input line 852.
(pdftex.def)             Requested size: 30.11426pt x 30.11426pt.
<./set20stim75.png, id=513, 301.125pt x 301.125pt>
File: ./set20stim75.png Graphic file (type png)
<use ./set20stim75.png>
Package pdftex.def Info: ./set20stim75.png  used on input line 853.
(pdftex.def)             Requested size: 30.11426pt x 30.11426pt.
<./set21stim55.png, id=514, 301.125pt x 301.125pt>
File: ./set21stim55.png Graphic file (type png)
<use ./set21stim55.png>
Package pdftex.def Info: ./set21stim55.png  used on input line 859.
(pdftex.def)             Requested size: 30.11426pt x 30.11426pt.
<./set22stim55.png, id=515, 301.125pt x 301.125pt>
File: ./set22stim55.png Graphic file (type png)
<use ./set22stim55.png>
Package pdftex.def Info: ./set22stim55.png  used on input line 860.
(pdftex.def)             Requested size: 30.11426pt x 30.11426pt.
<./set23stim55.png, id=516, 301.125pt x 301.125pt>
File: ./set23stim55.png Graphic file (type png)
<use ./set23stim55.png>
Package pdftex.def Info: ./set23stim55.png  used on input line 861.
(pdftex.def)             Requested size: 30.11426pt x 30.11426pt.
<./set24stim55.png, id=517, 301.125pt x 301.125pt>
File: ./set24stim55.png Graphic file (type png)
<use ./set24stim55.png>
Package pdftex.def Info: ./set24stim55.png  used on input line 862.
(pdftex.def)             Requested size: 30.11426pt x 30.11426pt.
<./set25stim55.png, id=518, 301.125pt x 301.125pt>
File: ./set25stim55.png Graphic file (type png)
<use ./set25stim55.png>
Package pdftex.def Info: ./set25stim55.png  used on input line 863.
(pdftex.def)             Requested size: 30.11426pt x 30.11426pt.
<./set26stim55.png, id=519, 301.125pt x 301.125pt>
File: ./set26stim55.png Graphic file (type png)
<use ./set26stim55.png>
Package pdftex.def Info: ./set26stim55.png  used on input line 864.
(pdftex.def)             Requested size: 30.11426pt x 30.11426pt.
<./set27stim55.png, id=520, 301.125pt x 301.125pt>
File: ./set27stim55.png Graphic file (type png)
<use ./set27stim55.png>
Package pdftex.def Info: ./set27stim55.png  used on input line 865.
(pdftex.def)             Requested size: 30.11426pt x 30.11426pt.
<./set28stim55.png, id=521, 301.125pt x 301.125pt>
File: ./set28stim55.png Graphic file (type png)
<use ./set28stim55.png>
Package pdftex.def Info: ./set28stim55.png  used on input line 866.
(pdftex.def)             Requested size: 30.11426pt x 30.11426pt.
<./set21stim75.png, id=522, 301.125pt x 301.125pt>
File: ./set21stim75.png Graphic file (type png)
<use ./set21stim75.png>
Package pdftex.def Info: ./set21stim75.png  used on input line 868.
(pdftex.def)             Requested size: 30.11426pt x 30.11426pt.
<./set22stim75.png, id=523, 301.125pt x 301.125pt>
File: ./set22stim75.png Graphic file (type png)
<use ./set22stim75.png>
Package pdftex.def Info: ./set22stim75.png  used on input line 869.
(pdftex.def)             Requested size: 30.11426pt x 30.11426pt.
<./set23stim75.png, id=524, 301.125pt x 301.125pt>
File: ./set23stim75.png Graphic file (type png)
<use ./set23stim75.png>
Package pdftex.def Info: ./set23stim75.png  used on input line 870.
(pdftex.def)             Requested size: 30.11426pt x 30.11426pt.
<./set24stim75.png, id=525, 301.125pt x 301.125pt>
File: ./set24stim75.png Graphic file (type png)
<use ./set24stim75.png>
Package pdftex.def Info: ./set24stim75.png  used on input line 871.
(pdftex.def)             Requested size: 30.11426pt x 30.11426pt.
<./set25stim75.png, id=526, 301.125pt x 301.125pt>
File: ./set25stim75.png Graphic file (type png)
<use ./set25stim75.png>
Package pdftex.def Info: ./set25stim75.png  used on input line 872.
(pdftex.def)             Requested size: 30.11426pt x 30.11426pt.
<./set26stim75.png, id=527, 301.125pt x 301.125pt>
File: ./set26stim75.png Graphic file (type png)
<use ./set26stim75.png>
Package pdftex.def Info: ./set26stim75.png  used on input line 873.
(pdftex.def)             Requested size: 30.11426pt x 30.11426pt.
<./set27stim75.png, id=528, 301.125pt x 301.125pt>
File: ./set27stim75.png Graphic file (type png)
<use ./set27stim75.png>
Package pdftex.def Info: ./set27stim75.png  used on input line 874.
(pdftex.def)             Requested size: 30.11426pt x 30.11426pt.
<./set28stim75.png, id=529, 301.125pt x 301.125pt>
File: ./set28stim75.png Graphic file (type png)
<use ./set28stim75.png>
Package pdftex.def Info: ./set28stim75.png  used on input line 875.
(pdftex.def)             Requested size: 30.11426pt x 30.11426pt.
<./set29stim55.png, id=530, 301.125pt x 301.125pt>
File: ./set29stim55.png Graphic file (type png)
<use ./set29stim55.png>
Package pdftex.def Info: ./set29stim55.png  used on input line 881.
(pdftex.def)             Requested size: 30.11426pt x 30.11426pt.
<./set30stim55.png, id=531, 301.125pt x 301.125pt>
File: ./set30stim55.png Graphic file (type png)
<use ./set30stim55.png>
Package pdftex.def Info: ./set30stim55.png  used on input line 882.
(pdftex.def)             Requested size: 30.11426pt x 30.11426pt.
<./set31stim55.png, id=532, 301.125pt x 301.125pt>
File: ./set31stim55.png Graphic file (type png)
<use ./set31stim55.png>
Package pdftex.def Info: ./set31stim55.png  used on input line 883.
(pdftex.def)             Requested size: 30.11426pt x 30.11426pt.
<./set32stim55.png, id=533, 301.125pt x 301.125pt>
File: ./set32stim55.png Graphic file (type png)
<use ./set32stim55.png>
Package pdftex.def Info: ./set32stim55.png  used on input line 884.
(pdftex.def)             Requested size: 30.11426pt x 30.11426pt.
<./set33stim55.png, id=534, 301.125pt x 301.125pt>
File: ./set33stim55.png Graphic file (type png)
<use ./set33stim55.png>
Package pdftex.def Info: ./set33stim55.png  used on input line 885.
(pdftex.def)             Requested size: 30.11426pt x 30.11426pt.
<./set34stim55.png, id=535, 301.125pt x 301.125pt>
File: ./set34stim55.png Graphic file (type png)
<use ./set34stim55.png>
Package pdftex.def Info: ./set34stim55.png  used on input line 886.
(pdftex.def)             Requested size: 30.11426pt x 30.11426pt.
<./set35stim55.png, id=536, 301.125pt x 301.125pt>
File: ./set35stim55.png Graphic file (type png)
<use ./set35stim55.png>
Package pdftex.def Info: ./set35stim55.png  used on input line 887.
(pdftex.def)             Requested size: 30.11426pt x 30.11426pt.
<./set36stim55.png, id=537, 301.125pt x 301.125pt>
File: ./set36stim55.png Graphic file (type png)
<use ./set36stim55.png>
Package pdftex.def Info: ./set36stim55.png  used on input line 888.
(pdftex.def)             Requested size: 30.11426pt x 30.11426pt.
<./set29stim75.png, id=538, 301.125pt x 301.125pt>
File: ./set29stim75.png Graphic file (type png)
<use ./set29stim75.png>
Package pdftex.def Info: ./set29stim75.png  used on input line 890.
(pdftex.def)             Requested size: 30.11426pt x 30.11426pt.
<./set30stim75.png, id=539, 301.125pt x 301.125pt>
File: ./set30stim75.png Graphic file (type png)
<use ./set30stim75.png>
Package pdftex.def Info: ./set30stim75.png  used on input line 891.
(pdftex.def)             Requested size: 30.11426pt x 30.11426pt.
<./set31stim75.png, id=540, 301.125pt x 301.125pt>
File: ./set31stim75.png Graphic file (type png)
<use ./set31stim75.png>
Package pdftex.def Info: ./set31stim75.png  used on input line 892.
(pdftex.def)             Requested size: 30.11426pt x 30.11426pt.
<./set32stim75.png, id=541, 301.125pt x 301.125pt>
File: ./set32stim75.png Graphic file (type png)
<use ./set32stim75.png>
Package pdftex.def Info: ./set32stim75.png  used on input line 893.
(pdftex.def)             Requested size: 30.11426pt x 30.11426pt.
<./set33stim75.png, id=542, 301.125pt x 301.125pt>
File: ./set33stim75.png Graphic file (type png)
<use ./set33stim75.png>
Package pdftex.def Info: ./set33stim75.png  used on input line 894.
(pdftex.def)             Requested size: 30.11426pt x 30.11426pt.
<./set34stim75.png, id=543, 301.125pt x 301.125pt>
File: ./set34stim75.png Graphic file (type png)
<use ./set34stim75.png>
Package pdftex.def Info: ./set34stim75.png  used on input line 895.
(pdftex.def)             Requested size: 30.11426pt x 30.11426pt.
<./set35stim75.png, id=544, 301.125pt x 301.125pt>
File: ./set35stim75.png Graphic file (type png)
<use ./set35stim75.png>
Package pdftex.def Info: ./set35stim75.png  used on input line 896.
(pdftex.def)             Requested size: 30.11426pt x 30.11426pt.
<./set36stim75.png, id=545, 301.125pt x 301.125pt>
File: ./set36stim75.png Graphic file (type png)
<use ./set36stim75.png>
Package pdftex.def Info: ./set36stim75.png  used on input line 897.
(pdftex.def)             Requested size: 30.11426pt x 30.11426pt.
 [41 <./set13stim55.png> <./set14stim55.png> <./set15stim55.png> <./set16stim55
.png> <./set17stim55.png> <./set18stim55.png> <./set19stim55.png> <./set20stim5
5.png> <./set13stim75.png> <./set14stim75.png> <./set15stim75.png> <./set16stim
75.png> <./set17stim75.png> <./set18stim75.png> <./set19stim75.png> <./set20sti
m75.png> <./set21stim55.png> <./set22stim55.png> <./set23stim55.png> <./set24st
im55.png> <./set25stim55.png> <./set26stim55.png> <./set27stim55.png> <./set28s
tim55.png> <./set21stim75.png> <./set22stim75.png> <./set23stim75.png> <./set24
stim75.png> <./set25stim75.png> <./set26stim75.png> <./set27stim75.png> <./set2
8stim75.png> <./set29stim55.png> <./set30stim55.png> <./set31stim55.png> <./set
32stim55.png> <./set33stim55.png> <./set34stim55.png> <./set35stim55.png> <./se
t36stim55.png> <./set29stim75.png> <./set30stim75.png> <./set31stim75.png> <./s
et32stim75.png> <./set33stim75.png> <./set34stim75.png> <./set35stim75.png> <./
set36stim75.png>]
<censored.png, id=597, 787.94376pt x 432.61626pt>
File: censored.png Graphic file (type png)
<use censored.png>
Package pdftex.def Info: censored.png  used on input line 917.
(pdftex.def)             Requested size: 236.38495pt x 129.78587pt.
 [42]
<exp4familiar.pdf, id=601, 433.62pt x 433.62pt>
File: exp4familiar.pdf Graphic file (type pdf)
<use exp4familiar.pdf>
Package pdftex.def Info: exp4familiar.pdf  used on input line 931.
(pdftex.def)             Requested size: 238.49173pt x 238.49173pt.
<exp4novel.pdf, id=602, 505.89pt x 505.89pt>
File: exp4novel.pdf Graphic file (type pdf)
<use exp4novel.pdf>
Package pdftex.def Info: exp4novel.pdf  used on input line 940.
(pdftex.def)             Requested size: 278.24034pt x 278.24034pt.
 [43 <./censored.png>]
LaTeX Font Info:    Try loading font information for T1+lmss on input line 952.


(/home/danielle/.TinyTeX/texmf-dist/tex/latex/lm/t1lmss.fd
File: t1lmss.fd 2009/10/30 v1.6 Font defs for Latin Modern
)
<expt4fa.pdf, id=608, 433.62pt x 722.7pt>
File: expt4fa.pdf Graphic file (type pdf)
<use expt4fa.pdf>
Package pdftex.def Info: expt4fa.pdf  used on input line 953.
(pdftex.def)             Requested size: 216.80946pt x 361.3491pt.
<expt4na.pdf, id=609, 289.08pt x 722.7pt>
File: expt4na.pdf Graphic file (type pdf)
<use expt4na.pdf>
Package pdftex.def Info: expt4na.pdf  used on input line 954.
(pdftex.def)             Requested size: 144.53964pt x 361.3491pt.
 [44 <./exp4familiar.pdf>]
Underfull \vbox (badness 1527) has occurred while \output is active []

 [45 <./exp4novel.pdf>] [46 <./expt4fa.pdf> <./expt4na.pdf>]
<allexpts.pdf, id=646, 505.89pt x 903.375pt>
File: allexpts.pdf Graphic file (type pdf)
<use allexpts.pdf>
Package pdftex.def Info: allexpts.pdf  used on input line 980.
(pdftex.def)             Requested size: 278.24034pt x 496.85779pt.


LaTeX Warning: Float too large for page by 16.96283pt on input line 984.

[47] [48 <./allexpts.pdf>]
<particles.pdf, id=659, 1027.84pt x 770.88pt>
File: particles.pdf Graphic file (type pdf)
<use particles.pdf>
Package pdftex.def Info: particles.pdf  used on input line 1003.
(pdftex.def)             Requested size: 411.12872pt x 308.34654pt.
 [49] [50 <./particles.pdf>] [51] [52]
(./2017_noneoftheabove.bbl [53] [54] [55] [56]) [57] [58] [59]
(./2017_noneoftheabove.aux) ) 
Here is how much of TeX's memory you used:
 6832 strings out of 494553
 104582 string characters out of 6176984
 179372 words of memory out of 5000000
 10209 multiletter control sequences out of 15000+600000
 101685 words of font info for 89 fonts, out of 8000000 for 9000
 14 hyphenation exceptions out of 8191
 43i,15n,47p,2129b,440s stack positions out of 5000i,500n,10000p,200000b,80000s
{/home/danielle/.TinyTeX/texmf-dist/fonts/enc/dvip
s/lm/lm-ec.enc}{/home/danielle/.TinyTeX/texmf-dist/fonts/enc/dvips/lm/lm-mathit
.enc}{/home/danielle/.TinyTeX/texmf-dist/fonts/enc/dvips/lm/lm-mathsy.enc}{/hom
e/danielle/.TinyTeX/texmf-dist/fonts/enc/dvips/lm/lm-rm.enc}{/home/danielle/.Ti
nyTeX/texmf-dist/fonts/enc/dvips/lm/lm-mathex.enc}</home/danielle/.TinyTeX/texm
f-dist/fonts/type1/public/lm/lmbx10.pfb></home/danielle/.TinyTeX/texmf-dist/fon
ts/type1/public/lm/lmex10.pfb></home/danielle/.TinyTeX/texmf-dist/fonts/type1/p
ublic/lm/lmmi10.pfb></home/danielle/.TinyTeX/texmf-dist/fonts/type1/public/lm/l
mmi5.pfb></home/danielle/.TinyTeX/texmf-dist/fonts/type1/public/lm/lmmi6.pfb></
home/danielle/.TinyTeX/texmf-dist/fonts/type1/public/lm/lmmi8.pfb></home/daniel
le/.TinyTeX/texmf-dist/fonts/type1/public/lm/lmmi9.pfb></home/danielle/.TinyTeX
/texmf-dist/fonts/type1/public/lm/lmmib10.pfb></home/danielle/.TinyTeX/texmf-di
st/fonts/type1/public/lm/lmr10.pfb></home/danielle/.TinyTeX/texmf-dist/fonts/ty
pe1/public/lm/lmr17.pfb></home/danielle/.TinyTeX/texmf-dist/fonts/type1/public/
lm/lmr6.pfb></home/danielle/.TinyTeX/texmf-dist/fonts/type1/public/lm/lmr7.pfb>
</home/danielle/.TinyTeX/texmf-dist/fonts/type1/public/lm/lmr8.pfb></home/danie
lle/.TinyTeX/texmf-dist/fonts/type1/public/lm/lmr9.pfb></home/danielle/.TinyTeX
/texmf-dist/fonts/type1/public/lm/lmri10.pfb></home/danielle/.TinyTeX/texmf-dis
t/fonts/type1/public/lm/lmri9.pfb></home/danielle/.TinyTeX/texmf-dist/fonts/typ
e1/public/lm/lmss9.pfb></home/danielle/.TinyTeX/texmf-dist/fonts/type1/public/l
m/lmsy10.pfb></home/danielle/.TinyTeX/texmf-dist/fonts/type1/public/lm/lmsy6.pf
b></home/danielle/.TinyTeX/texmf-dist/fonts/type1/public/lm/lmsy8.pfb></home/da
nielle/.TinyTeX/texmf-dist/fonts/type1/public/lm/lmsy9.pfb></home/danielle/.Tin
yTeX/texmf-dist/fonts/type1/public/lm/lmtt10.pfb></home/danielle/.TinyTeX/texmf
-dist/fonts/type1/public/lm/lmtt9.pfb>
Output written on 2017_noneoftheabove.pdf (59 pages, 1212035 bytes).
PDF statistics:
 797 PDF objects out of 1000 (max. 8388607)
 451 compressed objects within 5 object streams
 0 named destinations out of 1000 (max. 500000)
 586 words of extra memory for PDF output out of 10000 (max. 10000000)

